Start testing: Mar 12 15:34 CST
----------------------------------------------------------
1/5 Testing: test_relative_position_filter
1/5 Test: test_relative_position_filter
Command: "/usr/bin/python3" "-u" "/opt/ros/humble/share/ament_cmake_test/cmake/run_test.py" "/home/th1rt3en/DOCO/ws/build_rework/relative_position_fusion/test_results/relative_position_fusion/test_relative_position_filter.gtest.xml" "--package-name" "relative_position_fusion" "--output-file" "/home/th1rt3en/DOCO/ws/build_rework/relative_position_fusion/ament_cmake_gtest/test_relative_position_filter.txt" "--command" "/home/th1rt3en/DOCO/ws/build_rework/relative_position_fusion/test_relative_position_filter" "--gtest_output=xml:/home/th1rt3en/DOCO/ws/build_rework/relative_position_fusion/test_results/relative_position_fusion/test_relative_position_filter.gtest.xml"
Directory: /home/th1rt3en/DOCO/ws/build_rework/relative_position_fusion
"test_relative_position_filter" start time: Mar 12 15:34 CST
Output:
----------------------------------------------------------
-- run_test.py: invoking following command in '/home/th1rt3en/DOCO/ws/build_rework/relative_position_fusion':
 - /home/th1rt3en/DOCO/ws/build_rework/relative_position_fusion/test_relative_position_filter --gtest_output=xml:/home/th1rt3en/DOCO/ws/build_rework/relative_position_fusion/test_results/relative_position_fusion/test_relative_position_filter.gtest.xml
Running main() from /opt/ros/humble/src/gtest_vendor/src/gtest_main.cc
[==========] Running 5 tests from 1 test suite.
[----------] Global test environment set-up.
[----------] 5 tests from RelativePositionFilterTest
[ RUN      ] RelativePositionFilterTest.PredictMatchesConstantVelocityModel
[       OK ] RelativePositionFilterTest.PredictMatchesConstantVelocityModel (0 ms)
[ RUN      ] RelativePositionFilterTest.CovarianceGrowsWithoutMeasurement
[       OK ] RelativePositionFilterTest.CovarianceGrowsWithoutMeasurement (0 ms)
[ RUN      ] RelativePositionFilterTest.GateRejectsLargeJump
[       OK ] RelativePositionFilterTest.GateRejectsLargeJump (0 ms)
[ RUN      ] RelativePositionFilterTest.UpdatePullsStateTowardMeasurement
[       OK ] RelativePositionFilterTest.UpdatePullsStateTowardMeasurement (0 ms)
[ RUN      ] RelativePositionFilterTest.RhoUsesSquareRootOfMaxEigenvalue
[       OK ] RelativePositionFilterTest.RhoUsesSquareRootOfMaxEigenvalue (0 ms)
[----------] 5 tests from RelativePositionFilterTest (0 ms total)

[----------] Global test environment tear-down
[==========] 5 tests from 1 test suite ran. (0 ms total)
[  PASSED  ] 5 tests.
-- run_test.py: return code 0
-- run_test.py: inject classname prefix into gtest result file '/home/th1rt3en/DOCO/ws/build_rework/relative_position_fusion/test_results/relative_position_fusion/test_relative_position_filter.gtest.xml'
-- run_test.py: verify result file '/home/th1rt3en/DOCO/ws/build_rework/relative_position_fusion/test_results/relative_position_fusion/test_relative_position_filter.gtest.xml'
<end of output>
Test time =   0.05 sec
----------------------------------------------------------
Test Passed.
"test_relative_position_filter" end time: Mar 12 15:34 CST
"test_relative_position_filter" time elapsed: 00:00:00
----------------------------------------------------------

2/5 Testing: test_relocalization_monitor
2/5 Test: test_relocalization_monitor
Command: "/usr/bin/python3" "-u" "/opt/ros/humble/share/ament_cmake_test/cmake/run_test.py" "/home/th1rt3en/DOCO/ws/build_rework/relative_position_fusion/test_results/relative_position_fusion/test_relocalization_monitor.gtest.xml" "--package-name" "relative_position_fusion" "--output-file" "/home/th1rt3en/DOCO/ws/build_rework/relative_position_fusion/ament_cmake_gtest/test_relocalization_monitor.txt" "--command" "/home/th1rt3en/DOCO/ws/build_rework/relative_position_fusion/test_relocalization_monitor" "--gtest_output=xml:/home/th1rt3en/DOCO/ws/build_rework/relative_position_fusion/test_results/relative_position_fusion/test_relocalization_monitor.gtest.xml"
Directory: /home/th1rt3en/DOCO/ws/build_rework/relative_position_fusion
"test_relocalization_monitor" start time: Mar 12 15:34 CST
Output:
----------------------------------------------------------
-- run_test.py: invoking following command in '/home/th1rt3en/DOCO/ws/build_rework/relative_position_fusion':
 - /home/th1rt3en/DOCO/ws/build_rework/relative_position_fusion/test_relocalization_monitor --gtest_output=xml:/home/th1rt3en/DOCO/ws/build_rework/relative_position_fusion/test_results/relative_position_fusion/test_relocalization_monitor.gtest.xml
Running main() from /opt/ros/humble/src/gtest_vendor/src/gtest_main.cc
[==========] Running 4 tests from 1 test suite.
[----------] Global test environment set-up.
[----------] 4 tests from RelocalizationMonitorTest
[ RUN      ] RelocalizationMonitorTest.RequestsWhileUninitialized
[       OK ] RelocalizationMonitorTest.RequestsWhileUninitialized (0 ms)
[ RUN      ] RelocalizationMonitorTest.UsesEnterHoldCycles
[       OK ] RelocalizationMonitorTest.UsesEnterHoldCycles (0 ms)
[ RUN      ] RelocalizationMonitorTest.UsesExitHoldCycles
[       OK ] RelocalizationMonitorTest.UsesExitHoldCycles (0 ms)
[ RUN      ] RelocalizationMonitorTest.GateRejectsCanForceRequest
[       OK ] RelocalizationMonitorTest.GateRejectsCanForceRequest (0 ms)
[----------] 4 tests from RelocalizationMonitorTest (0 ms total)

[----------] Global test environment tear-down
[==========] 4 tests from 1 test suite ran. (0 ms total)
[  PASSED  ] 4 tests.
-- run_test.py: return code 0
-- run_test.py: inject classname prefix into gtest result file '/home/th1rt3en/DOCO/ws/build_rework/relative_position_fusion/test_results/relative_position_fusion/test_relocalization_monitor.gtest.xml'
-- run_test.py: verify result file '/home/th1rt3en/DOCO/ws/build_rework/relative_position_fusion/test_results/relative_position_fusion/test_relocalization_monitor.gtest.xml'
<end of output>
Test time =   0.05 sec
----------------------------------------------------------
Test Passed.
"test_relocalization_monitor" end time: Mar 12 15:34 CST
"test_relocalization_monitor" time elapsed: 00:00:00
----------------------------------------------------------

3/5 Testing: test_time_alignment_buffer
3/5 Test: test_time_alignment_buffer
Command: "/usr/bin/python3" "-u" "/opt/ros/humble/share/ament_cmake_test/cmake/run_test.py" "/home/th1rt3en/DOCO/ws/build_rework/relative_position_fusion/test_results/relative_position_fusion/test_time_alignment_buffer.gtest.xml" "--package-name" "relative_position_fusion" "--output-file" "/home/th1rt3en/DOCO/ws/build_rework/relative_position_fusion/ament_cmake_gtest/test_time_alignment_buffer.txt" "--command" "/home/th1rt3en/DOCO/ws/build_rework/relative_position_fusion/test_time_alignment_buffer" "--gtest_output=xml:/home/th1rt3en/DOCO/ws/build_rework/relative_position_fusion/test_results/relative_position_fusion/test_time_alignment_buffer.gtest.xml"
Directory: /home/th1rt3en/DOCO/ws/build_rework/relative_position_fusion
"test_time_alignment_buffer" start time: Mar 12 15:34 CST
Output:
----------------------------------------------------------
-- run_test.py: invoking following command in '/home/th1rt3en/DOCO/ws/build_rework/relative_position_fusion':
 - /home/th1rt3en/DOCO/ws/build_rework/relative_position_fusion/test_time_alignment_buffer --gtest_output=xml:/home/th1rt3en/DOCO/ws/build_rework/relative_position_fusion/test_results/relative_position_fusion/test_time_alignment_buffer.gtest.xml
Running main() from /opt/ros/humble/src/gtest_vendor/src/gtest_main.cc
[==========] Running 2 tests from 1 test suite.
[----------] Global test environment set-up.
[----------] 2 tests from TimeAlignmentBufferTest
[ RUN      ] TimeAlignmentBufferTest.ReturnsLatestFreshSamples
[       OK ] TimeAlignmentBufferTest.ReturnsLatestFreshSamples (0 ms)
[ RUN      ] TimeAlignmentBufferTest.EstimatesVelocityFromPoseHistory
[       OK ] TimeAlignmentBufferTest.EstimatesVelocityFromPoseHistory (0 ms)
[----------] 2 tests from TimeAlignmentBufferTest (0 ms total)

[----------] Global test environment tear-down
[==========] 2 tests from 1 test suite ran. (0 ms total)
[  PASSED  ] 2 tests.
-- run_test.py: return code 0
-- run_test.py: inject classname prefix into gtest result file '/home/th1rt3en/DOCO/ws/build_rework/relative_position_fusion/test_results/relative_position_fusion/test_time_alignment_buffer.gtest.xml'
-- run_test.py: verify result file '/home/th1rt3en/DOCO/ws/build_rework/relative_position_fusion/test_results/relative_position_fusion/test_time_alignment_buffer.gtest.xml'
<end of output>
Test time =   0.05 sec
----------------------------------------------------------
Test Passed.
"test_time_alignment_buffer" end time: Mar 12 15:34 CST
"test_time_alignment_buffer" time elapsed: 00:00:00
----------------------------------------------------------

4/5 Testing: test_uav_state_adapter
4/5 Test: test_uav_state_adapter
Command: "/usr/bin/python3" "-u" "/opt/ros/humble/share/ament_cmake_test/cmake/run_test.py" "/home/th1rt3en/DOCO/ws/build_rework/relative_position_fusion/test_results/relative_position_fusion/test_uav_state_adapter.gtest.xml" "--package-name" "relative_position_fusion" "--output-file" "/home/th1rt3en/DOCO/ws/build_rework/relative_position_fusion/ament_cmake_gtest/test_uav_state_adapter.txt" "--command" "/home/th1rt3en/DOCO/ws/build_rework/relative_position_fusion/test_uav_state_adapter" "--gtest_output=xml:/home/th1rt3en/DOCO/ws/build_rework/relative_position_fusion/test_results/relative_position_fusion/test_uav_state_adapter.gtest.xml"
Directory: /home/th1rt3en/DOCO/ws/build_rework/relative_position_fusion
"test_uav_state_adapter" start time: Mar 12 15:34 CST
Output:
----------------------------------------------------------
-- run_test.py: invoking following command in '/home/th1rt3en/DOCO/ws/build_rework/relative_position_fusion':
 - /home/th1rt3en/DOCO/ws/build_rework/relative_position_fusion/test_uav_state_adapter --gtest_output=xml:/home/th1rt3en/DOCO/ws/build_rework/relative_position_fusion/test_results/relative_position_fusion/test_uav_state_adapter.gtest.xml
Running main() from /opt/ros/humble/src/gtest_vendor/src/gtest_main.cc
[==========] Running 2 tests from 1 test suite.
[----------] Global test environment set-up.
[----------] 2 tests from UavStateAdapterTest
[ RUN      ] UavStateAdapterTest.BuildsStateFromOdometry
[       OK ] UavStateAdapterTest.BuildsStateFromOdometry (13 ms)
[ RUN      ] UavStateAdapterTest.FallsBackToPoseDifferentiationForVelocity
[       OK ] UavStateAdapterTest.FallsBackToPoseDifferentiationForVelocity (6 ms)
[----------] 2 tests from UavStateAdapterTest (19 ms total)

[----------] Global test environment tear-down
[==========] 2 tests from 1 test suite ran. (26 ms total)
[  PASSED  ] 2 tests.
-- run_test.py: return code 0
-- run_test.py: inject classname prefix into gtest result file '/home/th1rt3en/DOCO/ws/build_rework/relative_position_fusion/test_results/relative_position_fusion/test_uav_state_adapter.gtest.xml'
-- run_test.py: verify result file '/home/th1rt3en/DOCO/ws/build_rework/relative_position_fusion/test_results/relative_position_fusion/test_uav_state_adapter.gtest.xml'
<end of output>
Test time =   0.20 sec
----------------------------------------------------------
Test Passed.
"test_uav_state_adapter" end time: Mar 12 15:34 CST
"test_uav_state_adapter" time elapsed: 00:00:00
----------------------------------------------------------

5/5 Testing: test_ugv_state_adapter
5/5 Test: test_ugv_state_adapter
Command: "/usr/bin/python3" "-u" "/opt/ros/humble/share/ament_cmake_test/cmake/run_test.py" "/home/th1rt3en/DOCO/ws/build_rework/relative_position_fusion/test_results/relative_position_fusion/test_ugv_state_adapter.gtest.xml" "--package-name" "relative_position_fusion" "--output-file" "/home/th1rt3en/DOCO/ws/build_rework/relative_position_fusion/ament_cmake_gtest/test_ugv_state_adapter.txt" "--command" "/home/th1rt3en/DOCO/ws/build_rework/relative_position_fusion/test_ugv_state_adapter" "--gtest_output=xml:/home/th1rt3en/DOCO/ws/build_rework/relative_position_fusion/test_results/relative_position_fusion/test_ugv_state_adapter.gtest.xml"
Directory: /home/th1rt3en/DOCO/ws/build_rework/relative_position_fusion
"test_ugv_state_adapter" start time: Mar 12 15:34 CST
Output:
----------------------------------------------------------
-- run_test.py: invoking following command in '/home/th1rt3en/DOCO/ws/build_rework/relative_position_fusion':
 - /home/th1rt3en/DOCO/ws/build_rework/relative_position_fusion/test_ugv_state_adapter --gtest_output=xml:/home/th1rt3en/DOCO/ws/build_rework/relative_position_fusion/test_results/relative_position_fusion/test_ugv_state_adapter.gtest.xml
Running main() from /opt/ros/humble/src/gtest_vendor/src/gtest_main.cc
[==========] Running 2 tests from 1 test suite.
[----------] Global test environment set-up.
[----------] 2 tests from UgvStateAdapterTest
[ RUN      ] UgvStateAdapterTest.PrefersAmclPoseAndFilteredVelocity
[       OK ] UgvStateAdapterTest.PrefersAmclPoseAndFilteredVelocity (12 ms)
[ RUN      ] UgvStateAdapterTest.FallsBackToOdomPoseWhenEnabled
[       OK ] UgvStateAdapterTest.FallsBackToOdomPoseWhenEnabled (6 ms)
[----------] 2 tests from UgvStateAdapterTest (18 ms total)

[----------] Global test environment tear-down
[==========] 2 tests from 1 test suite ran. (22 ms total)
[  PASSED  ] 2 tests.
-- run_test.py: return code 0
-- run_test.py: inject classname prefix into gtest result file '/home/th1rt3en/DOCO/ws/build_rework/relative_position_fusion/test_results/relative_position_fusion/test_ugv_state_adapter.gtest.xml'
-- run_test.py: verify result file '/home/th1rt3en/DOCO/ws/build_rework/relative_position_fusion/test_results/relative_position_fusion/test_ugv_state_adapter.gtest.xml'
<end of output>
Test time =   0.18 sec
----------------------------------------------------------
Test Passed.
"test_ugv_state_adapter" end time: Mar 12 15:34 CST
"test_ugv_state_adapter" time elapsed: 00:00:00
----------------------------------------------------------

End testing: Mar 12 15:34 CST

gtest =   0.53 sec*proc

