Start testing: Mar 12 16:26 CST
----------------------------------------------------------
1/5 Testing: test_visual_landing_logic
1/5 Test: test_visual_landing_logic
Command: "/usr/bin/python3" "-u" "/opt/ros/humble/share/ament_cmake_test/cmake/run_test.py" "/home/th1rt3en/DOCO/ws/build_rework/uav_visual_landing/test_results/uav_visual_landing/test_visual_landing_logic.gtest.xml" "--package-name" "uav_visual_landing" "--output-file" "/home/th1rt3en/DOCO/ws/build_rework/uav_visual_landing/ament_cmake_gtest/test_visual_landing_logic.txt" "--command" "/home/th1rt3en/DOCO/ws/build_rework/uav_visual_landing/test_visual_landing_logic" "--gtest_output=xml:/home/th1rt3en/DOCO/ws/build_rework/uav_visual_landing/test_results/uav_visual_landing/test_visual_landing_logic.gtest.xml"
Directory: /home/th1rt3en/DOCO/ws/build_rework/uav_visual_landing
"test_visual_landing_logic" start time: Mar 12 16:26 CST
Output:
----------------------------------------------------------
-- run_test.py: invoking following command in '/home/th1rt3en/DOCO/ws/build_rework/uav_visual_landing':
 - /home/th1rt3en/DOCO/ws/build_rework/uav_visual_landing/test_visual_landing_logic --gtest_output=xml:/home/th1rt3en/DOCO/ws/build_rework/uav_visual_landing/test_results/uav_visual_landing/test_visual_landing_logic.gtest.xml
Running main() from /opt/ros/humble/src/gtest_vendor/src/gtest_main.cc
[==========] Running 5 tests from 1 test suite.
[----------] Global test environment set-up.
[----------] 5 tests from VisualLandingLogic
[ RUN      ] VisualLandingLogic.RangeDecisionRejectsInconsistentRange
[       OK ] VisualLandingLogic.RangeDecisionRejectsInconsistentRange (0 ms)
[ RUN      ] VisualLandingLogic.AlignVerticalCommandIsAlwaysZero
[       OK ] VisualLandingLogic.AlignVerticalCommandIsAlwaysZero (0 ms)
[ RUN      ] VisualLandingLogic.TargetLossFallsBackToHoldWait
[       OK ] VisualLandingLogic.TargetLossFallsBackToHoldWait (0 ms)
[ RUN      ] VisualLandingLogic.AlignmentWindowUsesEnterAndExitThresholds
[       OK ] VisualLandingLogic.AlignmentWindowUsesEnterAndExitThresholds (0 ms)
[ RUN      ] VisualLandingLogic.BodyRateLimitConstrainsStepChange
[       OK ] VisualLandingLogic.BodyRateLimitConstrainsStepChange (0 ms)
[----------] 5 tests from VisualLandingLogic (0 ms total)

[----------] Global test environment tear-down
[==========] 5 tests from 1 test suite ran. (0 ms total)
[  PASSED  ] 5 tests.
-- run_test.py: return code 0
-- run_test.py: inject classname prefix into gtest result file '/home/th1rt3en/DOCO/ws/build_rework/uav_visual_landing/test_results/uav_visual_landing/test_visual_landing_logic.gtest.xml'
-- run_test.py: verify result file '/home/th1rt3en/DOCO/ws/build_rework/uav_visual_landing/test_results/uav_visual_landing/test_visual_landing_logic.gtest.xml'
<end of output>
Test time =   0.05 sec
----------------------------------------------------------
Test Passed.
"test_visual_landing_logic" end time: Mar 12 16:26 CST
"test_visual_landing_logic" time elapsed: 00:00:00
----------------------------------------------------------

End testing: Mar 12 16:26 CST

gtest =   0.05 sec*proc

