<?xml version="1.0" encoding="UTF-8"?>
<Site BuildName="(empty)"
	BuildStamp="20260312-0733-Experimental"
	Name="TH1RT3EN-LAB"
	Generator="ctest-3.22.1"
	CompilerName="/usr/bin/c++"
	CompilerVersion="11.4.0"
	OSName="Linux"
	Hostname="TH1RT3EN-LAB"
	OSRelease="6.8.0-100-generic"
	OSVersion="#100~22.04.1-Ubuntu SMP PREEMPT_DYNAMIC Mon Jan 19 17:10:19 UTC "
	OSPlatform="x86_64"
	Is64Bits="1"
	VendorString="AuthenticAMD"
	VendorID="Advanced Micro Devices"
	FamilyID="25"
	ModelID="116"
	ProcessorCacheSize="1024"
	NumberOfLogicalCPU="16"
	NumberOfPhysicalCPU="8"
	TotalVirtualMemory="2047"
	TotalPhysicalMemory="27744"
	LogicalProcessorsPerPhysical="2"
	ProcessorClockFrequency="2382.99"
	>
	<Testing>
		<StartDateTime>Mar 12 15:33 CST</StartDateTime>
		<StartTestTime>1773300806</StartTestTime>
		<TestList>
			<Test>./test_visual_landing_logic</Test>
			<Test>./cppcheck</Test>
			<Test>./lint_cmake</Test>
			<Test>./uncrustify</Test>
			<Test>./xmllint</Test>
		</TestList>
		<Test Status="passed">
			<Name>test_visual_landing_logic</Name>
			<Path>.</Path>
			<FullName>./test_visual_landing_logic</FullName>
			<FullCommandLine>/usr/bin/python3 "-u" "/opt/ros/humble/share/ament_cmake_test/cmake/run_test.py" "/home/th1rt3en/DOCO/ws/build_rework/uav_visual_landing/test_results/uav_visual_landing/test_visual_landing_logic.gtest.xml" "--package-name" "uav_visual_landing" "--output-file" "/home/th1rt3en/DOCO/ws/build_rework/uav_visual_landing/ament_cmake_gtest/test_visual_landing_logic.txt" "--command" "/home/th1rt3en/DOCO/ws/build_rework/uav_visual_landing/test_visual_landing_logic" "--gtest_output=xml:/home/th1rt3en/DOCO/ws/build_rework/uav_visual_landing/test_results/uav_visual_landing/test_visual_landing_logic.gtest.xml"</FullCommandLine>
			<Results>
				<NamedMeasurement type="numeric/double" name="Execution Time">
					<Value>0.0633994</Value>
				</NamedMeasurement>
				<NamedMeasurement type="numeric/double" name="Processors">
					<Value>1</Value>
				</NamedMeasurement>
				<NamedMeasurement type="text/string" name="Completion Status">
					<Value>Completed</Value>
				</NamedMeasurement>
				<NamedMeasurement type="text/string" name="Command Line">
					<Value>/usr/bin/python3 "-u" "/opt/ros/humble/share/ament_cmake_test/cmake/run_test.py" "/home/th1rt3en/DOCO/ws/build_rework/uav_visual_landing/test_results/uav_visual_landing/test_visual_landing_logic.gtest.xml" "--package-name" "uav_visual_landing" "--output-file" "/home/th1rt3en/DOCO/ws/build_rework/uav_visual_landing/ament_cmake_gtest/test_visual_landing_logic.txt" "--command" "/home/th1rt3en/DOCO/ws/build_rework/uav_visual_landing/test_visual_landing_logic" "--gtest_output=xml:/home/th1rt3en/DOCO/ws/build_rework/uav_visual_landing/test_results/uav_visual_landing/test_visual_landing_logic.gtest.xml"</Value>
				</NamedMeasurement>
				<NamedMeasurement type="text/string" name="Environment">
					<Value>#CTEST_RESOURCE_GROUP_COUNT=</Value>
				</NamedMeasurement>
				<Measurement>
					<Value>-- run_test.py: invoking following command in '/home/th1rt3en/DOCO/ws/build_rework/uav_visual_landing':
 - /home/th1rt3en/DOCO/ws/build_rework/uav_visual_landing/test_visual_landing_logic --gtest_output=xml:/home/th1rt3en/DOCO/ws/build_rework/uav_visual_landing/test_results/uav_visual_landing/test_visual_landing_logic.gtest.xml
Running main() from /opt/ros/humble/src/gtest_vendor/src/gtest_main.cc
[==========] Running 4 tests from 1 test suite.
[----------] Global test environment set-up.
[----------] 4 tests from VisualLandingLogic
[ RUN      ] VisualLandingLogic.RangeDecisionRejectsInconsistentRange
[       OK ] VisualLandingLogic.RangeDecisionRejectsInconsistentRange (0 ms)
[ RUN      ] VisualLandingLogic.AlignVerticalCommandIsAlwaysZero
[       OK ] VisualLandingLogic.AlignVerticalCommandIsAlwaysZero (0 ms)
[ RUN      ] VisualLandingLogic.TargetLossFallsBackToHoldWait
[       OK ] VisualLandingLogic.TargetLossFallsBackToHoldWait (0 ms)
[ RUN      ] VisualLandingLogic.AlignmentWindowUsesEnterAndExitThresholds
[       OK ] VisualLandingLogic.AlignmentWindowUsesEnterAndExitThresholds (0 ms)
[----------] 4 tests from VisualLandingLogic (0 ms total)

[----------] Global test environment tear-down
[==========] 4 tests from 1 test suite ran. (0 ms total)
[  PASSED  ] 4 tests.
-- run_test.py: return code 0
-- run_test.py: inject classname prefix into gtest result file '/home/th1rt3en/DOCO/ws/build_rework/uav_visual_landing/test_results/uav_visual_landing/test_visual_landing_logic.gtest.xml'
-- run_test.py: verify result file '/home/th1rt3en/DOCO/ws/build_rework/uav_visual_landing/test_results/uav_visual_landing/test_visual_landing_logic.gtest.xml'
</Value>
				</Measurement>
			</Results>
			<Labels>
				<Label>gtest</Label>
			</Labels>
		</Test>
		<Test Status="passed">
			<Name>cppcheck</Name>
			<Path>.</Path>
			<FullName>./cppcheck</FullName>
			<FullCommandLine>/usr/bin/python3 "-u" "/opt/ros/humble/share/ament_cmake_test/cmake/run_test.py" "/home/th1rt3en/DOCO/ws/build_rework/uav_visual_landing/test_results/uav_visual_landing/cppcheck.xunit.xml" "--package-name" "uav_visual_landing" "--output-file" "/home/th1rt3en/DOCO/ws/build_rework/uav_visual_landing/ament_cppcheck/cppcheck.txt" "--command" "/opt/ros/humble/bin/ament_cppcheck" "--xunit-file" "/home/th1rt3en/DOCO/ws/build_rework/uav_visual_landing/test_results/uav_visual_landing/cppcheck.xunit.xml" "--include_dirs" "/home/th1rt3en/DOCO/ws/src/uav_visual_landing/include"</FullCommandLine>
			<Results>
				<NamedMeasurement type="numeric/double" name="Execution Time">
					<Value>0.130107</Value>
				</NamedMeasurement>
				<NamedMeasurement type="numeric/double" name="Processors">
					<Value>1</Value>
				</NamedMeasurement>
				<NamedMeasurement type="text/string" name="Completion Status">
					<Value>Completed</Value>
				</NamedMeasurement>
				<NamedMeasurement type="text/string" name="Command Line">
					<Value>/usr/bin/python3 "-u" "/opt/ros/humble/share/ament_cmake_test/cmake/run_test.py" "/home/th1rt3en/DOCO/ws/build_rework/uav_visual_landing/test_results/uav_visual_landing/cppcheck.xunit.xml" "--package-name" "uav_visual_landing" "--output-file" "/home/th1rt3en/DOCO/ws/build_rework/uav_visual_landing/ament_cppcheck/cppcheck.txt" "--command" "/opt/ros/humble/bin/ament_cppcheck" "--xunit-file" "/home/th1rt3en/DOCO/ws/build_rework/uav_visual_landing/test_results/uav_visual_landing/cppcheck.xunit.xml" "--include_dirs" "/home/th1rt3en/DOCO/ws/src/uav_visual_landing/include"</Value>
				</NamedMeasurement>
				<NamedMeasurement type="text/string" name="Environment">
					<Value>#CTEST_RESOURCE_GROUP_COUNT=</Value>
				</NamedMeasurement>
				<Measurement>
					<Value>-- run_test.py: invoking following command in '/home/th1rt3en/DOCO/ws/src/uav_visual_landing':
 - /opt/ros/humble/bin/ament_cppcheck --xunit-file /home/th1rt3en/DOCO/ws/build_rework/uav_visual_landing/test_results/uav_visual_landing/cppcheck.xunit.xml --include_dirs /home/th1rt3en/DOCO/ws/src/uav_visual_landing/include
cppcheck 2.7 has known performance issues and therefore will not be used, set the AMENT_CPPCHECK_ALLOW_SLOW_VERSIONS environment variable to override this.
-- run_test.py: return code 0
-- run_test.py: verify result file '/home/th1rt3en/DOCO/ws/build_rework/uav_visual_landing/test_results/uav_visual_landing/cppcheck.xunit.xml'
</Value>
				</Measurement>
			</Results>
			<Labels>
				<Label>cppcheck</Label>
				<Label>linter</Label>
			</Labels>
		</Test>
		<Test Status="passed">
			<Name>lint_cmake</Name>
			<Path>.</Path>
			<FullName>./lint_cmake</FullName>
			<FullCommandLine>/usr/bin/python3 "-u" "/opt/ros/humble/share/ament_cmake_test/cmake/run_test.py" "/home/th1rt3en/DOCO/ws/build_rework/uav_visual_landing/test_results/uav_visual_landing/lint_cmake.xunit.xml" "--package-name" "uav_visual_landing" "--output-file" "/home/th1rt3en/DOCO/ws/build_rework/uav_visual_landing/ament_lint_cmake/lint_cmake.txt" "--command" "/opt/ros/humble/bin/ament_lint_cmake" "--xunit-file" "/home/th1rt3en/DOCO/ws/build_rework/uav_visual_landing/test_results/uav_visual_landing/lint_cmake.xunit.xml"</FullCommandLine>
			<Results>
				<NamedMeasurement type="numeric/double" name="Execution Time">
					<Value>0.121271</Value>
				</NamedMeasurement>
				<NamedMeasurement type="numeric/double" name="Processors">
					<Value>1</Value>
				</NamedMeasurement>
				<NamedMeasurement type="text/string" name="Completion Status">
					<Value>Completed</Value>
				</NamedMeasurement>
				<NamedMeasurement type="text/string" name="Command Line">
					<Value>/usr/bin/python3 "-u" "/opt/ros/humble/share/ament_cmake_test/cmake/run_test.py" "/home/th1rt3en/DOCO/ws/build_rework/uav_visual_landing/test_results/uav_visual_landing/lint_cmake.xunit.xml" "--package-name" "uav_visual_landing" "--output-file" "/home/th1rt3en/DOCO/ws/build_rework/uav_visual_landing/ament_lint_cmake/lint_cmake.txt" "--command" "/opt/ros/humble/bin/ament_lint_cmake" "--xunit-file" "/home/th1rt3en/DOCO/ws/build_rework/uav_visual_landing/test_results/uav_visual_landing/lint_cmake.xunit.xml"</Value>
				</NamedMeasurement>
				<NamedMeasurement type="text/string" name="Environment">
					<Value>#CTEST_RESOURCE_GROUP_COUNT=</Value>
				</NamedMeasurement>
				<Measurement>
					<Value>-- run_test.py: invoking following command in '/home/th1rt3en/DOCO/ws/src/uav_visual_landing':
 - /opt/ros/humble/bin/ament_lint_cmake --xunit-file /home/th1rt3en/DOCO/ws/build_rework/uav_visual_landing/test_results/uav_visual_landing/lint_cmake.xunit.xml

No problems found
-- run_test.py: return code 0
-- run_test.py: verify result file '/home/th1rt3en/DOCO/ws/build_rework/uav_visual_landing/test_results/uav_visual_landing/lint_cmake.xunit.xml'
</Value>
				</Measurement>
			</Results>
			<Labels>
				<Label>lint_cmake</Label>
				<Label>linter</Label>
			</Labels>
		</Test>
		<Test Status="failed">
			<Name>uncrustify</Name>
			<Path>.</Path>
			<FullName>./uncrustify</FullName>
			<FullCommandLine>/usr/bin/python3 "-u" "/opt/ros/humble/share/ament_cmake_test/cmake/run_test.py" "/home/th1rt3en/DOCO/ws/build_rework/uav_visual_landing/test_results/uav_visual_landing/uncrustify.xunit.xml" "--package-name" "uav_visual_landing" "--output-file" "/home/th1rt3en/DOCO/ws/build_rework/uav_visual_landing/ament_uncrustify/uncrustify.txt" "--command" "/opt/ros/humble/bin/ament_uncrustify" "--xunit-file" "/home/th1rt3en/DOCO/ws/build_rework/uav_visual_landing/test_results/uav_visual_landing/uncrustify.xunit.xml"</FullCommandLine>
			<Results>
				<NamedMeasurement type="text/string" name="Exit Code">
					<Value>Failed</Value>
				</NamedMeasurement>
				<NamedMeasurement type="text/string" name="Exit Value">
					<Value>1</Value>
				</NamedMeasurement>
				<NamedMeasurement type="numeric/double" name="Execution Time">
					<Value>0.220248</Value>
				</NamedMeasurement>
				<NamedMeasurement type="numeric/double" name="Processors">
					<Value>1</Value>
				</NamedMeasurement>
				<NamedMeasurement type="text/string" name="Completion Status">
					<Value>Completed</Value>
				</NamedMeasurement>
				<NamedMeasurement type="text/string" name="Command Line">
					<Value>/usr/bin/python3 "-u" "/opt/ros/humble/share/ament_cmake_test/cmake/run_test.py" "/home/th1rt3en/DOCO/ws/build_rework/uav_visual_landing/test_results/uav_visual_landing/uncrustify.xunit.xml" "--package-name" "uav_visual_landing" "--output-file" "/home/th1rt3en/DOCO/ws/build_rework/uav_visual_landing/ament_uncrustify/uncrustify.txt" "--command" "/opt/ros/humble/bin/ament_uncrustify" "--xunit-file" "/home/th1rt3en/DOCO/ws/build_rework/uav_visual_landing/test_results/uav_visual_landing/uncrustify.xunit.xml"</Value>
				</NamedMeasurement>
				<NamedMeasurement type="text/string" name="Environment">
					<Value>#CTEST_RESOURCE_GROUP_COUNT=</Value>
				</NamedMeasurement>
				<Measurement>
					<Value>-- run_test.py: invoking following command in '/home/th1rt3en/DOCO/ws/src/uav_visual_landing':
 - /opt/ros/humble/bin/ament_uncrustify --xunit-file /home/th1rt3en/DOCO/ws/build_rework/uav_visual_landing/test_results/uav_visual_landing/uncrustify.xunit.xml
Code style divergence in file 'include/uav_visual_landing/visual_landing_logic.hpp':

--- include/uav_visual_landing/visual_landing_logic.hpp
+++ include/uav_visual_landing/visual_landing_logic.hpp.uncrustify
@@ -101 +101,3 @@
-  if (std::isfinite(odom_height_m) &amp;&amp; std::abs(range_height_m - odom_height_m) &gt; config.max_diff_m) {
+  if (std::isfinite(odom_height_m) &amp;&amp;
+    std::abs(range_height_m - odom_height_m) &gt; config.max_diff_m)
+  {

Code style divergence in file 'src/aruco_detector_node.cpp':

--- src/aruco_detector_node.cpp
+++ src/aruco_detector_node.cpp.uncrustify
@@ -30 +30,3 @@
-    this-&gt;declare_parameter&lt;std::string&gt;("target_observation_topic", "/uav/visual_landing/target_observation");
+    this-&gt;declare_parameter&lt;std::string&gt;(
+      "target_observation_topic",
+      "/uav/visual_landing/target_observation");
@@ -42,3 +44,6 @@
-    confidence_reproj_scale_px_ = static_cast&lt;float&gt;(this-&gt;get_parameter("confidence_reproj_scale_px").as_double());
-    confidence_min_marker_span_px_ = static_cast&lt;float&gt;(this-&gt;get_parameter("confidence_min_marker_span_px").as_double());
-    confidence_full_marker_span_px_ = static_cast&lt;float&gt;(this-&gt;get_parameter("confidence_full_marker_span_px").as_double());
+    confidence_reproj_scale_px_ =
+      static_cast&lt;float&gt;(this-&gt;get_parameter("confidence_reproj_scale_px").as_double());
+    confidence_min_marker_span_px_ =
+      static_cast&lt;float&gt;(this-&gt;get_parameter("confidence_min_marker_span_px").as_double());
+    confidence_full_marker_span_px_ =
+      static_cast&lt;float&gt;(this-&gt;get_parameter("confidence_full_marker_span_px").as_double());
@@ -127,2 +132,3 @@
-    return normalizeAngle(static_cast&lt;float&gt;(std::atan2(
-      rotation_matrix.at&lt;double&gt;(1, 0), rotation_matrix.at&lt;double&gt;(0, 0))));
+    return normalizeAngle(
+      static_cast&lt;float&gt;(std::atan2(
+        rotation_matrix.at&lt;double&gt;(1, 0), rotation_matrix.at&lt;double&gt;(0, 0))));
@@ -195 +201,3 @@
-      RCLCPP_WARN_THROTTLE(this-&gt;get_logger(), *this-&gt;get_clock(), 2000, "solvePnPGeneric failed: %s", e.what());
+      RCLCPP_WARN_THROTTLE(
+        this-&gt;get_logger(),
+        *this-&gt;get_clock(), 2000, "solvePnPGeneric failed: %s", e.what());
@@ -209 +217,3 @@
-        RCLCPP_WARN_THROTTLE(this-&gt;get_logger(), *this-&gt;get_clock(), 2000, "solvePnP failed: %s", e.what());
+        RCLCPP_WARN_THROTTLE(
+          this-&gt;get_logger(),
+          *this-&gt;get_clock(), 2000, "solvePnP failed: %s", e.what());
@@ -224 +234,3 @@
-      candidate.reproj_err_px = computeReprojectionErrorPx(object_points, corners, candidate.rvec, matToVec3d(tvecs[index]));
+      candidate.reproj_err_px = computeReprojectionErrorPx(
+        object_points, corners, candidate.rvec, matToVec3d(
+          tvecs[index]));
@@ -281 +293,3 @@
-      RCLCPP_WARN_THROTTLE(this-&gt;get_logger(), *this-&gt;get_clock(), 2000, "cv_bridge failed: %s", e.what());
+      RCLCPP_WARN_THROTTLE(
+        this-&gt;get_logger(),
+        *this-&gt;get_clock(), 2000, "cv_bridge failed: %s", e.what());
@@ -299,2 +313,4 @@
-      (target_corners[0].x + target_corners[1].x + target_corners[2].x + target_corners[3].x) * 0.25f,
-      (target_corners[0].y + target_corners[1].y + target_corners[2].y + target_corners[3].y) * 0.25f);
+      (target_corners[0].x + target_corners[1].x + target_corners[2].x + target_corners[3].x) *
+      0.25f,
+      (target_corners[0].y + target_corners[1].y + target_corners[2].y + target_corners[3].y) *
+      0.25f);

Code style divergence in file 'src/visual_landing_node.cpp':

--- src/visual_landing_node.cpp
+++ src/visual_landing_node.cpp.uncrustify
@@ -28 +28,3 @@
-    this-&gt;declare_parameter&lt;std::string&gt;("target_observation_topic", "/uav/visual_landing/target_observation");
+    this-&gt;declare_parameter&lt;std::string&gt;(
+      "target_observation_topic",
+      "/uav/visual_landing/target_observation");
@@ -30,2 +32,6 @@
-    this-&gt;declare_parameter&lt;std::string&gt;("velocity_body_topic", "/uav/control/setpoint/velocity_body");
-    this-&gt;declare_parameter&lt;std::string&gt;("controller_state_topic", "/uav/visual_landing/controller_state");
+    this-&gt;declare_parameter&lt;std::string&gt;(
+      "velocity_body_topic",
+      "/uav/control/setpoint/velocity_body");
+    this-&gt;declare_parameter&lt;std::string&gt;(
+      "controller_state_topic",
+      "/uav/visual_landing/controller_state");
@@ -80,3 +86,6 @@
-    align_config_.enter_error = static_cast&lt;float&gt;(this-&gt;get_parameter("align_enter_error").as_double());
-    align_config_.exit_error = static_cast&lt;float&gt;(this-&gt;get_parameter("align_exit_error").as_double());
-    align_config_.enter_yaw = static_cast&lt;float&gt;(this-&gt;get_parameter("align_enter_yaw").as_double());
+    align_config_.enter_error =
+      static_cast&lt;float&gt;(this-&gt;get_parameter("align_enter_error").as_double());
+    align_config_.exit_error = static_cast&lt;float&gt;(this-&gt;get_parameter(
+        "align_exit_error").as_double());
+    align_config_.enter_yaw =
+      static_cast&lt;float&gt;(this-&gt;get_parameter("align_enter_yaw").as_double());
@@ -86,2 +95,4 @@
-    terminal_descend_speed_ = static_cast&lt;float&gt;(this-&gt;get_parameter("terminal_descend_speed").as_double());
-    terminal_entry_height_m_ = static_cast&lt;float&gt;(this-&gt;get_parameter("terminal_entry_height_m").as_double());
+    terminal_descend_speed_ =
+      static_cast&lt;float&gt;(this-&gt;get_parameter("terminal_descend_speed").as_double());
+    terminal_entry_height_m_ =
+      static_cast&lt;float&gt;(this-&gt;get_parameter("terminal_entry_height_m").as_double());
@@ -93 +104,2 @@
-    range_config_.max_diff_m = static_cast&lt;float&gt;(this-&gt;get_parameter("range_consistency_max_diff_m").as_double());
+    range_config_.max_diff_m = static_cast&lt;float&gt;(this-&gt;get_parameter(
+        "range_consistency_max_diff_m").as_double());
@@ -98 +110,3 @@
-    velocity_pub_ = this-&gt;create_publisher&lt;geometry_msgs::msg::TwistStamped&gt;(velocity_body_topic_, 10);
+    velocity_pub_ = this-&gt;create_publisher&lt;geometry_msgs::msg::TwistStamped&gt;(
+      velocity_body_topic_,
+      10);
@@ -151 +165,2 @@
-    const double period_ms = control_rate_hz &gt; 1.0e-6 ? (1000.0 / control_rate_hz) : (1000.0 / 30.0);
+    const double period_ms = control_rate_hz &gt;
+      1.0e-6 ? (1000.0 / control_rate_hz) : (1000.0 / 30.0);
@@ -161 +176,2 @@
-      hold_service_.c_str(), land_service_.c_str(), start_service_name_.c_str(), stop_service_name_.c_str());
+      hold_service_.c_str(), land_service_.c_str(),
+      start_service_name_.c_str(), stop_service_name_.c_str());
@@ -216 +232,4 @@
-    if (invoke_hold &amp;&amp; (phase == ControllerPhase::Ready || phase == ControllerPhase::HoldWait || phase == ControllerPhase::HoldVerify)) {
+    if (invoke_hold &amp;&amp;
+      (phase == ControllerPhase::Ready || phase == ControllerPhase::HoldWait ||
+      phase == ControllerPhase::HoldVerify))
+    {
@@ -236 +255,3 @@
-    return evaluateRangeDecision(current_height_m_, has_range_, range_height_m_, age_s, range_config_);
+    return evaluateRangeDecision(
+      current_height_m_, has_range_, range_height_m_, age_s,
+      range_config_);
@@ -286 +307,2 @@
-    msg.observation_age_s = has_observation_ ? static_cast&lt;float&gt;((now - last_observation_time_).seconds()) : -1.0f;
+    msg.observation_age_s =
+      has_observation_ ? static_cast&lt;float&gt;((now - last_observation_time_).seconds()) : -1.0f;
@@ -304,2 +326,4 @@
-    vx = (-(kp_xy_ * last_observation_.err_v_norm) * ctrl_height) - (vel_damping_xy_ * current_body_vx_);
-    vy = (-(kp_xy_ * last_observation_.err_u_norm) * ctrl_height) - (vel_damping_xy_ * current_body_vy_);
+    vx = (-(kp_xy_ * last_observation_.err_v_norm) * ctrl_height) -
+      (vel_damping_xy_ * current_body_vx_);
+    vy = (-(kp_xy_ * last_observation_.err_u_norm) * ctrl_height) -
+      (vel_damping_xy_ * current_body_vy_);
@@ -315 +339,2 @@
-      yaw_rate = (-(kp_yaw_ * last_observation_.yaw_err_rad)) - (vel_damping_yaw_ * current_yaw_rate_);
+      yaw_rate = (-(kp_yaw_ * last_observation_.yaw_err_rad)) -
+        (vel_damping_yaw_ * current_yaw_rate_);
@@ -333 +358,3 @@
-      publishControllerState(false, height_source, range.valid, range.effective_height_m, 0.0f, 0.0f, 0.0f, 0.0f);
+      publishControllerState(
+        false, height_source, range.valid, range.effective_height_m, 0.0f,
+        0.0f, 0.0f, 0.0f);
@@ -409 +436,3 @@
-    publishControllerState(false, height_source, range.valid, range.effective_height_m, cmd_vx, cmd_vy, cmd_vz, cmd_yaw_rate);
+    publishControllerState(
+      false, height_source, range.valid, range.effective_height_m, cmd_vx,
+      cmd_vy, cmd_vz, cmd_yaw_rate);
@@ -463 +492,2 @@
-  rclcpp::Publisher&lt;uav_visual_landing::msg::LandingControllerState&gt;::SharedPtr controller_state_pub_;
+  rclcpp::Publisher&lt;uav_visual_landing::msg::LandingControllerState&gt;::SharedPtr
+    controller_state_pub_;

3 files with code style divergence
No code style divergence in file 'test/test_visual_landing_logic.cpp'

-- run_test.py: return code 1
-- run_test.py: verify result file '/home/th1rt3en/DOCO/ws/build_rework/uav_visual_landing/test_results/uav_visual_landing/uncrustify.xunit.xml'
</Value>
				</Measurement>
			</Results>
			<Labels>
				<Label>linter</Label>
				<Label>uncrustify</Label>
			</Labels>
		</Test>
		<Test Status="failed">
			<Name>xmllint</Name>
			<Path>.</Path>
			<FullName>./xmllint</FullName>
			<FullCommandLine>/usr/bin/python3 "-u" "/opt/ros/humble/share/ament_cmake_test/cmake/run_test.py" "/home/th1rt3en/DOCO/ws/build_rework/uav_visual_landing/test_results/uav_visual_landing/xmllint.xunit.xml" "--package-name" "uav_visual_landing" "--output-file" "/home/th1rt3en/DOCO/ws/build_rework/uav_visual_landing/ament_xmllint/xmllint.txt" "--command" "/opt/ros/humble/bin/ament_xmllint" "--xunit-file" "/home/th1rt3en/DOCO/ws/build_rework/uav_visual_landing/test_results/uav_visual_landing/xmllint.xunit.xml"</FullCommandLine>
			<Results>
				<NamedMeasurement type="text/string" name="Exit Code">
					<Value>Failed</Value>
				</NamedMeasurement>
				<NamedMeasurement type="text/string" name="Exit Value">
					<Value>1</Value>
				</NamedMeasurement>
				<NamedMeasurement type="numeric/double" name="Execution Time">
					<Value>3.11471</Value>
				</NamedMeasurement>
				<NamedMeasurement type="numeric/double" name="Processors">
					<Value>1</Value>
				</NamedMeasurement>
				<NamedMeasurement type="text/string" name="Completion Status">
					<Value>Completed</Value>
				</NamedMeasurement>
				<NamedMeasurement type="text/string" name="Command Line">
					<Value>/usr/bin/python3 "-u" "/opt/ros/humble/share/ament_cmake_test/cmake/run_test.py" "/home/th1rt3en/DOCO/ws/build_rework/uav_visual_landing/test_results/uav_visual_landing/xmllint.xunit.xml" "--package-name" "uav_visual_landing" "--output-file" "/home/th1rt3en/DOCO/ws/build_rework/uav_visual_landing/ament_xmllint/xmllint.txt" "--command" "/opt/ros/humble/bin/ament_xmllint" "--xunit-file" "/home/th1rt3en/DOCO/ws/build_rework/uav_visual_landing/test_results/uav_visual_landing/xmllint.xunit.xml"</Value>
				</NamedMeasurement>
				<NamedMeasurement type="text/string" name="Environment">
					<Value>#CTEST_RESOURCE_GROUP_COUNT=</Value>
				</NamedMeasurement>
				<Measurement>
					<Value>-- run_test.py: invoking following command in '/home/th1rt3en/DOCO/ws/src/uav_visual_landing':
 - /opt/ros/humble/bin/ament_xmllint --xunit-file /home/th1rt3en/DOCO/ws/build_rework/uav_visual_landing/test_results/uav_visual_landing/xmllint.xunit.xml
File 'package.xml' is invalid:
warning: failed to load external entity "http://download.ros.org/schema/package_format3.xsd"
Schemas parser error : Failed to locate the main schema resource at 'http://download.ros.org/schema/package_format3.xsd'.
WXS schema http://download.ros.org/schema/package_format3.xsd failed to compile

1 files are invalid
-- run_test.py: return code 1
-- run_test.py: verify result file '/home/th1rt3en/DOCO/ws/build_rework/uav_visual_landing/test_results/uav_visual_landing/xmllint.xunit.xml'
</Value>
				</Measurement>
			</Results>
			<Labels>
				<Label>linter</Label>
				<Label>xmllint</Label>
			</Labels>
		</Test>
		<EndDateTime>Mar 12 15:33 CST</EndDateTime>
		<EndTestTime>1773300809</EndTestTime>
		<ElapsedMinutes>0</ElapsedMinutes>
	</Testing>
</Site>
