<?xml version="1.0" encoding="UTF-8"?>
<testsuites tests="5" failures="0" disabled="0" errors="0" time="0" timestamp="2026-03-12T16:26:16" name="AllTests">
  <testsuite name="VisualLandingLogic" tests="5" failures="0" disabled="0" errors="0" time="0" timestamp="2026-03-12T16:26:16">
    <testcase name="RangeDecisionRejectsInconsistentRange" status="run" result="completed" time="0" timestamp="2026-03-12T16:26:16" classname="uav_visual_landing.VisualLandingLogic" />
    <testcase name="AlignVerticalCommandIsAlwaysZero" status="run" result="completed" time="0" timestamp="2026-03-12T16:26:16" classname="uav_visual_landing.VisualLandingLogic" />
    <testcase name="TargetLossFallsBackToHoldWait" status="run" result="completed" time="0" timestamp="2026-03-12T16:26:16" classname="uav_visual_landing.VisualLandingLogic" />
    <testcase name="AlignmentWindowUsesEnterAndExitThresholds" status="run" result="completed" time="0" timestamp="2026-03-12T16:26:16" classname="uav_visual_landing.VisualLandingLogic" />
    <testcase name="BodyRateLimitConstrainsStepChange" status="run" result="completed" time="0" timestamp="2026-03-12T16:26:16" classname="uav_visual_landing.VisualLandingLogic" />
  </testsuite>
</testsuites>
