<?xml version="1.0" encoding="UTF-8"?>
<testsuites tests="3" failures="0" disabled="0" errors="0" time="0" timestamp="2026-03-12T16:26:16" name="AllTests">
  <testsuite name="UavStateBridgeLogic" tests="3" failures="0" disabled="0" errors="0" time="0" timestamp="2026-03-12T16:26:16">
    <testcase name="ConvertsBodyFrdVelocityToBodyFlu" status="run" result="completed" time="0" timestamp="2026-03-12T16:26:16" classname="uav_bridge.UavStateBridgeLogic" />
    <testcase name="ConvertsWorldVelocityToBodyUsingHeadingFallback" status="run" result="completed" time="0" timestamp="2026-03-12T16:26:16" classname="uav_bridge.UavStateBridgeLogic" />
    <testcase name="UsesOdometryPositionWhenAvailable" status="run" result="completed" time="0" timestamp="2026-03-12T16:26:16" classname="uav_bridge.UavStateBridgeLogic" />
  </testsuite>
</testsuites>
