<?xml version="1.0" encoding="UTF-8"?>
<testsuites tests="2" failures="0" disabled="0" errors="0" time="0.026" timestamp="2026-03-12T15:34:04" name="AllTests">
  <testsuite name="UavStateAdapterTest" tests="2" failures="0" disabled="0" errors="0" time="0.019" timestamp="2026-03-12T15:34:04">
    <testcase name="BuildsStateFromOdometry" status="run" result="completed" time="0.013" timestamp="2026-03-12T15:34:04" classname="relative_position_fusion.UavStateAdapterTest" />
    <testcase name="FallsBackToPoseDifferentiationForVelocity" status="run" result="completed" time="0.006" timestamp="2026-03-12T15:34:04" classname="relative_position_fusion.UavStateAdapterTest" />
  </testsuite>
</testsuites>
