<?xml version="1.0" encoding="UTF-8"?>
<testsuites tests="2" failures="0" disabled="0" errors="0" time="0" timestamp="2026-03-12T15:34:04" name="AllTests">
  <testsuite name="TimeAlignmentBufferTest" tests="2" failures="0" disabled="0" errors="0" time="0" timestamp="2026-03-12T15:34:04">
    <testcase name="ReturnsLatestFreshSamples" status="run" result="completed" time="0" timestamp="2026-03-12T15:34:04" classname="relative_position_fusion.TimeAlignmentBufferTest" />
    <testcase name="EstimatesVelocityFromPoseHistory" status="run" result="completed" time="0" timestamp="2026-03-12T15:34:04" classname="relative_position_fusion.TimeAlignmentBufferTest" />
  </testsuite>
</testsuites>
