<?xml version="1.0" encoding="UTF-8"?>
<testsuites tests="2" failures="0" disabled="0" errors="0" time="0.022" timestamp="2026-03-12T15:34:05" name="AllTests">
  <testsuite name="UgvStateAdapterTest" tests="2" failures="0" disabled="0" errors="0" time="0.018" timestamp="2026-03-12T15:34:05">
    <testcase name="PrefersAmclPoseAndFilteredVelocity" status="run" result="completed" time="0.012" timestamp="2026-03-12T15:34:05" classname="relative_position_fusion.UgvStateAdapterTest" />
    <testcase name="FallsBackToOdomPoseWhenEnabled" status="run" result="completed" time="0.006" timestamp="2026-03-12T15:34:05" classname="relative_position_fusion.UgvStateAdapterTest" />
  </testsuite>
</testsuites>
