<?xml version="1.0" encoding="UTF-8"?>
<testsuites tests="5" failures="0" disabled="0" errors="0" time="0" timestamp="2026-03-12T15:34:04" name="AllTests">
  <testsuite name="RelativePositionFilterTest" tests="5" failures="0" disabled="0" errors="0" time="0" timestamp="2026-03-12T15:34:04">
    <testcase name="PredictMatchesConstantVelocityModel" status="run" result="completed" time="0" timestamp="2026-03-12T15:34:04" classname="relative_position_fusion.RelativePositionFilterTest" />
    <testcase name="CovarianceGrowsWithoutMeasurement" status="run" result="completed" time="0" timestamp="2026-03-12T15:34:04" classname="relative_position_fusion.RelativePositionFilterTest" />
    <testcase name="GateRejectsLargeJump" status="run" result="completed" time="0" timestamp="2026-03-12T15:34:04" classname="relative_position_fusion.RelativePositionFilterTest" />
    <testcase name="UpdatePullsStateTowardMeasurement" status="run" result="completed" time="0" timestamp="2026-03-12T15:34:04" classname="relative_position_fusion.RelativePositionFilterTest" />
    <testcase name="RhoUsesSquareRootOfMaxEigenvalue" status="run" result="completed" time="0" timestamp="2026-03-12T15:34:04" classname="relative_position_fusion.RelativePositionFilterTest" />
  </testsuite>
</testsuites>
