<?xml version="1.0" encoding="UTF-8"?>
<testsuites tests="4" failures="0" disabled="0" errors="0" time="0" timestamp="2026-03-12T15:34:04" name="AllTests">
  <testsuite name="RelocalizationMonitorTest" tests="4" failures="0" disabled="0" errors="0" time="0" timestamp="2026-03-12T15:34:04">
    <testcase name="RequestsWhileUninitialized" status="run" result="completed" time="0" timestamp="2026-03-12T15:34:04" classname="relative_position_fusion.RelocalizationMonitorTest" />
    <testcase name="UsesEnterHoldCycles" status="run" result="completed" time="0" timestamp="2026-03-12T15:34:04" classname="relative_position_fusion.RelocalizationMonitorTest" />
    <testcase name="UsesExitHoldCycles" status="run" result="completed" time="0" timestamp="2026-03-12T15:34:04" classname="relative_position_fusion.RelocalizationMonitorTest" />
    <testcase name="GateRejectsCanForceRequest" status="run" result="completed" time="0" timestamp="2026-03-12T15:34:04" classname="relative_position_fusion.RelocalizationMonitorTest" />
  </testsuite>
</testsuites>
