Start testing: Mar 12 16:26 CST
----------------------------------------------------------
2/7 Testing: test_uav_state_bridge_logic
2/7 Test: test_uav_state_bridge_logic
Command: "/usr/bin/python3" "-u" "/opt/ros/humble/share/ament_cmake_test/cmake/run_test.py" "/home/th1rt3en/DOCO/ws/build_rework/uav_bridge/test_results/uav_bridge/test_uav_state_bridge_logic.gtest.xml" "--package-name" "uav_bridge" "--output-file" "/home/th1rt3en/DOCO/ws/build_rework/uav_bridge/ament_cmake_gtest/test_uav_state_bridge_logic.txt" "--command" "/home/th1rt3en/DOCO/ws/build_rework/uav_bridge/test_uav_state_bridge_logic" "--gtest_output=xml:/home/th1rt3en/DOCO/ws/build_rework/uav_bridge/test_results/uav_bridge/test_uav_state_bridge_logic.gtest.xml"
Directory: /home/th1rt3en/DOCO/ws/build_rework/uav_bridge
"test_uav_state_bridge_logic" start time: Mar 12 16:26 CST
Output:
----------------------------------------------------------
-- run_test.py: invoking following command in '/home/th1rt3en/DOCO/ws/build_rework/uav_bridge':
 - /home/th1rt3en/DOCO/ws/build_rework/uav_bridge/test_uav_state_bridge_logic --gtest_output=xml:/home/th1rt3en/DOCO/ws/build_rework/uav_bridge/test_results/uav_bridge/test_uav_state_bridge_logic.gtest.xml
Running main() from /opt/ros/humble/src/gtest_vendor/src/gtest_main.cc
[==========] Running 3 tests from 1 test suite.
[----------] Global test environment set-up.
[----------] 3 tests from UavStateBridgeLogic
[ RUN      ] UavStateBridgeLogic.ConvertsBodyFrdVelocityToBodyFlu
[       OK ] UavStateBridgeLogic.ConvertsBodyFrdVelocityToBodyFlu (0 ms)
[ RUN      ] UavStateBridgeLogic.ConvertsWorldVelocityToBodyUsingHeadingFallback
[       OK ] UavStateBridgeLogic.ConvertsWorldVelocityToBodyUsingHeadingFallback (0 ms)
[ RUN      ] UavStateBridgeLogic.UsesOdometryPositionWhenAvailable
[       OK ] UavStateBridgeLogic.UsesOdometryPositionWhenAvailable (0 ms)
[----------] 3 tests from UavStateBridgeLogic (0 ms total)

[----------] Global test environment tear-down
[==========] 3 tests from 1 test suite ran. (0 ms total)
[  PASSED  ] 3 tests.
-- run_test.py: return code 0
-- run_test.py: inject classname prefix into gtest result file '/home/th1rt3en/DOCO/ws/build_rework/uav_bridge/test_results/uav_bridge/test_uav_state_bridge_logic.gtest.xml'
-- run_test.py: verify result file '/home/th1rt3en/DOCO/ws/build_rework/uav_bridge/test_results/uav_bridge/test_uav_state_bridge_logic.gtest.xml'
<end of output>
Test time =   0.05 sec
----------------------------------------------------------
Test Passed.
"test_uav_state_bridge_logic" end time: Mar 12 16:26 CST
"test_uav_state_bridge_logic" time elapsed: 00:00:00
----------------------------------------------------------

3/7 Testing: test_uav_control_logic
3/7 Test: test_uav_control_logic
Command: "/usr/bin/python3" "-u" "/opt/ros/humble/share/ament_cmake_test/cmake/run_test.py" "/home/th1rt3en/DOCO/ws/build_rework/uav_bridge/test_results/uav_bridge/test_uav_control_logic.gtest.xml" "--package-name" "uav_bridge" "--output-file" "/home/th1rt3en/DOCO/ws/build_rework/uav_bridge/ament_cmake_gtest/test_uav_control_logic.txt" "--command" "/home/th1rt3en/DOCO/ws/build_rework/uav_bridge/test_uav_control_logic" "--gtest_output=xml:/home/th1rt3en/DOCO/ws/build_rework/uav_bridge/test_results/uav_bridge/test_uav_control_logic.gtest.xml"
Directory: /home/th1rt3en/DOCO/ws/build_rework/uav_bridge
"test_uav_control_logic" start time: Mar 12 16:26 CST
Output:
----------------------------------------------------------
-- run_test.py: invoking following command in '/home/th1rt3en/DOCO/ws/build_rework/uav_bridge':
 - /home/th1rt3en/DOCO/ws/build_rework/uav_bridge/test_uav_control_logic --gtest_output=xml:/home/th1rt3en/DOCO/ws/build_rework/uav_bridge/test_results/uav_bridge/test_uav_control_logic.gtest.xml
Running main() from /opt/ros/humble/src/gtest_vendor/src/gtest_main.cc
[==========] Running 3 tests from 1 test suite.
[----------] Global test environment set-up.
[----------] 3 tests from UavControlLogic
[ RUN      ] UavControlLogic.VelocityBodyOverridesAutoAndFallsBackToHold
[       OK ] UavControlLogic.VelocityBodyOverridesAutoAndFallsBackToHold (0 ms)
[ RUN      ] UavControlLogic.AutoEnableRequiresTrajectoryAndNoLanding
[       OK ] UavControlLogic.AutoEnableRequiresTrajectoryAndNoLanding (0 ms)
[ RUN      ] UavControlLogic.LandingCompletesToHold
[       OK ] UavControlLogic.LandingCompletesToHold (0 ms)
[----------] 3 tests from UavControlLogic (0 ms total)

[----------] Global test environment tear-down
[==========] 3 tests from 1 test suite ran. (0 ms total)
[  PASSED  ] 3 tests.
-- run_test.py: return code 0
-- run_test.py: inject classname prefix into gtest result file '/home/th1rt3en/DOCO/ws/build_rework/uav_bridge/test_results/uav_bridge/test_uav_control_logic.gtest.xml'
-- run_test.py: verify result file '/home/th1rt3en/DOCO/ws/build_rework/uav_bridge/test_results/uav_bridge/test_uav_control_logic.gtest.xml'
<end of output>
Test time =   0.05 sec
----------------------------------------------------------
Test Passed.
"test_uav_control_logic" end time: Mar 12 16:26 CST
"test_uav_control_logic" time elapsed: 00:00:00
----------------------------------------------------------

End testing: Mar 12 16:26 CST

gtest =   0.09 sec*proc

