<?xml version="1.0" encoding="UTF-8"?>
<Site BuildName="(empty)"
	BuildStamp="20260312-0733-Experimental"
	Name="TH1RT3EN-LAB"
	Generator="ctest-3.22.1"
	CompilerName="/usr/bin/c++"
	CompilerVersion="11.4.0"
	OSName="Linux"
	Hostname="TH1RT3EN-LAB"
	OSRelease="6.8.0-100-generic"
	OSVersion="#100~22.04.1-Ubuntu SMP PREEMPT_DYNAMIC Mon Jan 19 17:10:19 UTC "
	OSPlatform="x86_64"
	Is64Bits="1"
	VendorString="AuthenticAMD"
	VendorID="Advanced Micro Devices"
	FamilyID="25"
	ModelID="116"
	ProcessorCacheSize="1024"
	NumberOfLogicalCPU="16"
	NumberOfPhysicalCPU="8"
	TotalVirtualMemory="2047"
	TotalPhysicalMemory="27744"
	LogicalProcessorsPerPhysical="2"
	ProcessorClockFrequency="3030.79"
	>
	<Testing>
		<StartDateTime>Mar 12 15:33 CST</StartDateTime>
		<StartTestTime>1773300806</StartTestTime>
		<TestList>
			<Test>./test_relative_position_filter</Test>
			<Test>./test_relocalization_monitor</Test>
			<Test>./test_time_alignment_buffer</Test>
			<Test>./test_uav_state_adapter</Test>
			<Test>./test_ugv_state_adapter</Test>
		</TestList>
		<Test Status="passed">
			<Name>test_relative_position_filter</Name>
			<Path>.</Path>
			<FullName>./test_relative_position_filter</FullName>
			<FullCommandLine>/usr/bin/python3 "-u" "/opt/ros/humble/share/ament_cmake_test/cmake/run_test.py" "/home/th1rt3en/DOCO/ws/build_rework/relative_position_fusion/test_results/relative_position_fusion/test_relative_position_filter.gtest.xml" "--package-name" "relative_position_fusion" "--output-file" "/home/th1rt3en/DOCO/ws/build_rework/relative_position_fusion/ament_cmake_gtest/test_relative_position_filter.txt" "--command" "/home/th1rt3en/DOCO/ws/build_rework/relative_position_fusion/test_relative_position_filter" "--gtest_output=xml:/home/th1rt3en/DOCO/ws/build_rework/relative_position_fusion/test_results/relative_position_fusion/test_relative_position_filter.gtest.xml"</FullCommandLine>
			<Results>
				<NamedMeasurement type="numeric/double" name="Execution Time">
					<Value>0.0645423</Value>
				</NamedMeasurement>
				<NamedMeasurement type="numeric/double" name="Processors">
					<Value>1</Value>
				</NamedMeasurement>
				<NamedMeasurement type="text/string" name="Completion Status">
					<Value>Completed</Value>
				</NamedMeasurement>
				<NamedMeasurement type="text/string" name="Command Line">
					<Value>/usr/bin/python3 "-u" "/opt/ros/humble/share/ament_cmake_test/cmake/run_test.py" "/home/th1rt3en/DOCO/ws/build_rework/relative_position_fusion/test_results/relative_position_fusion/test_relative_position_filter.gtest.xml" "--package-name" "relative_position_fusion" "--output-file" "/home/th1rt3en/DOCO/ws/build_rework/relative_position_fusion/ament_cmake_gtest/test_relative_position_filter.txt" "--command" "/home/th1rt3en/DOCO/ws/build_rework/relative_position_fusion/test_relative_position_filter" "--gtest_output=xml:/home/th1rt3en/DOCO/ws/build_rework/relative_position_fusion/test_results/relative_position_fusion/test_relative_position_filter.gtest.xml"</Value>
				</NamedMeasurement>
				<NamedMeasurement type="text/string" name="Environment">
					<Value>#CTEST_RESOURCE_GROUP_COUNT=</Value>
				</NamedMeasurement>
				<Measurement>
					<Value>-- run_test.py: invoking following command in '/home/th1rt3en/DOCO/ws/build_rework/relative_position_fusion':
 - /home/th1rt3en/DOCO/ws/build_rework/relative_position_fusion/test_relative_position_filter --gtest_output=xml:/home/th1rt3en/DOCO/ws/build_rework/relative_position_fusion/test_results/relative_position_fusion/test_relative_position_filter.gtest.xml
Running main() from /opt/ros/humble/src/gtest_vendor/src/gtest_main.cc
[==========] Running 5 tests from 1 test suite.
[----------] Global test environment set-up.
[----------] 5 tests from RelativePositionFilterTest
[ RUN      ] RelativePositionFilterTest.PredictMatchesConstantVelocityModel
[       OK ] RelativePositionFilterTest.PredictMatchesConstantVelocityModel (0 ms)
[ RUN      ] RelativePositionFilterTest.CovarianceGrowsWithoutMeasurement
[       OK ] RelativePositionFilterTest.CovarianceGrowsWithoutMeasurement (0 ms)
[ RUN      ] RelativePositionFilterTest.GateRejectsLargeJump
[       OK ] RelativePositionFilterTest.GateRejectsLargeJump (0 ms)
[ RUN      ] RelativePositionFilterTest.UpdatePullsStateTowardMeasurement
[       OK ] RelativePositionFilterTest.UpdatePullsStateTowardMeasurement (0 ms)
[ RUN      ] RelativePositionFilterTest.RhoUsesSquareRootOfMaxEigenvalue
[       OK ] RelativePositionFilterTest.RhoUsesSquareRootOfMaxEigenvalue (0 ms)
[----------] 5 tests from RelativePositionFilterTest (0 ms total)

[----------] Global test environment tear-down
[==========] 5 tests from 1 test suite ran. (0 ms total)
[  PASSED  ] 5 tests.
-- run_test.py: return code 0
-- run_test.py: inject classname prefix into gtest result file '/home/th1rt3en/DOCO/ws/build_rework/relative_position_fusion/test_results/relative_position_fusion/test_relative_position_filter.gtest.xml'
-- run_test.py: verify result file '/home/th1rt3en/DOCO/ws/build_rework/relative_position_fusion/test_results/relative_position_fusion/test_relative_position_filter.gtest.xml'
</Value>
				</Measurement>
			</Results>
			<Labels>
				<Label>gtest</Label>
			</Labels>
		</Test>
		<Test Status="passed">
			<Name>test_relocalization_monitor</Name>
			<Path>.</Path>
			<FullName>./test_relocalization_monitor</FullName>
			<FullCommandLine>/usr/bin/python3 "-u" "/opt/ros/humble/share/ament_cmake_test/cmake/run_test.py" "/home/th1rt3en/DOCO/ws/build_rework/relative_position_fusion/test_results/relative_position_fusion/test_relocalization_monitor.gtest.xml" "--package-name" "relative_position_fusion" "--output-file" "/home/th1rt3en/DOCO/ws/build_rework/relative_position_fusion/ament_cmake_gtest/test_relocalization_monitor.txt" "--command" "/home/th1rt3en/DOCO/ws/build_rework/relative_position_fusion/test_relocalization_monitor" "--gtest_output=xml:/home/th1rt3en/DOCO/ws/build_rework/relative_position_fusion/test_results/relative_position_fusion/test_relocalization_monitor.gtest.xml"</FullCommandLine>
			<Results>
				<NamedMeasurement type="numeric/double" name="Execution Time">
					<Value>0.0686492</Value>
				</NamedMeasurement>
				<NamedMeasurement type="numeric/double" name="Processors">
					<Value>1</Value>
				</NamedMeasurement>
				<NamedMeasurement type="text/string" name="Completion Status">
					<Value>Completed</Value>
				</NamedMeasurement>
				<NamedMeasurement type="text/string" name="Command Line">
					<Value>/usr/bin/python3 "-u" "/opt/ros/humble/share/ament_cmake_test/cmake/run_test.py" "/home/th1rt3en/DOCO/ws/build_rework/relative_position_fusion/test_results/relative_position_fusion/test_relocalization_monitor.gtest.xml" "--package-name" "relative_position_fusion" "--output-file" "/home/th1rt3en/DOCO/ws/build_rework/relative_position_fusion/ament_cmake_gtest/test_relocalization_monitor.txt" "--command" "/home/th1rt3en/DOCO/ws/build_rework/relative_position_fusion/test_relocalization_monitor" "--gtest_output=xml:/home/th1rt3en/DOCO/ws/build_rework/relative_position_fusion/test_results/relative_position_fusion/test_relocalization_monitor.gtest.xml"</Value>
				</NamedMeasurement>
				<NamedMeasurement type="text/string" name="Environment">
					<Value>#CTEST_RESOURCE_GROUP_COUNT=</Value>
				</NamedMeasurement>
				<Measurement>
					<Value>-- run_test.py: invoking following command in '/home/th1rt3en/DOCO/ws/build_rework/relative_position_fusion':
 - /home/th1rt3en/DOCO/ws/build_rework/relative_position_fusion/test_relocalization_monitor --gtest_output=xml:/home/th1rt3en/DOCO/ws/build_rework/relative_position_fusion/test_results/relative_position_fusion/test_relocalization_monitor.gtest.xml
Running main() from /opt/ros/humble/src/gtest_vendor/src/gtest_main.cc
[==========] Running 4 tests from 1 test suite.
[----------] Global test environment set-up.
[----------] 4 tests from RelocalizationMonitorTest
[ RUN      ] RelocalizationMonitorTest.RequestsWhileUninitialized
[       OK ] RelocalizationMonitorTest.RequestsWhileUninitialized (0 ms)
[ RUN      ] RelocalizationMonitorTest.UsesEnterHoldCycles
[       OK ] RelocalizationMonitorTest.UsesEnterHoldCycles (0 ms)
[ RUN      ] RelocalizationMonitorTest.UsesExitHoldCycles
[       OK ] RelocalizationMonitorTest.UsesExitHoldCycles (0 ms)
[ RUN      ] RelocalizationMonitorTest.GateRejectsCanForceRequest
[       OK ] RelocalizationMonitorTest.GateRejectsCanForceRequest (0 ms)
[----------] 4 tests from RelocalizationMonitorTest (0 ms total)

[----------] Global test environment tear-down
[==========] 4 tests from 1 test suite ran. (0 ms total)
[  PASSED  ] 4 tests.
-- run_test.py: return code 0
-- run_test.py: inject classname prefix into gtest result file '/home/th1rt3en/DOCO/ws/build_rework/relative_position_fusion/test_results/relative_position_fusion/test_relocalization_monitor.gtest.xml'
-- run_test.py: verify result file '/home/th1rt3en/DOCO/ws/build_rework/relative_position_fusion/test_results/relative_position_fusion/test_relocalization_monitor.gtest.xml'
</Value>
				</Measurement>
			</Results>
			<Labels>
				<Label>gtest</Label>
			</Labels>
		</Test>
		<Test Status="passed">
			<Name>test_time_alignment_buffer</Name>
			<Path>.</Path>
			<FullName>./test_time_alignment_buffer</FullName>
			<FullCommandLine>/usr/bin/python3 "-u" "/opt/ros/humble/share/ament_cmake_test/cmake/run_test.py" "/home/th1rt3en/DOCO/ws/build_rework/relative_position_fusion/test_results/relative_position_fusion/test_time_alignment_buffer.gtest.xml" "--package-name" "relative_position_fusion" "--output-file" "/home/th1rt3en/DOCO/ws/build_rework/relative_position_fusion/ament_cmake_gtest/test_time_alignment_buffer.txt" "--command" "/home/th1rt3en/DOCO/ws/build_rework/relative_position_fusion/test_time_alignment_buffer" "--gtest_output=xml:/home/th1rt3en/DOCO/ws/build_rework/relative_position_fusion/test_results/relative_position_fusion/test_time_alignment_buffer.gtest.xml"</FullCommandLine>
			<Results>
				<NamedMeasurement type="numeric/double" name="Execution Time">
					<Value>0.0694691</Value>
				</NamedMeasurement>
				<NamedMeasurement type="numeric/double" name="Processors">
					<Value>1</Value>
				</NamedMeasurement>
				<NamedMeasurement type="text/string" name="Completion Status">
					<Value>Completed</Value>
				</NamedMeasurement>
				<NamedMeasurement type="text/string" name="Command Line">
					<Value>/usr/bin/python3 "-u" "/opt/ros/humble/share/ament_cmake_test/cmake/run_test.py" "/home/th1rt3en/DOCO/ws/build_rework/relative_position_fusion/test_results/relative_position_fusion/test_time_alignment_buffer.gtest.xml" "--package-name" "relative_position_fusion" "--output-file" "/home/th1rt3en/DOCO/ws/build_rework/relative_position_fusion/ament_cmake_gtest/test_time_alignment_buffer.txt" "--command" "/home/th1rt3en/DOCO/ws/build_rework/relative_position_fusion/test_time_alignment_buffer" "--gtest_output=xml:/home/th1rt3en/DOCO/ws/build_rework/relative_position_fusion/test_results/relative_position_fusion/test_time_alignment_buffer.gtest.xml"</Value>
				</NamedMeasurement>
				<NamedMeasurement type="text/string" name="Environment">
					<Value>#CTEST_RESOURCE_GROUP_COUNT=</Value>
				</NamedMeasurement>
				<Measurement>
					<Value>-- run_test.py: invoking following command in '/home/th1rt3en/DOCO/ws/build_rework/relative_position_fusion':
 - /home/th1rt3en/DOCO/ws/build_rework/relative_position_fusion/test_time_alignment_buffer --gtest_output=xml:/home/th1rt3en/DOCO/ws/build_rework/relative_position_fusion/test_results/relative_position_fusion/test_time_alignment_buffer.gtest.xml
Running main() from /opt/ros/humble/src/gtest_vendor/src/gtest_main.cc
[==========] Running 2 tests from 1 test suite.
[----------] Global test environment set-up.
[----------] 2 tests from TimeAlignmentBufferTest
[ RUN      ] TimeAlignmentBufferTest.ReturnsLatestFreshSamples
[       OK ] TimeAlignmentBufferTest.ReturnsLatestFreshSamples (1 ms)
[ RUN      ] TimeAlignmentBufferTest.EstimatesVelocityFromPoseHistory
[       OK ] TimeAlignmentBufferTest.EstimatesVelocityFromPoseHistory (0 ms)
[----------] 2 tests from TimeAlignmentBufferTest (1 ms total)

[----------] Global test environment tear-down
[==========] 2 tests from 1 test suite ran. (1 ms total)
[  PASSED  ] 2 tests.
-- run_test.py: return code 0
-- run_test.py: inject classname prefix into gtest result file '/home/th1rt3en/DOCO/ws/build_rework/relative_position_fusion/test_results/relative_position_fusion/test_time_alignment_buffer.gtest.xml'
-- run_test.py: verify result file '/home/th1rt3en/DOCO/ws/build_rework/relative_position_fusion/test_results/relative_position_fusion/test_time_alignment_buffer.gtest.xml'
</Value>
				</Measurement>
			</Results>
			<Labels>
				<Label>gtest</Label>
			</Labels>
		</Test>
		<Test Status="passed">
			<Name>test_uav_state_adapter</Name>
			<Path>.</Path>
			<FullName>./test_uav_state_adapter</FullName>
			<FullCommandLine>/usr/bin/python3 "-u" "/opt/ros/humble/share/ament_cmake_test/cmake/run_test.py" "/home/th1rt3en/DOCO/ws/build_rework/relative_position_fusion/test_results/relative_position_fusion/test_uav_state_adapter.gtest.xml" "--package-name" "relative_position_fusion" "--output-file" "/home/th1rt3en/DOCO/ws/build_rework/relative_position_fusion/ament_cmake_gtest/test_uav_state_adapter.txt" "--command" "/home/th1rt3en/DOCO/ws/build_rework/relative_position_fusion/test_uav_state_adapter" "--gtest_output=xml:/home/th1rt3en/DOCO/ws/build_rework/relative_position_fusion/test_results/relative_position_fusion/test_uav_state_adapter.gtest.xml"</FullCommandLine>
			<Results>
				<NamedMeasurement type="numeric/double" name="Execution Time">
					<Value>0.213217</Value>
				</NamedMeasurement>
				<NamedMeasurement type="numeric/double" name="Processors">
					<Value>1</Value>
				</NamedMeasurement>
				<NamedMeasurement type="text/string" name="Completion Status">
					<Value>Completed</Value>
				</NamedMeasurement>
				<NamedMeasurement type="text/string" name="Command Line">
					<Value>/usr/bin/python3 "-u" "/opt/ros/humble/share/ament_cmake_test/cmake/run_test.py" "/home/th1rt3en/DOCO/ws/build_rework/relative_position_fusion/test_results/relative_position_fusion/test_uav_state_adapter.gtest.xml" "--package-name" "relative_position_fusion" "--output-file" "/home/th1rt3en/DOCO/ws/build_rework/relative_position_fusion/ament_cmake_gtest/test_uav_state_adapter.txt" "--command" "/home/th1rt3en/DOCO/ws/build_rework/relative_position_fusion/test_uav_state_adapter" "--gtest_output=xml:/home/th1rt3en/DOCO/ws/build_rework/relative_position_fusion/test_results/relative_position_fusion/test_uav_state_adapter.gtest.xml"</Value>
				</NamedMeasurement>
				<NamedMeasurement type="text/string" name="Environment">
					<Value>#CTEST_RESOURCE_GROUP_COUNT=</Value>
				</NamedMeasurement>
				<Measurement>
					<Value>-- run_test.py: invoking following command in '/home/th1rt3en/DOCO/ws/build_rework/relative_position_fusion':
 - /home/th1rt3en/DOCO/ws/build_rework/relative_position_fusion/test_uav_state_adapter --gtest_output=xml:/home/th1rt3en/DOCO/ws/build_rework/relative_position_fusion/test_results/relative_position_fusion/test_uav_state_adapter.gtest.xml
Running main() from /opt/ros/humble/src/gtest_vendor/src/gtest_main.cc
[==========] Running 2 tests from 1 test suite.
[----------] Global test environment set-up.
[----------] 2 tests from UavStateAdapterTest
[ RUN      ] UavStateAdapterTest.BuildsStateFromOdometry
[       OK ] UavStateAdapterTest.BuildsStateFromOdometry (21 ms)
[ RUN      ] UavStateAdapterTest.FallsBackToPoseDifferentiationForVelocity
[       OK ] UavStateAdapterTest.FallsBackToPoseDifferentiationForVelocity (6 ms)
[----------] 2 tests from UavStateAdapterTest (27 ms total)

[----------] Global test environment tear-down
[==========] 2 tests from 1 test suite ran. (37 ms total)
[  PASSED  ] 2 tests.
-- run_test.py: return code 0
-- run_test.py: inject classname prefix into gtest result file '/home/th1rt3en/DOCO/ws/build_rework/relative_position_fusion/test_results/relative_position_fusion/test_uav_state_adapter.gtest.xml'
-- run_test.py: verify result file '/home/th1rt3en/DOCO/ws/build_rework/relative_position_fusion/test_results/relative_position_fusion/test_uav_state_adapter.gtest.xml'
</Value>
				</Measurement>
			</Results>
			<Labels>
				<Label>gtest</Label>
			</Labels>
		</Test>
		<Test Status="passed">
			<Name>test_ugv_state_adapter</Name>
			<Path>.</Path>
			<FullName>./test_ugv_state_adapter</FullName>
			<FullCommandLine>/usr/bin/python3 "-u" "/opt/ros/humble/share/ament_cmake_test/cmake/run_test.py" "/home/th1rt3en/DOCO/ws/build_rework/relative_position_fusion/test_results/relative_position_fusion/test_ugv_state_adapter.gtest.xml" "--package-name" "relative_position_fusion" "--output-file" "/home/th1rt3en/DOCO/ws/build_rework/relative_position_fusion/ament_cmake_gtest/test_ugv_state_adapter.txt" "--command" "/home/th1rt3en/DOCO/ws/build_rework/relative_position_fusion/test_ugv_state_adapter" "--gtest_output=xml:/home/th1rt3en/DOCO/ws/build_rework/relative_position_fusion/test_results/relative_position_fusion/test_ugv_state_adapter.gtest.xml"</FullCommandLine>
			<Results>
				<NamedMeasurement type="numeric/double" name="Execution Time">
					<Value>0.21073</Value>
				</NamedMeasurement>
				<NamedMeasurement type="numeric/double" name="Processors">
					<Value>1</Value>
				</NamedMeasurement>
				<NamedMeasurement type="text/string" name="Completion Status">
					<Value>Completed</Value>
				</NamedMeasurement>
				<NamedMeasurement type="text/string" name="Command Line">
					<Value>/usr/bin/python3 "-u" "/opt/ros/humble/share/ament_cmake_test/cmake/run_test.py" "/home/th1rt3en/DOCO/ws/build_rework/relative_position_fusion/test_results/relative_position_fusion/test_ugv_state_adapter.gtest.xml" "--package-name" "relative_position_fusion" "--output-file" "/home/th1rt3en/DOCO/ws/build_rework/relative_position_fusion/ament_cmake_gtest/test_ugv_state_adapter.txt" "--command" "/home/th1rt3en/DOCO/ws/build_rework/relative_position_fusion/test_ugv_state_adapter" "--gtest_output=xml:/home/th1rt3en/DOCO/ws/build_rework/relative_position_fusion/test_results/relative_position_fusion/test_ugv_state_adapter.gtest.xml"</Value>
				</NamedMeasurement>
				<NamedMeasurement type="text/string" name="Environment">
					<Value>#CTEST_RESOURCE_GROUP_COUNT=</Value>
				</NamedMeasurement>
				<Measurement>
					<Value>-- run_test.py: invoking following command in '/home/th1rt3en/DOCO/ws/build_rework/relative_position_fusion':
 - /home/th1rt3en/DOCO/ws/build_rework/relative_position_fusion/test_ugv_state_adapter --gtest_output=xml:/home/th1rt3en/DOCO/ws/build_rework/relative_position_fusion/test_results/relative_position_fusion/test_ugv_state_adapter.gtest.xml
Running main() from /opt/ros/humble/src/gtest_vendor/src/gtest_main.cc
[==========] Running 2 tests from 1 test suite.
[----------] Global test environment set-up.
[----------] 2 tests from UgvStateAdapterTest
[ RUN      ] UgvStateAdapterTest.PrefersAmclPoseAndFilteredVelocity
[       OK ] UgvStateAdapterTest.PrefersAmclPoseAndFilteredVelocity (13 ms)
[ RUN      ] UgvStateAdapterTest.FallsBackToOdomPoseWhenEnabled
[       OK ] UgvStateAdapterTest.FallsBackToOdomPoseWhenEnabled (7 ms)
[----------] 2 tests from UgvStateAdapterTest (20 ms total)

[----------] Global test environment tear-down
[==========] 2 tests from 1 test suite ran. (26 ms total)
[  PASSED  ] 2 tests.
-- run_test.py: return code 0
-- run_test.py: inject classname prefix into gtest result file '/home/th1rt3en/DOCO/ws/build_rework/relative_position_fusion/test_results/relative_position_fusion/test_ugv_state_adapter.gtest.xml'
-- run_test.py: verify result file '/home/th1rt3en/DOCO/ws/build_rework/relative_position_fusion/test_results/relative_position_fusion/test_ugv_state_adapter.gtest.xml'
</Value>
				</Measurement>
			</Results>
			<Labels>
				<Label>gtest</Label>
			</Labels>
		</Test>
		<EndDateTime>Mar 12 15:33 CST</EndDateTime>
		<EndTestTime>1773300806</EndTestTime>
		<ElapsedMinutes>0</ElapsedMinutes>
	</Testing>
</Site>
