<?xml version="1.0" encoding="UTF-8"?>
<Site BuildName="(empty)"
	BuildStamp="20260312-0733-Experimental"
	Name="TH1RT3EN-LAB"
	Generator="ctest-3.22.1"
	CompilerName="/usr/bin/c++"
	CompilerVersion="11.4.0"
	OSName="Linux"
	Hostname="TH1RT3EN-LAB"
	OSRelease="6.8.0-100-generic"
	OSVersion="#100~22.04.1-Ubuntu SMP PREEMPT_DYNAMIC Mon Jan 19 17:10:19 UTC "
	OSPlatform="x86_64"
	Is64Bits="1"
	VendorString="AuthenticAMD"
	VendorID="Advanced Micro Devices"
	FamilyID="25"
	ModelID="116"
	ProcessorCacheSize="1024"
	NumberOfLogicalCPU="16"
	NumberOfPhysicalCPU="8"
	TotalVirtualMemory="2047"
	TotalPhysicalMemory="27744"
	LogicalProcessorsPerPhysical="2"
	ProcessorClockFrequency="2383"
	>
	<Testing>
		<StartDateTime>Mar 12 15:33 CST</StartDateTime>
		<StartTestTime>1773300806</StartTestTime>
		<TestList>
			<Test>./test_px4_odom_adapter_logic</Test>
			<Test>./test_uav_state_bridge_logic</Test>
			<Test>./test_uav_control_logic</Test>
			<Test>./cppcheck</Test>
			<Test>./lint_cmake</Test>
			<Test>./uncrustify</Test>
			<Test>./xmllint</Test>
		</TestList>
		<Test Status="passed">
			<Name>test_px4_odom_adapter_logic</Name>
			<Path>.</Path>
			<FullName>./test_px4_odom_adapter_logic</FullName>
			<FullCommandLine>/usr/bin/python3 "-u" "/opt/ros/humble/share/ament_cmake_test/cmake/run_test.py" "/home/th1rt3en/DOCO/ws/build_rework/uav_bridge/test_results/uav_bridge/test_px4_odom_adapter_logic.gtest.xml" "--package-name" "uav_bridge" "--output-file" "/home/th1rt3en/DOCO/ws/build_rework/uav_bridge/ament_cmake_gtest/test_px4_odom_adapter_logic.txt" "--command" "/home/th1rt3en/DOCO/ws/build_rework/uav_bridge/test_px4_odom_adapter_logic" "--gtest_output=xml:/home/th1rt3en/DOCO/ws/build_rework/uav_bridge/test_results/uav_bridge/test_px4_odom_adapter_logic.gtest.xml"</FullCommandLine>
			<Results>
				<NamedMeasurement type="numeric/double" name="Execution Time">
					<Value>0.0640632</Value>
				</NamedMeasurement>
				<NamedMeasurement type="numeric/double" name="Processors">
					<Value>1</Value>
				</NamedMeasurement>
				<NamedMeasurement type="text/string" name="Completion Status">
					<Value>Completed</Value>
				</NamedMeasurement>
				<NamedMeasurement type="text/string" name="Command Line">
					<Value>/usr/bin/python3 "-u" "/opt/ros/humble/share/ament_cmake_test/cmake/run_test.py" "/home/th1rt3en/DOCO/ws/build_rework/uav_bridge/test_results/uav_bridge/test_px4_odom_adapter_logic.gtest.xml" "--package-name" "uav_bridge" "--output-file" "/home/th1rt3en/DOCO/ws/build_rework/uav_bridge/ament_cmake_gtest/test_px4_odom_adapter_logic.txt" "--command" "/home/th1rt3en/DOCO/ws/build_rework/uav_bridge/test_px4_odom_adapter_logic" "--gtest_output=xml:/home/th1rt3en/DOCO/ws/build_rework/uav_bridge/test_results/uav_bridge/test_px4_odom_adapter_logic.gtest.xml"</Value>
				</NamedMeasurement>
				<NamedMeasurement type="text/string" name="Environment">
					<Value>#CTEST_RESOURCE_GROUP_COUNT=</Value>
				</NamedMeasurement>
				<Measurement>
					<Value>-- run_test.py: invoking following command in '/home/th1rt3en/DOCO/ws/build_rework/uav_bridge':
 - /home/th1rt3en/DOCO/ws/build_rework/uav_bridge/test_px4_odom_adapter_logic --gtest_output=xml:/home/th1rt3en/DOCO/ws/build_rework/uav_bridge/test_results/uav_bridge/test_px4_odom_adapter_logic.gtest.xml
Running main() from /opt/ros/humble/src/gtest_vendor/src/gtest_main.cc
[==========] Running 4 tests from 1 test suite.
[----------] Global test environment set-up.
[----------] 4 tests from Px4OdomAdapterLogic
[ RUN      ] Px4OdomAdapterLogic.ResolvesOdometryPoseVelocityAndCovariance
[       OK ] Px4OdomAdapterLogic.ResolvesOdometryPoseVelocityAndCovariance (0 ms)
[ RUN      ] Px4OdomAdapterLogic.FallsBackToLocalPositionHeadingAndVelocity
[       OK ] Px4OdomAdapterLogic.FallsBackToLocalPositionHeadingAndVelocity (0 ms)
[ RUN      ] Px4OdomAdapterLogic.ConvertsBodyVelocityToWorldEnu
[       OK ] Px4OdomAdapterLogic.ConvertsBodyVelocityToWorldEnu (0 ms)
[ RUN      ] Px4OdomAdapterLogic.WrapsYawRateAcrossPiBoundary
[       OK ] Px4OdomAdapterLogic.WrapsYawRateAcrossPiBoundary (0 ms)
[----------] 4 tests from Px4OdomAdapterLogic (0 ms total)

[----------] Global test environment tear-down
[==========] 4 tests from 1 test suite ran. (0 ms total)
[  PASSED  ] 4 tests.
-- run_test.py: return code 0
-- run_test.py: inject classname prefix into gtest result file '/home/th1rt3en/DOCO/ws/build_rework/uav_bridge/test_results/uav_bridge/test_px4_odom_adapter_logic.gtest.xml'
-- run_test.py: verify result file '/home/th1rt3en/DOCO/ws/build_rework/uav_bridge/test_results/uav_bridge/test_px4_odom_adapter_logic.gtest.xml'
</Value>
				</Measurement>
			</Results>
			<Labels>
				<Label>gtest</Label>
			</Labels>
		</Test>
		<Test Status="passed">
			<Name>test_uav_state_bridge_logic</Name>
			<Path>.</Path>
			<FullName>./test_uav_state_bridge_logic</FullName>
			<FullCommandLine>/usr/bin/python3 "-u" "/opt/ros/humble/share/ament_cmake_test/cmake/run_test.py" "/home/th1rt3en/DOCO/ws/build_rework/uav_bridge/test_results/uav_bridge/test_uav_state_bridge_logic.gtest.xml" "--package-name" "uav_bridge" "--output-file" "/home/th1rt3en/DOCO/ws/build_rework/uav_bridge/ament_cmake_gtest/test_uav_state_bridge_logic.txt" "--command" "/home/th1rt3en/DOCO/ws/build_rework/uav_bridge/test_uav_state_bridge_logic" "--gtest_output=xml:/home/th1rt3en/DOCO/ws/build_rework/uav_bridge/test_results/uav_bridge/test_uav_state_bridge_logic.gtest.xml"</FullCommandLine>
			<Results>
				<NamedMeasurement type="numeric/double" name="Execution Time">
					<Value>0.0642633</Value>
				</NamedMeasurement>
				<NamedMeasurement type="numeric/double" name="Processors">
					<Value>1</Value>
				</NamedMeasurement>
				<NamedMeasurement type="text/string" name="Completion Status">
					<Value>Completed</Value>
				</NamedMeasurement>
				<NamedMeasurement type="text/string" name="Command Line">
					<Value>/usr/bin/python3 "-u" "/opt/ros/humble/share/ament_cmake_test/cmake/run_test.py" "/home/th1rt3en/DOCO/ws/build_rework/uav_bridge/test_results/uav_bridge/test_uav_state_bridge_logic.gtest.xml" "--package-name" "uav_bridge" "--output-file" "/home/th1rt3en/DOCO/ws/build_rework/uav_bridge/ament_cmake_gtest/test_uav_state_bridge_logic.txt" "--command" "/home/th1rt3en/DOCO/ws/build_rework/uav_bridge/test_uav_state_bridge_logic" "--gtest_output=xml:/home/th1rt3en/DOCO/ws/build_rework/uav_bridge/test_results/uav_bridge/test_uav_state_bridge_logic.gtest.xml"</Value>
				</NamedMeasurement>
				<NamedMeasurement type="text/string" name="Environment">
					<Value>#CTEST_RESOURCE_GROUP_COUNT=</Value>
				</NamedMeasurement>
				<Measurement>
					<Value>-- run_test.py: invoking following command in '/home/th1rt3en/DOCO/ws/build_rework/uav_bridge':
 - /home/th1rt3en/DOCO/ws/build_rework/uav_bridge/test_uav_state_bridge_logic --gtest_output=xml:/home/th1rt3en/DOCO/ws/build_rework/uav_bridge/test_results/uav_bridge/test_uav_state_bridge_logic.gtest.xml
Running main() from /opt/ros/humble/src/gtest_vendor/src/gtest_main.cc
[==========] Running 3 tests from 1 test suite.
[----------] Global test environment set-up.
[----------] 3 tests from UavStateBridgeLogic
[ RUN      ] UavStateBridgeLogic.ConvertsBodyFrdVelocityToBodyFlu
[       OK ] UavStateBridgeLogic.ConvertsBodyFrdVelocityToBodyFlu (0 ms)
[ RUN      ] UavStateBridgeLogic.ConvertsWorldVelocityToBodyUsingHeadingFallback
[       OK ] UavStateBridgeLogic.ConvertsWorldVelocityToBodyUsingHeadingFallback (0 ms)
[ RUN      ] UavStateBridgeLogic.UsesOdometryPositionWhenAvailable
[       OK ] UavStateBridgeLogic.UsesOdometryPositionWhenAvailable (0 ms)
[----------] 3 tests from UavStateBridgeLogic (0 ms total)

[----------] Global test environment tear-down
[==========] 3 tests from 1 test suite ran. (0 ms total)
[  PASSED  ] 3 tests.
-- run_test.py: return code 0
-- run_test.py: inject classname prefix into gtest result file '/home/th1rt3en/DOCO/ws/build_rework/uav_bridge/test_results/uav_bridge/test_uav_state_bridge_logic.gtest.xml'
-- run_test.py: verify result file '/home/th1rt3en/DOCO/ws/build_rework/uav_bridge/test_results/uav_bridge/test_uav_state_bridge_logic.gtest.xml'
</Value>
				</Measurement>
			</Results>
			<Labels>
				<Label>gtest</Label>
			</Labels>
		</Test>
		<Test Status="passed">
			<Name>test_uav_control_logic</Name>
			<Path>.</Path>
			<FullName>./test_uav_control_logic</FullName>
			<FullCommandLine>/usr/bin/python3 "-u" "/opt/ros/humble/share/ament_cmake_test/cmake/run_test.py" "/home/th1rt3en/DOCO/ws/build_rework/uav_bridge/test_results/uav_bridge/test_uav_control_logic.gtest.xml" "--package-name" "uav_bridge" "--output-file" "/home/th1rt3en/DOCO/ws/build_rework/uav_bridge/ament_cmake_gtest/test_uav_control_logic.txt" "--command" "/home/th1rt3en/DOCO/ws/build_rework/uav_bridge/test_uav_control_logic" "--gtest_output=xml:/home/th1rt3en/DOCO/ws/build_rework/uav_bridge/test_results/uav_bridge/test_uav_control_logic.gtest.xml"</FullCommandLine>
			<Results>
				<NamedMeasurement type="numeric/double" name="Execution Time">
					<Value>0.0615489</Value>
				</NamedMeasurement>
				<NamedMeasurement type="numeric/double" name="Processors">
					<Value>1</Value>
				</NamedMeasurement>
				<NamedMeasurement type="text/string" name="Completion Status">
					<Value>Completed</Value>
				</NamedMeasurement>
				<NamedMeasurement type="text/string" name="Command Line">
					<Value>/usr/bin/python3 "-u" "/opt/ros/humble/share/ament_cmake_test/cmake/run_test.py" "/home/th1rt3en/DOCO/ws/build_rework/uav_bridge/test_results/uav_bridge/test_uav_control_logic.gtest.xml" "--package-name" "uav_bridge" "--output-file" "/home/th1rt3en/DOCO/ws/build_rework/uav_bridge/ament_cmake_gtest/test_uav_control_logic.txt" "--command" "/home/th1rt3en/DOCO/ws/build_rework/uav_bridge/test_uav_control_logic" "--gtest_output=xml:/home/th1rt3en/DOCO/ws/build_rework/uav_bridge/test_results/uav_bridge/test_uav_control_logic.gtest.xml"</Value>
				</NamedMeasurement>
				<NamedMeasurement type="text/string" name="Environment">
					<Value>#CTEST_RESOURCE_GROUP_COUNT=</Value>
				</NamedMeasurement>
				<Measurement>
					<Value>-- run_test.py: invoking following command in '/home/th1rt3en/DOCO/ws/build_rework/uav_bridge':
 - /home/th1rt3en/DOCO/ws/build_rework/uav_bridge/test_uav_control_logic --gtest_output=xml:/home/th1rt3en/DOCO/ws/build_rework/uav_bridge/test_results/uav_bridge/test_uav_control_logic.gtest.xml
Running main() from /opt/ros/humble/src/gtest_vendor/src/gtest_main.cc
[==========] Running 3 tests from 1 test suite.
[----------] Global test environment set-up.
[----------] 3 tests from UavControlLogic
[ RUN      ] UavControlLogic.VelocityBodyOverridesAutoAndFallsBackToHold
[       OK ] UavControlLogic.VelocityBodyOverridesAutoAndFallsBackToHold (0 ms)
[ RUN      ] UavControlLogic.AutoEnableRequiresTrajectoryAndNoLanding
[       OK ] UavControlLogic.AutoEnableRequiresTrajectoryAndNoLanding (0 ms)
[ RUN      ] UavControlLogic.LandingCompletesToHold
[       OK ] UavControlLogic.LandingCompletesToHold (0 ms)
[----------] 3 tests from UavControlLogic (0 ms total)

[----------] Global test environment tear-down
[==========] 3 tests from 1 test suite ran. (0 ms total)
[  PASSED  ] 3 tests.
-- run_test.py: return code 0
-- run_test.py: inject classname prefix into gtest result file '/home/th1rt3en/DOCO/ws/build_rework/uav_bridge/test_results/uav_bridge/test_uav_control_logic.gtest.xml'
-- run_test.py: verify result file '/home/th1rt3en/DOCO/ws/build_rework/uav_bridge/test_results/uav_bridge/test_uav_control_logic.gtest.xml'
</Value>
				</Measurement>
			</Results>
			<Labels>
				<Label>gtest</Label>
			</Labels>
		</Test>
		<Test Status="passed">
			<Name>cppcheck</Name>
			<Path>.</Path>
			<FullName>./cppcheck</FullName>
			<FullCommandLine>/usr/bin/python3 "-u" "/opt/ros/humble/share/ament_cmake_test/cmake/run_test.py" "/home/th1rt3en/DOCO/ws/build_rework/uav_bridge/test_results/uav_bridge/cppcheck.xunit.xml" "--package-name" "uav_bridge" "--output-file" "/home/th1rt3en/DOCO/ws/build_rework/uav_bridge/ament_cppcheck/cppcheck.txt" "--command" "/opt/ros/humble/bin/ament_cppcheck" "--xunit-file" "/home/th1rt3en/DOCO/ws/build_rework/uav_bridge/test_results/uav_bridge/cppcheck.xunit.xml" "--include_dirs" "/home/th1rt3en/DOCO/ws/src/uav_bridge/include"</FullCommandLine>
			<Results>
				<NamedMeasurement type="numeric/double" name="Execution Time">
					<Value>0.13461</Value>
				</NamedMeasurement>
				<NamedMeasurement type="numeric/double" name="Processors">
					<Value>1</Value>
				</NamedMeasurement>
				<NamedMeasurement type="text/string" name="Completion Status">
					<Value>Completed</Value>
				</NamedMeasurement>
				<NamedMeasurement type="text/string" name="Command Line">
					<Value>/usr/bin/python3 "-u" "/opt/ros/humble/share/ament_cmake_test/cmake/run_test.py" "/home/th1rt3en/DOCO/ws/build_rework/uav_bridge/test_results/uav_bridge/cppcheck.xunit.xml" "--package-name" "uav_bridge" "--output-file" "/home/th1rt3en/DOCO/ws/build_rework/uav_bridge/ament_cppcheck/cppcheck.txt" "--command" "/opt/ros/humble/bin/ament_cppcheck" "--xunit-file" "/home/th1rt3en/DOCO/ws/build_rework/uav_bridge/test_results/uav_bridge/cppcheck.xunit.xml" "--include_dirs" "/home/th1rt3en/DOCO/ws/src/uav_bridge/include"</Value>
				</NamedMeasurement>
				<NamedMeasurement type="text/string" name="Environment">
					<Value>#CTEST_RESOURCE_GROUP_COUNT=</Value>
				</NamedMeasurement>
				<Measurement>
					<Value>-- run_test.py: invoking following command in '/home/th1rt3en/DOCO/ws/src/uav_bridge':
 - /opt/ros/humble/bin/ament_cppcheck --xunit-file /home/th1rt3en/DOCO/ws/build_rework/uav_bridge/test_results/uav_bridge/cppcheck.xunit.xml --include_dirs /home/th1rt3en/DOCO/ws/src/uav_bridge/include
cppcheck 2.7 has known performance issues and therefore will not be used, set the AMENT_CPPCHECK_ALLOW_SLOW_VERSIONS environment variable to override this.
-- run_test.py: return code 0
-- run_test.py: verify result file '/home/th1rt3en/DOCO/ws/build_rework/uav_bridge/test_results/uav_bridge/cppcheck.xunit.xml'
</Value>
				</Measurement>
			</Results>
			<Labels>
				<Label>cppcheck</Label>
				<Label>linter</Label>
			</Labels>
		</Test>
		<Test Status="passed">
			<Name>lint_cmake</Name>
			<Path>.</Path>
			<FullName>./lint_cmake</FullName>
			<FullCommandLine>/usr/bin/python3 "-u" "/opt/ros/humble/share/ament_cmake_test/cmake/run_test.py" "/home/th1rt3en/DOCO/ws/build_rework/uav_bridge/test_results/uav_bridge/lint_cmake.xunit.xml" "--package-name" "uav_bridge" "--output-file" "/home/th1rt3en/DOCO/ws/build_rework/uav_bridge/ament_lint_cmake/lint_cmake.txt" "--command" "/opt/ros/humble/bin/ament_lint_cmake" "--xunit-file" "/home/th1rt3en/DOCO/ws/build_rework/uav_bridge/test_results/uav_bridge/lint_cmake.xunit.xml"</FullCommandLine>
			<Results>
				<NamedMeasurement type="numeric/double" name="Execution Time">
					<Value>0.136476</Value>
				</NamedMeasurement>
				<NamedMeasurement type="numeric/double" name="Processors">
					<Value>1</Value>
				</NamedMeasurement>
				<NamedMeasurement type="text/string" name="Completion Status">
					<Value>Completed</Value>
				</NamedMeasurement>
				<NamedMeasurement type="text/string" name="Command Line">
					<Value>/usr/bin/python3 "-u" "/opt/ros/humble/share/ament_cmake_test/cmake/run_test.py" "/home/th1rt3en/DOCO/ws/build_rework/uav_bridge/test_results/uav_bridge/lint_cmake.xunit.xml" "--package-name" "uav_bridge" "--output-file" "/home/th1rt3en/DOCO/ws/build_rework/uav_bridge/ament_lint_cmake/lint_cmake.txt" "--command" "/opt/ros/humble/bin/ament_lint_cmake" "--xunit-file" "/home/th1rt3en/DOCO/ws/build_rework/uav_bridge/test_results/uav_bridge/lint_cmake.xunit.xml"</Value>
				</NamedMeasurement>
				<NamedMeasurement type="text/string" name="Environment">
					<Value>#CTEST_RESOURCE_GROUP_COUNT=</Value>
				</NamedMeasurement>
				<Measurement>
					<Value>-- run_test.py: invoking following command in '/home/th1rt3en/DOCO/ws/src/uav_bridge':
 - /opt/ros/humble/bin/ament_lint_cmake --xunit-file /home/th1rt3en/DOCO/ws/build_rework/uav_bridge/test_results/uav_bridge/lint_cmake.xunit.xml

No problems found
-- run_test.py: return code 0
-- run_test.py: verify result file '/home/th1rt3en/DOCO/ws/build_rework/uav_bridge/test_results/uav_bridge/lint_cmake.xunit.xml'
</Value>
				</Measurement>
			</Results>
			<Labels>
				<Label>lint_cmake</Label>
				<Label>linter</Label>
			</Labels>
		</Test>
		<Test Status="failed">
			<Name>uncrustify</Name>
			<Path>.</Path>
			<FullName>./uncrustify</FullName>
			<FullCommandLine>/usr/bin/python3 "-u" "/opt/ros/humble/share/ament_cmake_test/cmake/run_test.py" "/home/th1rt3en/DOCO/ws/build_rework/uav_bridge/test_results/uav_bridge/uncrustify.xunit.xml" "--package-name" "uav_bridge" "--output-file" "/home/th1rt3en/DOCO/ws/build_rework/uav_bridge/ament_uncrustify/uncrustify.txt" "--command" "/opt/ros/humble/bin/ament_uncrustify" "--xunit-file" "/home/th1rt3en/DOCO/ws/build_rework/uav_bridge/test_results/uav_bridge/uncrustify.xunit.xml"</FullCommandLine>
			<Results>
				<NamedMeasurement type="text/string" name="Exit Code">
					<Value>Failed</Value>
				</NamedMeasurement>
				<NamedMeasurement type="text/string" name="Exit Value">
					<Value>1</Value>
				</NamedMeasurement>
				<NamedMeasurement type="numeric/double" name="Execution Time">
					<Value>0.454683</Value>
				</NamedMeasurement>
				<NamedMeasurement type="numeric/double" name="Processors">
					<Value>1</Value>
				</NamedMeasurement>
				<NamedMeasurement type="text/string" name="Completion Status">
					<Value>Completed</Value>
				</NamedMeasurement>
				<NamedMeasurement type="text/string" name="Command Line">
					<Value>/usr/bin/python3 "-u" "/opt/ros/humble/share/ament_cmake_test/cmake/run_test.py" "/home/th1rt3en/DOCO/ws/build_rework/uav_bridge/test_results/uav_bridge/uncrustify.xunit.xml" "--package-name" "uav_bridge" "--output-file" "/home/th1rt3en/DOCO/ws/build_rework/uav_bridge/ament_uncrustify/uncrustify.txt" "--command" "/opt/ros/humble/bin/ament_uncrustify" "--xunit-file" "/home/th1rt3en/DOCO/ws/build_rework/uav_bridge/test_results/uav_bridge/uncrustify.xunit.xml"</Value>
				</NamedMeasurement>
				<NamedMeasurement type="text/string" name="Environment">
					<Value>#CTEST_RESOURCE_GROUP_COUNT=</Value>
				</NamedMeasurement>
				<Measurement>
					<Value>-- run_test.py: invoking following command in '/home/th1rt3en/DOCO/ws/src/uav_bridge':
 - /opt/ros/humble/bin/ament_uncrustify --xunit-file /home/th1rt3en/DOCO/ws/build_rework/uav_bridge/test_results/uav_bridge/uncrustify.xunit.xml
Code style divergence in file 'include/uav_bridge/flight_mode_manager.hpp':

--- include/uav_bridge/flight_mode_manager.hpp
+++ include/uav_bridge/flight_mode_manager.hpp.uncrustify
@@ -60,3 +60,3 @@
-  Mode getMode() const { return mode_; }
-  bool isArmed() const { return is_armed_; }
-  bool isOffboardMode() const { return is_offboard_mode_; }
+  Mode getMode() const {return mode_;}
+  bool isArmed() const {return is_armed_;}
+  bool isOffboardMode() const {return is_offboard_mode_;}
@@ -68 +68,3 @@
-  bool getActivePositionCommand(quadrotor_msgs::msg::PositionCommand &amp; cmd, const rclcpp::Time &amp; stamp);
+  bool getActivePositionCommand(
+    quadrotor_msgs::msg::PositionCommand &amp; cmd,
+    const rclcpp::Time &amp; stamp);

Code style divergence in file 'include/uav_bridge/frame_aligner.hpp':

--- include/uav_bridge/frame_aligner.hpp
+++ include/uav_bridge/frame_aligner.hpp.uncrustify
@@ -13,7 +13,7 @@
-    struct FrameAlignerConfig
-    {
-        bool lock_on_first_valid{true};
-        float alpha{0.02f};
-        bool relock_on_reset{true};
-        bool enable_yaw_alignment{true};
-    };
+struct FrameAlignerConfig
+{
+  bool lock_on_first_valid{true};
+  float alpha{0.02f};
+  bool relock_on_reset{true};
+  bool enable_yaw_alignment{true};
+};
@@ -21,4 +21,4 @@
-    class FrameAligner
-    {
-    public:
-        using Config = FrameAlignerConfig;
+class FrameAligner
+{
+public:
+  using Config = FrameAlignerConfig;
@@ -26,3 +26,3 @@
-        explicit FrameAligner(
-            Config config = Config{},
-            rclcpp::Logger logger = rclcpp::get_logger("frame_aligner"));
+  explicit FrameAligner(
+    Config config = Config{},
+    rclcpp::Logger logger = rclcpp::get_logger("frame_aligner"));
@@ -30 +30 @@
-        void updatePlannerPose(const std::array&lt;float, 3&gt; &amp;enu_pos, float yaw_enu);
+  void updatePlannerPose(const std::array&lt;float, 3&gt; &amp; enu_pos, float yaw_enu);
@@ -32,8 +32,8 @@
-        void updatePx4Pose(
-            const std::array&lt;float, 3&gt; &amp;ned_pos,
-            uint8_t xy_reset_counter,
-            uint8_t z_reset_counter,
-            float delta_xy_x = std::numeric_limits&lt;float&gt;::quiet_NaN(),
-            float delta_xy_y = std::numeric_limits&lt;float&gt;::quiet_NaN(),
-            float delta_z = std::numeric_limits&lt;float&gt;::quiet_NaN(),
-            float heading_ned = std::numeric_limits&lt;float&gt;::quiet_NaN());
+  void updatePx4Pose(
+    const std::array&lt;float, 3&gt; &amp; ned_pos,
+    uint8_t xy_reset_counter,
+    uint8_t z_reset_counter,
+    float delta_xy_x = std::numeric_limits&lt;float&gt;::quiet_NaN(),
+    float delta_xy_y = std::numeric_limits&lt;float&gt;::quiet_NaN(),
+    float delta_z = std::numeric_limits&lt;float&gt;::quiet_NaN(),
+    float heading_ned = std::numeric_limits&lt;float&gt;::quiet_NaN());
@@ -41,2 +41,2 @@
-        std::array&lt;float, 3&gt; getOffsetNed() const { return frame_offset_ned_; }
-        float getYawOffsetNed() const { return yaw_offset_ned_; }
+  std::array&lt;float, 3&gt; getOffsetNed() const {return frame_offset_ned_;}
+  float getYawOffsetNed() const {return yaw_offset_ned_;}
@@ -44 +44 @@
-        bool isAligned() const { return has_alignment_; }
+  bool isAligned() const {return has_alignment_;}
@@ -46 +46 @@
-        bool hasPx4Pose() const { return has_px4_pos_; }
+  bool hasPx4Pose() const {return has_px4_pos_;}
@@ -48 +48 @@
-        void forceRealign() { force_realign_ = true; }
+  void forceRealign() {force_realign_ = true;}
@@ -50 +50 @@
-        void reset();
+  void reset();
@@ -52,2 +52,2 @@
-    private:
-        void compute();
+private:
+  void compute();
@@ -55,2 +55,2 @@
-        Config config_;
-        rclcpp::Logger logger_;
+  Config config_;
+  rclcpp::Logger logger_;
@@ -58,7 +58,7 @@
-        bool has_planner_pos_{false};
-        bool has_planner_yaw_{false};
-        bool has_px4_pos_{false};
-        bool has_px4_heading_{false};
-        bool has_alignment_{false};
-        bool has_yaw_alignment_{false};
-        bool force_realign_{false};
+  bool has_planner_pos_{false};
+  bool has_planner_yaw_{false};
+  bool has_px4_pos_{false};
+  bool has_px4_heading_{false};
+  bool has_alignment_{false};
+  bool has_yaw_alignment_{false};
+  bool force_realign_{false};
@@ -66,6 +66,6 @@
-        std::array&lt;float, 3&gt; planner_enu_{0.0f, 0.0f, 0.0f};
-        float planner_yaw_enu_{0.0f};
-        std::array&lt;float, 3&gt; px4_ned_{0.0f, 0.0f, 0.0f};
-        float px4_heading_ned_{0.0f};
-        std::array&lt;float, 3&gt; frame_offset_ned_{0.0f, 0.0f, 0.0f};
-        float yaw_offset_ned_{0.0f};
+  std::array&lt;float, 3&gt; planner_enu_{0.0f, 0.0f, 0.0f};
+  float planner_yaw_enu_{0.0f};
+  std::array&lt;float, 3&gt; px4_ned_{0.0f, 0.0f, 0.0f};
+  float px4_heading_ned_{0.0f};
+  std::array&lt;float, 3&gt; frame_offset_ned_{0.0f, 0.0f, 0.0f};
+  float yaw_offset_ned_{0.0f};
@@ -73,3 +73,3 @@
-        uint8_t px4_xy_reset_counter_{0};
-        uint8_t px4_z_reset_counter_{0};
-    };
+  uint8_t px4_xy_reset_counter_{0};
+  uint8_t px4_z_reset_counter_{0};
+};

Code style divergence in file 'include/uav_bridge/gz_topic_utils.hpp':

--- include/uav_bridge/gz_topic_utils.hpp
+++ include/uav_bridge/gz_topic_utils.hpp.uncrustify
@@ -5 +5,2 @@
-namespace uav_bridge::gz_topics {
+namespace uav_bridge::gz_topics
+{
@@ -7 +8,2 @@
-inline std::string WorldPrefix(const std::string &amp;gz_world_name) {
+inline std::string WorldPrefix(const std::string &amp; gz_world_name)
+{
@@ -11 +13,2 @@
-inline std::string PoseInfo(const std::string &amp;gz_world_name) {
+inline std::string PoseInfo(const std::string &amp; gz_world_name)
+{
@@ -15 +18,2 @@
-inline std::string Clock(const std::string &amp;gz_world_name) {
+inline std::string Clock(const std::string &amp; gz_world_name)
+{
@@ -19,4 +23,6 @@
-inline std::string SensorPrefix(const std::string &amp;gz_world_name,
-                                const std::string &amp;model_name,
-                                const std::string &amp;link_name,
-                                const std::string &amp;sensor_name) {
+inline std::string SensorPrefix(
+  const std::string &amp; gz_world_name,
+  const std::string &amp; model_name,
+  const std::string &amp; link_name,
+  const std::string &amp; sensor_name)
+{
@@ -27,4 +33,6 @@
-inline std::string Image(const std::string &amp;gz_world_name,
-                         const std::string &amp;model_name,
-                         const std::string &amp;link_name,
-                         const std::string &amp;sensor_name) {
+inline std::string Image(
+  const std::string &amp; gz_world_name,
+  const std::string &amp; model_name,
+  const std::string &amp; link_name,
+  const std::string &amp; sensor_name)
+{
@@ -35,4 +43,6 @@
-inline std::string DepthImage(const std::string &amp;gz_world_name,
-                              const std::string &amp;model_name,
-                              const std::string &amp;link_name,
-                              const std::string &amp;sensor_name) {
+inline std::string DepthImage(
+  const std::string &amp; gz_world_name,
+  const std::string &amp; model_name,
+  const std::string &amp; link_name,
+  const std::string &amp; sensor_name)
+{
@@ -43,4 +53,6 @@
-inline std::string DepthPoints(const std::string &amp;gz_world_name,
-                               const std::string &amp;model_name,
-                               const std::string &amp;link_name,
-                               const std::string &amp;sensor_name) {
+inline std::string DepthPoints(
+  const std::string &amp; gz_world_name,
+  const std::string &amp; model_name,
+  const std::string &amp; link_name,
+  const std::string &amp; sensor_name)
+{
@@ -51,4 +63,6 @@
-inline std::string Scan(const std::string &amp;gz_world_name,
-                        const std::string &amp;model_name,
-                        const std::string &amp;link_name,
-                        const std::string &amp;sensor_name) {
+inline std::string Scan(
+  const std::string &amp; gz_world_name,
+  const std::string &amp; model_name,
+  const std::string &amp; link_name,
+  const std::string &amp; sensor_name)
+{
@@ -59,4 +73,6 @@
-inline std::string Imu(const std::string &amp;gz_world_name,
-                       const std::string &amp;model_name,
-                       const std::string &amp;link_name,
-                       const std::string &amp;sensor_name) {
+inline std::string Imu(
+  const std::string &amp; gz_world_name,
+  const std::string &amp; model_name,
+  const std::string &amp; link_name,
+  const std::string &amp; sensor_name)
+{

Code style divergence in file 'include/uav_bridge/math_utils.hpp':

--- include/uav_bridge/math_utils.hpp
+++ include/uav_bridge/math_utils.hpp.uncrustify
@@ -9,8 +9,8 @@
-    float normalizeAngle(float angle);
-    float enuYawToNed(float yaw_enu);
-    std::array&lt;float, 3&gt; enuPositionToNed(float x_enu, float y_enu, float z_enu);
-    float quaternionToYaw(const geometry_msgs::msg::Quaternion &amp;q);
-    bool isFiniteVector(const std::array&lt;float, 3&gt; &amp;value);
-    float vectorNorm(const std::array&lt;float, 3&gt; &amp;value);
-    bool clampVectorNorm(std::array&lt;float, 3&gt; &amp;value, float max_norm);
-}  // namespace uav_bridge
+float normalizeAngle(float angle);
+float enuYawToNed(float yaw_enu);
+std::array&lt;float, 3&gt; enuPositionToNed(float x_enu, float y_enu, float z_enu);
+float quaternionToYaw(const geometry_msgs::msg::Quaternion &amp; q);
+bool isFiniteVector(const std::array&lt;float, 3&gt; &amp; value);
+float vectorNorm(const std::array&lt;float, 3&gt; &amp; value);
+bool clampVectorNorm(std::array&lt;float, 3&gt; &amp; value, float max_norm);
+}  // namespace uav_bridge

Code style divergence in file 'src/flight_mode_manager.cpp':

--- src/flight_mode_manager.cpp
+++ src/flight_mode_manager.cpp.uncrustify
@@ -313 +313 @@
-      if (!has_auto_cmd_) return false;
+      if (!has_auto_cmd_) {return false;}
@@ -318 +318 @@
-      if (!manual_target_valid_) return false;
+      if (!manual_target_valid_) {return false;}

Code style divergence in file 'src/fmu_topic_namespace_bridge_node.cpp':

--- src/fmu_topic_namespace_bridge_node.cpp
+++ src/fmu_topic_namespace_bridge_node.cpp.uncrustify
@@ -21 +21,2 @@
-  FmuTopicNamespaceBridgeNode() : Node("fmu_topic_namespace_bridge")
+  FmuTopicNamespaceBridgeNode()
+  : Node("fmu_topic_namespace_bridge")

Code style divergence in file 'src/frame_aligner.cpp':

--- src/frame_aligner.cpp
+++ src/frame_aligner.cpp.uncrustify
@@ -10,9 +10,9 @@
-    namespace
-    {
-        std::array&lt;float, 2&gt; rotateNedXY(const std::array&lt;float, 2&gt; &amp;xy, float yaw)
-        {
-            const float c = std::cos(yaw);
-            const float s = std::sin(yaw);
-            return {(c * xy[0]) - (s * xy[1]), (s * xy[0]) + (c * xy[1])};
-        }
-    } // namespace
+namespace
+{
+std::array&lt;float, 2&gt; rotateNedXY(const std::array&lt;float, 2&gt; &amp; xy, float yaw)
+{
+  const float c = std::cos(yaw);
+  const float s = std::sin(yaw);
+  return {(c * xy[0]) - (s * xy[1]), (s * xy[0]) + (c * xy[1])};
+}
+}     // namespace
@@ -20,3 +20,55 @@
-    FrameAligner::FrameAligner(Config config, rclcpp::Logger logger)
-        : config_(config), logger_(logger)
-    {
+FrameAligner::FrameAligner(Config config, rclcpp::Logger logger)
+: config_(config), logger_(logger)
+{
+}
+
+void FrameAligner::updatePlannerPose(const std::array&lt;float, 3&gt; &amp; enu_pos, float yaw_enu)
+{
+  planner_enu_ = enu_pos;
+  planner_yaw_enu_ = yaw_enu;
+  has_planner_pos_ = true;
+  has_planner_yaw_ = std::isfinite(yaw_enu);
+  compute();
+}
+
+void FrameAligner::updatePx4Pose(
+  const std::array&lt;float, 3&gt; &amp; ned_pos,
+  uint8_t xy_reset_counter,
+  uint8_t z_reset_counter,
+  float delta_xy_x,
+  float delta_xy_y,
+  float delta_z,
+  float heading_ned)
+{
+  if (config_.relock_on_reset &amp;&amp; has_px4_pos_) {
+    const bool xy_reset = (xy_reset_counter != px4_xy_reset_counter_);
+    const bool z_reset = (z_reset_counter != px4_z_reset_counter_);
+    if (xy_reset || z_reset) {
+      if (has_alignment_ &amp;&amp;
+        std::isfinite(delta_xy_x) &amp;&amp;
+        std::isfinite(delta_xy_y) &amp;&amp;
+        std::isfinite(delta_z))
+      {
+        frame_offset_ned_[0] += delta_xy_x;
+        frame_offset_ned_[1] += delta_xy_y;
+        frame_offset_ned_[2] += delta_z;
+        force_realign_ = false;
+
+        RCLCPP_WARN(
+          logger_,
+          "vehicle_local_position reset detected (xy:%u-&gt;%u z:%u-&gt;%u), "
+          "shifted frame alignment by [%.3f, %.3f, %.3f] -&gt; [%.3f, %.3f, %.3f]",
+          px4_xy_reset_counter_, xy_reset_counter,
+          px4_z_reset_counter_, z_reset_counter,
+          delta_xy_x, delta_xy_y, delta_z,
+          frame_offset_ned_[0], frame_offset_ned_[1], frame_offset_ned_[2]);
+      } else {
+        force_realign_ = true;
+
+        RCLCPP_WARN(
+          logger_,
+          "vehicle_local_position reset detected (xy:%u-&gt;%u z:%u-&gt;%u), "
+          "relocking frame alignment",
+          px4_xy_reset_counter_, xy_reset_counter,
+          px4_z_reset_counter_, z_reset_counter);
+      }
@@ -23,0 +76 @@
+  }
@@ -25,7 +78,79 @@
-    void FrameAligner::updatePlannerPose(const std::array&lt;float, 3&gt; &amp;enu_pos, float yaw_enu)
-    {
-        planner_enu_ = enu_pos;
-        planner_yaw_enu_ = yaw_enu;
-        has_planner_pos_ = true;
-        has_planner_yaw_ = std::isfinite(yaw_enu);
-        compute();
+  px4_xy_reset_counter_ = xy_reset_counter;
+  px4_z_reset_counter_ = z_reset_counter;
+  px4_ned_ = ned_pos;
+  if (std::isfinite(heading_ned)) {
+    px4_heading_ned_ = heading_ned;
+    has_px4_heading_ = true;
+  }
+  has_px4_pos_ = true;
+  compute();
+}
+
+void FrameAligner::reset()
+{
+  has_planner_pos_ = false;
+  has_planner_yaw_ = false;
+  has_px4_pos_ = false;
+  has_px4_heading_ = false;
+  has_alignment_ = false;
+  has_yaw_alignment_ = false;
+  force_realign_ = false;
+  planner_enu_ = {0.0f, 0.0f, 0.0f};
+  planner_yaw_enu_ = 0.0f;
+  px4_ned_ = {0.0f, 0.0f, 0.0f};
+  px4_heading_ned_ = 0.0f;
+  frame_offset_ned_ = {0.0f, 0.0f, 0.0f};
+  yaw_offset_ned_ = 0.0f;
+  px4_xy_reset_counter_ = 0;
+  px4_z_reset_counter_ = 0;
+}
+
+void FrameAligner::compute()
+{
+  if (!has_planner_pos_ || !has_px4_pos_) {
+    return;
+  }
+
+  const auto planner_ned = enuPositionToNed(
+    planner_enu_[0], planner_enu_[1], planner_enu_[2]);
+
+  const bool yaw_inputs_valid =
+    config_.enable_yaw_alignment &amp;&amp;
+    has_planner_yaw_ &amp;&amp;
+    has_px4_heading_ &amp;&amp;
+    std::isfinite(px4_heading_ned_);
+
+  float target_yaw_offset_ned = yaw_offset_ned_;
+  if (yaw_inputs_valid) {
+    const float planner_yaw_ned = enuYawToNed(planner_yaw_enu_);
+    target_yaw_offset_ned = normalizeAngle(px4_heading_ned_ - planner_yaw_ned);
+  }
+
+  std::array&lt;float, 2&gt; planner_xy_rotated = {planner_ned[0], planner_ned[1]};
+  if (config_.enable_yaw_alignment) {
+    planner_xy_rotated = rotateNedXY(planner_xy_rotated, target_yaw_offset_ned);
+  }
+
+  const std::array&lt;float, 3&gt; target_offset = {
+    px4_ned_[0] - planner_xy_rotated[0],
+    px4_ned_[1] - planner_xy_rotated[1],
+    px4_ned_[2] - planner_ned[2]};
+
+  if (!has_alignment_ || force_realign_) {
+    const bool is_relock = has_alignment_ &amp;&amp; force_realign_;
+    frame_offset_ned_ = target_offset;
+    yaw_offset_ned_ = target_yaw_offset_ned;
+    has_alignment_ = true;
+    has_yaw_alignment_ = yaw_inputs_valid || !config_.enable_yaw_alignment;
+    force_realign_ = false;
+
+    if (is_relock) {
+      RCLCPP_INFO(
+        logger_,
+        "frame alignment relocked (NED offset): [%.3f, %.3f, %.3f], yaw offset=%.3f rad",
+        frame_offset_ned_[0], frame_offset_ned_[1], frame_offset_ned_[2], yaw_offset_ned_);
+    } else {
+      RCLCPP_INFO(
+        logger_,
+        "frame alignment locked (NED offset): [%.3f, %.3f, %.3f], yaw offset=%.3f rad",
+        frame_offset_ned_[0], frame_offset_ned_[1], frame_offset_ned_[2], yaw_offset_ned_);
@@ -32,0 +158,2 @@
+    return;
+  }
@@ -34,24 +161,9 @@
-    void FrameAligner::updatePx4Pose(
-        const std::array&lt;float, 3&gt; &amp;ned_pos,
-        uint8_t xy_reset_counter,
-        uint8_t z_reset_counter,
-        float delta_xy_x,
-        float delta_xy_y,
-        float delta_z,
-        float heading_ned)
-    {
-        if (config_.relock_on_reset &amp;&amp; has_px4_pos_)
-        {
-            const bool xy_reset = (xy_reset_counter != px4_xy_reset_counter_);
-            const bool z_reset = (z_reset_counter != px4_z_reset_counter_);
-            if (xy_reset || z_reset)
-            {
-                if (has_alignment_ &amp;&amp;
-                    std::isfinite(delta_xy_x) &amp;&amp;
-                    std::isfinite(delta_xy_y) &amp;&amp;
-                    std::isfinite(delta_z))
-                {
-                    frame_offset_ned_[0] += delta_xy_x;
-                    frame_offset_ned_[1] += delta_xy_y;
-                    frame_offset_ned_[2] += delta_z;
-                    force_realign_ = false;
+  if (config_.enable_yaw_alignment &amp;&amp; yaw_inputs_valid &amp;&amp; !has_yaw_alignment_) {
+    yaw_offset_ned_ = target_yaw_offset_ned;
+    frame_offset_ned_ = target_offset;
+    has_yaw_alignment_ = true;
+    RCLCPP_INFO(
+      logger_,
+      "frame yaw alignment locked after delayed heading availability: yaw offset=%.3f rad",
+      yaw_offset_ned_);
+  }
@@ -59,33 +171,4 @@
-                    RCLCPP_WARN(
-                        logger_,
-                        "vehicle_local_position reset detected (xy:%u-&gt;%u z:%u-&gt;%u), "
-                        "shifted frame alignment by [%.3f, %.3f, %.3f] -&gt; [%.3f, %.3f, %.3f]",
-                        px4_xy_reset_counter_, xy_reset_counter,
-                        px4_z_reset_counter_, z_reset_counter,
-                        delta_xy_x, delta_xy_y, delta_z,
-                        frame_offset_ned_[0], frame_offset_ned_[1], frame_offset_ned_[2]);
-                }
-                else
-                {
-                    force_realign_ = true;
-
-                    RCLCPP_WARN(
-                        logger_,
-                        "vehicle_local_position reset detected (xy:%u-&gt;%u z:%u-&gt;%u), "
-                        "relocking frame alignment",
-                        px4_xy_reset_counter_, xy_reset_counter,
-                        px4_z_reset_counter_, z_reset_counter);
-                }
-            }
-        }
-
-        px4_xy_reset_counter_ = xy_reset_counter;
-        px4_z_reset_counter_ = z_reset_counter;
-        px4_ned_ = ned_pos;
-        if (std::isfinite(heading_ned))
-        {
-            px4_heading_ned_ = heading_ned;
-            has_px4_heading_ = true;
-        }
-        has_px4_pos_ = true;
-        compute();
+  if (!config_.lock_on_first_valid) {
+    const float a = config_.alpha;
+    for (int i = 0; i &lt; 3; ++i) {
+      frame_offset_ned_[i] = (1.0f - a) * frame_offset_ned_[i] + a * target_offset[i];
@@ -93,18 +176,3 @@
-
-    void FrameAligner::reset()
-    {
-        has_planner_pos_ = false;
-        has_planner_yaw_ = false;
-        has_px4_pos_ = false;
-        has_px4_heading_ = false;
-        has_alignment_ = false;
-        has_yaw_alignment_ = false;
-        force_realign_ = false;
-        planner_enu_ = {0.0f, 0.0f, 0.0f};
-        planner_yaw_enu_ = 0.0f;
-        px4_ned_ = {0.0f, 0.0f, 0.0f};
-        px4_heading_ned_ = 0.0f;
-        frame_offset_ned_ = {0.0f, 0.0f, 0.0f};
-        yaw_offset_ned_ = 0.0f;
-        px4_xy_reset_counter_ = 0;
-        px4_z_reset_counter_ = 0;
+    if (config_.enable_yaw_alignment &amp;&amp; yaw_inputs_valid) {
+      const float yaw_error = normalizeAngle(target_yaw_offset_ned - yaw_offset_ned_);
+      yaw_offset_ned_ = normalizeAngle(yaw_offset_ned_ + (a * yaw_error));
@@ -112,86 +180,2 @@
-
-    void FrameAligner::compute()
-    {
-        if (!has_planner_pos_ || !has_px4_pos_)
-        {
-            return;
-        }
-
-        const auto planner_ned = enuPositionToNed(
-            planner_enu_[0], planner_enu_[1], planner_enu_[2]);
-
-        const bool yaw_inputs_valid =
-            config_.enable_yaw_alignment &amp;&amp;
-            has_planner_yaw_ &amp;&amp;
-            has_px4_heading_ &amp;&amp;
-            std::isfinite(px4_heading_ned_);
-
-        float target_yaw_offset_ned = yaw_offset_ned_;
-        if (yaw_inputs_valid)
-        {
-            const float planner_yaw_ned = enuYawToNed(planner_yaw_enu_);
-            target_yaw_offset_ned = normalizeAngle(px4_heading_ned_ - planner_yaw_ned);
-        }
-
-        std::array&lt;float, 2&gt; planner_xy_rotated = {planner_ned[0], planner_ned[1]};
-        if (config_.enable_yaw_alignment)
-        {
-            planner_xy_rotated = rotateNedXY(planner_xy_rotated, target_yaw_offset_ned);
-        }
-
-        const std::array&lt;float, 3&gt; target_offset = {
-            px4_ned_[0] - planner_xy_rotated[0],
-            px4_ned_[1] - planner_xy_rotated[1],
-            px4_ned_[2] - planner_ned[2]};
-
-        if (!has_alignment_ || force_realign_)
-        {
-            const bool is_relock = has_alignment_ &amp;&amp; force_realign_;
-            frame_offset_ned_ = target_offset;
-            yaw_offset_ned_ = target_yaw_offset_ned;
-            has_alignment_ = true;
-            has_yaw_alignment_ = yaw_inputs_valid || !config_.enable_yaw_alignment;
-            force_realign_ = false;
-
-            if (is_relock)
-            {
-                RCLCPP_INFO(
-                    logger_,
-                    "frame alignment relocked (NED offset): [%.3f, %.3f, %.3f], yaw offset=%.3f rad",
-                    frame_offset_ned_[0], frame_offset_ned_[1], frame_offset_ned_[2], yaw_offset_ned_);
-            }
-            else
-            {
-                RCLCPP_INFO(
-                    logger_,
-                    "frame alignment locked (NED offset): [%.3f, %.3f, %.3f], yaw offset=%.3f rad",
-                    frame_offset_ned_[0], frame_offset_ned_[1], frame_offset_ned_[2], yaw_offset_ned_);
-            }
-            return;
-        }
-
-        if (config_.enable_yaw_alignment &amp;&amp; yaw_inputs_valid &amp;&amp; !has_yaw_alignment_)
-        {
-            yaw_offset_ned_ = target_yaw_offset_ned;
-            frame_offset_ned_ = target_offset;
-            has_yaw_alignment_ = true;
-            RCLCPP_INFO(
-                logger_,
-                "frame yaw alignment locked after delayed heading availability: yaw offset=%.3f rad",
-                yaw_offset_ned_);
-        }
-
-        if (!config_.lock_on_first_valid)
-        {
-            const float a = config_.alpha;
-            for (int i = 0; i &lt; 3; ++i)
-            {
-                frame_offset_ned_[i] = (1.0f - a) * frame_offset_ned_[i] + a * target_offset[i];
-            }
-            if (config_.enable_yaw_alignment &amp;&amp; yaw_inputs_valid)
-            {
-                const float yaw_error = normalizeAngle(target_yaw_offset_ned - yaw_offset_ned_);
-                yaw_offset_ned_ = normalizeAngle(yaw_offset_ned_ + (a * yaw_error));
-            }
-        }
-    }
+  }
+}

Code style divergence in file 'src/math_utils.cpp':

--- src/math_utils.cpp
+++ src/math_utils.cpp.uncrustify
@@ -8,12 +8,10 @@
-    float normalizeAngle(float angle)
-    {
-        while (angle &gt; static_cast&lt;float&gt;(M_PI))
-        {
-            angle -= static_cast&lt;float&gt;(2.0 * M_PI);
-        }
-        while (angle &lt; static_cast&lt;float&gt;(-M_PI))
-        {
-            angle += static_cast&lt;float&gt;(2.0 * M_PI);
-        }
-        return angle;
-    }
+float normalizeAngle(float angle)
+{
+  while (angle &gt; static_cast&lt;float&gt;(M_PI)) {
+    angle -= static_cast&lt;float&gt;(2.0 * M_PI);
+  }
+  while (angle &lt; static_cast&lt;float&gt;(-M_PI)) {
+    angle += static_cast&lt;float&gt;(2.0 * M_PI);
+  }
+  return angle;
+}
@@ -21,4 +19,4 @@
-    float enuYawToNed(float yaw_enu)
-    {
-        return normalizeAngle(static_cast&lt;float&gt;(M_PI_2) - yaw_enu);
-    }
+float enuYawToNed(float yaw_enu)
+{
+  return normalizeAngle(static_cast&lt;float&gt;(M_PI_2) - yaw_enu);
+}
@@ -26,4 +24,4 @@
-    std::array&lt;float, 3&gt; enuPositionToNed(float x_enu, float y_enu, float z_enu)
-    {
-        return {y_enu, x_enu, -z_enu};
-    }
+std::array&lt;float, 3&gt; enuPositionToNed(float x_enu, float y_enu, float z_enu)
+{
+  return {y_enu, x_enu, -z_enu};
+}
@@ -31,6 +29,6 @@
-    float quaternionToYaw(const geometry_msgs::msg::Quaternion &amp;q)
-    {
-        const double siny_cosp = 2.0 * (q.w * q.z + q.x * q.y);
-        const double cosy_cosp = 1.0 - 2.0 * (q.y * q.y + q.z * q.z);
-        return static_cast&lt;float&gt;(std::atan2(siny_cosp, cosy_cosp));
-    }
+float quaternionToYaw(const geometry_msgs::msg::Quaternion &amp; q)
+{
+  const double siny_cosp = 2.0 * (q.w * q.z + q.x * q.y);
+  const double cosy_cosp = 1.0 - 2.0 * (q.y * q.y + q.z * q.z);
+  return static_cast&lt;float&gt;(std::atan2(siny_cosp, cosy_cosp));
+}
@@ -38,4 +36,4 @@
-    bool isFiniteVector(const std::array&lt;float, 3&gt; &amp;value)
-    {
-        return std::isfinite(value[0]) &amp;&amp; std::isfinite(value[1]) &amp;&amp; std::isfinite(value[2]);
-    }
+bool isFiniteVector(const std::array&lt;float, 3&gt; &amp; value)
+{
+  return std::isfinite(value[0]) &amp;&amp; std::isfinite(value[1]) &amp;&amp; std::isfinite(value[2]);
+}
@@ -43,7 +41,7 @@
-    float vectorNorm(const std::array&lt;float, 3&gt; &amp;value)
-    {
-        return std::sqrt(
-            (value[0] * value[0]) +
-            (value[1] * value[1]) +
-            (value[2] * value[2]));
-    }
+float vectorNorm(const std::array&lt;float, 3&gt; &amp; value)
+{
+  return std::sqrt(
+    (value[0] * value[0]) +
+    (value[1] * value[1]) +
+    (value[2] * value[2]));
+}
@@ -51,6 +49,5 @@
-    bool clampVectorNorm(std::array&lt;float, 3&gt; &amp;value, float max_norm)
-    {
-        if (max_norm &lt;= 0.0f || !isFiniteVector(value))
-        {
-            return false;
-        }
+bool clampVectorNorm(std::array&lt;float, 3&gt; &amp; value, float max_norm)
+{
+  if (max_norm &lt;= 0.0f || !isFiniteVector(value)) {
+    return false;
+  }
@@ -58,5 +55,4 @@
-        const float norm = vectorNorm(value);
-        if (!std::isfinite(norm) || norm &lt;= max_norm)
-        {
-            return false;
-        }
+  const float norm = vectorNorm(value);
+  if (!std::isfinite(norm) || norm &lt;= max_norm) {
+    return false;
+  }
@@ -64,6 +60,6 @@
-        const float scale = max_norm / norm;
-        value[0] *= scale;
-        value[1] *= scale;
-        value[2] *= scale;
-        return true;
-    }
+  const float scale = max_norm / norm;
+  value[0] *= scale;
+  value[1] *= scale;
+  value[2] *= scale;
+  return true;
+}

Code style divergence in file 'src/mono_camera_bridge_node.cpp':

--- src/mono_camera_bridge_node.cpp
+++ src/mono_camera_bridge_node.cpp.uncrustify
@@ -43 +43,2 @@
-    const std::string ros_camera_info_topic = this-&gt;get_parameter("ros_camera_info_topic").as_string();
+    const std::string ros_camera_info_topic =
+      this-&gt;get_parameter("ros_camera_info_topic").as_string();
@@ -52 +53,3 @@
-    image_pub_ = this-&gt;create_publisher&lt;sensor_msgs::msg::Image&gt;(ros_image_topic, rclcpp::SensorDataQoS());
+    image_pub_ = this-&gt;create_publisher&lt;sensor_msgs::msg::Image&gt;(
+      ros_image_topic,
+      rclcpp::SensorDataQoS());
@@ -83 +86,3 @@
-      RCLCPP_WARN(logger, "Gazebo mono image payload too small: got=%zu need=%zu", data.size(), required_bytes);
+      RCLCPP_WARN(
+        logger, "Gazebo mono image payload too small: got=%zu need=%zu",
+        data.size(), required_bytes);
@@ -115 +120,3 @@
-    RCLCPP_WARN(logger, "Unsupported Gazebo mono image pixel format: %d", static_cast&lt;int&gt;(gz_msg.pixel_format_type()));
+    RCLCPP_WARN(
+      logger, "Unsupported Gazebo mono image pixel format: %d",
+      static_cast&lt;int&gt;(gz_msg.pixel_format_type()));
@@ -122 +129,3 @@
-      return rclcpp::Time(gz_msg.header().stamp().sec(), gz_msg.header().stamp().nsec(), RCL_ROS_TIME);
+      return rclcpp::Time(
+        gz_msg.header().stamp().sec(),
+        gz_msg.header().stamp().nsec(), RCL_ROS_TIME);
@@ -145 +154,2 @@
-    const double fx = camera_hfov_rad_ &gt; 1.0e-6 ? (width / (2.0 * std::tan(camera_hfov_rad_ / 2.0))) : (width / 2.0);
+    const double fx = camera_hfov_rad_ &gt;
+      1.0e-6 ? (width / (2.0 * std::tan(camera_hfov_rad_ / 2.0))) : (width / 2.0);

Code style divergence in file 'src/offboard_bridge_node.cpp':

--- src/offboard_bridge_node.cpp
+++ src/offboard_bridge_node.cpp.uncrustify
@@ -32,95 +32,121 @@
-  class OffboardBridgeNode : public rclcpp::Node
-  {
-    using Empty = std_msgs::msg::Empty;
-    using Trigger = std_srvs::srv::Trigger;
-
-    enum class ControlSource : uint8_t
-    {
-      Planner = 0,
-      Manual = 1,
-      Landing = 2,
-      Velocity = 3,
-    };
-
-    enum class Px4TimestampSource : uint8_t
-    {
-      System = 0,
-      GazeboSim = 1,
-    };
-
-  public:
-    OffboardBridgeNode() : Node("offboard_bridge_node")
-    {
-      this-&gt;declare_parameter&lt;std::string&gt;("command_topic", "/uav/planning/position_cmd");
-      this-&gt;declare_parameter&lt;std::string&gt;("manual_pose_topic", "/uav/control/pose");
-      this-&gt;declare_parameter&lt;std::string&gt;("nudge_topic", "/uav/control/nudge");
-      this-&gt;declare_parameter&lt;std::string&gt;("velocity_topic", "/uav/control/velocity");
-      this-&gt;declare_parameter&lt;std::string&gt;("command_frame_id", "uav_map");
-      this-&gt;declare_parameter&lt;double&gt;("velocity_timeout_ms", 200.0);
-      this-&gt;declare_parameter&lt;std::string&gt;("offboard_mode_topic", "/uav/fmu/in/offboard_control_mode");
-      this-&gt;declare_parameter&lt;std::string&gt;("trajectory_setpoint_topic", "/uav/fmu/in/trajectory_setpoint");
-      this-&gt;declare_parameter&lt;std::string&gt;("vehicle_command_topic", "/uav/fmu/in/vehicle_command");
-      this-&gt;declare_parameter&lt;std::string&gt;("planner_odom_topic", "/uav/odom");
-      this-&gt;declare_parameter&lt;std::string&gt;("px4_local_position_topic", "/uav/fmu/out/vehicle_local_position");
-      this-&gt;declare_parameter&lt;std::string&gt;("vehicle_status_topic", "/uav/fmu/out/vehicle_status");
-      this-&gt;declare_parameter&lt;std::string&gt;("restart_trajectory_topic", "/uav/planning/restart_trajectory");
-      this-&gt;declare_parameter&lt;std::string&gt;("takeoff_service", "/uav/control/takeoff");
-      this-&gt;declare_parameter&lt;std::string&gt;("hover_service", "/uav/control/hover");
-      this-&gt;declare_parameter&lt;std::string&gt;("land_service", "/uav/control/land");
-      this-&gt;declare_parameter&lt;std::string&gt;("resume_auto_service", "/uav/control/resume_auto");
-      this-&gt;declare_parameter&lt;double&gt;("publish_rate_hz", 50.0);
-      this-&gt;declare_parameter&lt;int&gt;("warmup_cycles", 20);
-      this-&gt;declare_parameter&lt;int&gt;("target_system", 1);
-      this-&gt;declare_parameter&lt;int&gt;("target_component", 1);
-      this-&gt;declare_parameter&lt;int&gt;("source_system", 1);
-      this-&gt;declare_parameter&lt;int&gt;("source_component", 1);
-      this-&gt;declare_parameter&lt;double&gt;("takeoff_height_m", 1.0);
-      this-&gt;declare_parameter&lt;bool&gt;("nudge_body_frame", true);
-      this-&gt;declare_parameter&lt;bool&gt;("enable_frame_alignment", true);
-      this-&gt;declare_parameter&lt;bool&gt;("lock_alignment_on_first_valid", true);
-      this-&gt;declare_parameter&lt;bool&gt;("relock_on_local_position_reset", true);
-      this-&gt;declare_parameter&lt;bool&gt;("require_planner_takeoff_clearance", true);
-      this-&gt;declare_parameter&lt;double&gt;("max_velocity_setpoint_mps", 1.5);
-      this-&gt;declare_parameter&lt;double&gt;("max_acceleration_setpoint_mps2", 2.0);
-      this-&gt;declare_parameter&lt;std::string&gt;("px4_timestamp_source", "system");
-      this-&gt;declare_parameter&lt;std::string&gt;("gz_world_name", "test");
-      this-&gt;declare_parameter&lt;std::string&gt;("gz_clock_topic", "");
-
-      command_topic_ = this-&gt;get_parameter("command_topic").as_string();
-      manual_pose_topic_ = this-&gt;get_parameter("manual_pose_topic").as_string();
-      nudge_topic_ = this-&gt;get_parameter("nudge_topic").as_string();
-      velocity_topic_ = this-&gt;get_parameter("velocity_topic").as_string();
-      command_frame_id_ = this-&gt;get_parameter("command_frame_id").as_string();
-      velocity_timeout_ms_ = this-&gt;get_parameter("velocity_timeout_ms").as_double();
-      offboard_mode_topic_ = this-&gt;get_parameter("offboard_mode_topic").as_string();
-      trajectory_setpoint_topic_ = this-&gt;get_parameter("trajectory_setpoint_topic").as_string();
-      vehicle_command_topic_ = this-&gt;get_parameter("vehicle_command_topic").as_string();
-      planner_odom_topic_ = this-&gt;get_parameter("planner_odom_topic").as_string();
-      px4_local_position_topic_ = this-&gt;get_parameter("px4_local_position_topic").as_string();
-      vehicle_status_topic_ = this-&gt;get_parameter("vehicle_status_topic").as_string();
-      restart_trajectory_topic_ = this-&gt;get_parameter("restart_trajectory_topic").as_string();
-      takeoff_service_ = this-&gt;get_parameter("takeoff_service").as_string();
-      hover_service_ = this-&gt;get_parameter("hover_service").as_string();
-      land_service_ = this-&gt;get_parameter("land_service").as_string();
-      resume_auto_service_ = this-&gt;get_parameter("resume_auto_service").as_string();
-      publish_rate_hz_ = this-&gt;get_parameter("publish_rate_hz").as_double();
-      warmup_cycles_ = this-&gt;get_parameter("warmup_cycles").as_int();
-      target_system_ = static_cast&lt;uint8_t&gt;(this-&gt;get_parameter("target_system").as_int());
-      target_component_ = static_cast&lt;uint8_t&gt;(this-&gt;get_parameter("target_component").as_int());
-      source_system_ = static_cast&lt;uint8_t&gt;(this-&gt;get_parameter("source_system").as_int());
-      source_component_ = static_cast&lt;uint16_t&gt;(this-&gt;get_parameter("source_component").as_int());
-      takeoff_height_m_ = static_cast&lt;float&gt;(this-&gt;get_parameter("takeoff_height_m").as_double());
-      nudge_body_frame_ = this-&gt;get_parameter("nudge_body_frame").as_bool();
-      enable_frame_alignment_ = this-&gt;get_parameter("enable_frame_alignment").as_bool();
-      lock_alignment_on_first_valid_ = this-&gt;get_parameter("lock_alignment_on_first_valid").as_bool();
-      relock_on_local_position_reset_ = this-&gt;get_parameter("relock_on_local_position_reset").as_bool();
-      require_planner_takeoff_clearance_ = this-&gt;get_parameter("require_planner_takeoff_clearance").as_bool();
-      max_velocity_setpoint_mps_ = static_cast&lt;float&gt;(this-&gt;get_parameter("max_velocity_setpoint_mps").as_double());
-      max_acceleration_setpoint_mps2_ = static_cast&lt;float&gt;(this-&gt;get_parameter("max_acceleration_setpoint_mps2").as_double());
-      gz_world_name_ = this-&gt;get_parameter("gz_world_name").as_string();
-      gz_clock_topic_ = this-&gt;get_parameter("gz_clock_topic").as_string();
-
-      const std::string px4_timestamp_source = this-&gt;get_parameter("px4_timestamp_source").as_string();
-      if (px4_timestamp_source == "system")
-      {
-        px4_timestamp_source_ = Px4TimestampSource::System;
+class OffboardBridgeNode : public rclcpp::Node
+{
+  using Empty = std_msgs::msg::Empty;
+  using Trigger = std_srvs::srv::Trigger;
+
+  enum class ControlSource : uint8_t
+  {
+    Planner = 0,
+    Manual = 1,
+    Landing = 2,
+    Velocity = 3,
+  };
+
+  enum class Px4TimestampSource : uint8_t
+  {
+    System = 0,
+    GazeboSim = 1,
+  };
+
+public:
+  OffboardBridgeNode()
+  : Node("offboard_bridge_node")
+  {
+    this-&gt;declare_parameter&lt;std::string&gt;("command_topic", "/uav/planning/position_cmd");
+    this-&gt;declare_parameter&lt;std::string&gt;("manual_pose_topic", "/uav/control/pose");
+    this-&gt;declare_parameter&lt;std::string&gt;("nudge_topic", "/uav/control/nudge");
+    this-&gt;declare_parameter&lt;std::string&gt;("velocity_topic", "/uav/control/velocity");
+    this-&gt;declare_parameter&lt;std::string&gt;("command_frame_id", "uav_map");
+    this-&gt;declare_parameter&lt;double&gt;("velocity_timeout_ms", 200.0);
+    this-&gt;declare_parameter&lt;std::string&gt;(
+      "offboard_mode_topic",
+      "/uav/fmu/in/offboard_control_mode");
+    this-&gt;declare_parameter&lt;std::string&gt;(
+      "trajectory_setpoint_topic",
+      "/uav/fmu/in/trajectory_setpoint");
+    this-&gt;declare_parameter&lt;std::string&gt;("vehicle_command_topic", "/uav/fmu/in/vehicle_command");
+    this-&gt;declare_parameter&lt;std::string&gt;("planner_odom_topic", "/uav/odom");
+    this-&gt;declare_parameter&lt;std::string&gt;(
+      "px4_local_position_topic",
+      "/uav/fmu/out/vehicle_local_position");
+    this-&gt;declare_parameter&lt;std::string&gt;("vehicle_status_topic", "/uav/fmu/out/vehicle_status");
+    this-&gt;declare_parameter&lt;std::string&gt;(
+      "restart_trajectory_topic",
+      "/uav/planning/restart_trajectory");
+    this-&gt;declare_parameter&lt;std::string&gt;("takeoff_service", "/uav/control/takeoff");
+    this-&gt;declare_parameter&lt;std::string&gt;("hover_service", "/uav/control/hover");
+    this-&gt;declare_parameter&lt;std::string&gt;("land_service", "/uav/control/land");
+    this-&gt;declare_parameter&lt;std::string&gt;("resume_auto_service", "/uav/control/resume_auto");
+    this-&gt;declare_parameter&lt;double&gt;("publish_rate_hz", 50.0);
+    this-&gt;declare_parameter&lt;int&gt;("warmup_cycles", 20);
+    this-&gt;declare_parameter&lt;int&gt;("target_system", 1);
+    this-&gt;declare_parameter&lt;int&gt;("target_component", 1);
+    this-&gt;declare_parameter&lt;int&gt;("source_system", 1);
+    this-&gt;declare_parameter&lt;int&gt;("source_component", 1);
+    this-&gt;declare_parameter&lt;double&gt;("takeoff_height_m", 1.0);
+    this-&gt;declare_parameter&lt;bool&gt;("nudge_body_frame", true);
+    this-&gt;declare_parameter&lt;bool&gt;("enable_frame_alignment", true);
+    this-&gt;declare_parameter&lt;bool&gt;("lock_alignment_on_first_valid", true);
+    this-&gt;declare_parameter&lt;bool&gt;("relock_on_local_position_reset", true);
+    this-&gt;declare_parameter&lt;bool&gt;("require_planner_takeoff_clearance", true);
+    this-&gt;declare_parameter&lt;double&gt;("max_velocity_setpoint_mps", 1.5);
+    this-&gt;declare_parameter&lt;double&gt;("max_acceleration_setpoint_mps2", 2.0);
+    this-&gt;declare_parameter&lt;std::string&gt;("px4_timestamp_source", "system");
+    this-&gt;declare_parameter&lt;std::string&gt;("gz_world_name", "test");
+    this-&gt;declare_parameter&lt;std::string&gt;("gz_clock_topic", "");
+
+    command_topic_ = this-&gt;get_parameter("command_topic").as_string();
+    manual_pose_topic_ = this-&gt;get_parameter("manual_pose_topic").as_string();
+    nudge_topic_ = this-&gt;get_parameter("nudge_topic").as_string();
+    velocity_topic_ = this-&gt;get_parameter("velocity_topic").as_string();
+    command_frame_id_ = this-&gt;get_parameter("command_frame_id").as_string();
+    velocity_timeout_ms_ = this-&gt;get_parameter("velocity_timeout_ms").as_double();
+    offboard_mode_topic_ = this-&gt;get_parameter("offboard_mode_topic").as_string();
+    trajectory_setpoint_topic_ = this-&gt;get_parameter("trajectory_setpoint_topic").as_string();
+    vehicle_command_topic_ = this-&gt;get_parameter("vehicle_command_topic").as_string();
+    planner_odom_topic_ = this-&gt;get_parameter("planner_odom_topic").as_string();
+    px4_local_position_topic_ = this-&gt;get_parameter("px4_local_position_topic").as_string();
+    vehicle_status_topic_ = this-&gt;get_parameter("vehicle_status_topic").as_string();
+    restart_trajectory_topic_ = this-&gt;get_parameter("restart_trajectory_topic").as_string();
+    takeoff_service_ = this-&gt;get_parameter("takeoff_service").as_string();
+    hover_service_ = this-&gt;get_parameter("hover_service").as_string();
+    land_service_ = this-&gt;get_parameter("land_service").as_string();
+    resume_auto_service_ = this-&gt;get_parameter("resume_auto_service").as_string();
+    publish_rate_hz_ = this-&gt;get_parameter("publish_rate_hz").as_double();
+    warmup_cycles_ = this-&gt;get_parameter("warmup_cycles").as_int();
+    target_system_ = static_cast&lt;uint8_t&gt;(this-&gt;get_parameter("target_system").as_int());
+    target_component_ = static_cast&lt;uint8_t&gt;(this-&gt;get_parameter("target_component").as_int());
+    source_system_ = static_cast&lt;uint8_t&gt;(this-&gt;get_parameter("source_system").as_int());
+    source_component_ = static_cast&lt;uint16_t&gt;(this-&gt;get_parameter("source_component").as_int());
+    takeoff_height_m_ = static_cast&lt;float&gt;(this-&gt;get_parameter("takeoff_height_m").as_double());
+    nudge_body_frame_ = this-&gt;get_parameter("nudge_body_frame").as_bool();
+    enable_frame_alignment_ = this-&gt;get_parameter("enable_frame_alignment").as_bool();
+    lock_alignment_on_first_valid_ = this-&gt;get_parameter("lock_alignment_on_first_valid").as_bool();
+    relock_on_local_position_reset_ =
+      this-&gt;get_parameter("relock_on_local_position_reset").as_bool();
+    require_planner_takeoff_clearance_ =
+      this-&gt;get_parameter("require_planner_takeoff_clearance").as_bool();
+    max_velocity_setpoint_mps_ =
+      static_cast&lt;float&gt;(this-&gt;get_parameter("max_velocity_setpoint_mps").as_double());
+    max_acceleration_setpoint_mps2_ =
+      static_cast&lt;float&gt;(this-&gt;get_parameter("max_acceleration_setpoint_mps2").as_double());
+    gz_world_name_ = this-&gt;get_parameter("gz_world_name").as_string();
+    gz_clock_topic_ = this-&gt;get_parameter("gz_clock_topic").as_string();
+
+    const std::string px4_timestamp_source =
+      this-&gt;get_parameter("px4_timestamp_source").as_string();
+    if (px4_timestamp_source == "system") {
+      px4_timestamp_source_ = Px4TimestampSource::System;
+    } else if (px4_timestamp_source == "gz_sim") {
+      px4_timestamp_source_ = Px4TimestampSource::GazeboSim;
+    } else {
+      RCLCPP_WARN(
+        this-&gt;get_logger(),
+        "unknown px4_timestamp_source='%s', falling back to system",
+        px4_timestamp_source.c_str());
+      px4_timestamp_source_ = Px4TimestampSource::System;
+    }
+
+    if (px4_timestamp_source_ == Px4TimestampSource::GazeboSim) {
+      if (gz_clock_topic_.empty()) {
+        gz_clock_topic_ = gz_topics::Clock(gz_world_name_);
@@ -128,3 +154,8 @@
-      else if (px4_timestamp_source == "gz_sim")
-      {
-        px4_timestamp_source_ = Px4TimestampSource::GazeboSim;
+
+      const bool ok = gz_node_.Subscribe(gz_clock_topic_, &amp;OffboardBridgeNode::onGzClock, this);
+      if (!ok) {
+        RCLCPP_FATAL(
+          this-&gt;get_logger(),
+          "failed to subscribe Gazebo clock topic: %s",
+          gz_clock_topic_.c_str());
+        throw std::runtime_error("Gazebo clock subscribe failed");
@@ -132,14 +163,27 @@
-      else
-      {
-        RCLCPP_WARN(
-            this-&gt;get_logger(),
-            "unknown px4_timestamp_source='%s', falling back to system",
-            px4_timestamp_source.c_str());
-        px4_timestamp_source_ = Px4TimestampSource::System;
-      }
-
-      if (px4_timestamp_source_ == Px4TimestampSource::GazeboSim)
-      {
-        if (gz_clock_topic_.empty())
-        {
-          gz_clock_topic_ = gz_topics::Clock(gz_world_name_);
+    }
+
+    frame_aligner_ = FrameAligner(
+      FrameAligner::Config{lock_alignment_on_first_valid_, 0.02f, relock_on_local_position_reset_},
+      this-&gt;get_logger());
+
+    offboard_mode_pub_ = this-&gt;create_publisher&lt;px4_msgs::msg::OffboardControlMode&gt;(
+      offboard_mode_topic_, 10);
+    trajectory_setpoint_pub_ = this-&gt;create_publisher&lt;px4_msgs::msg::TrajectorySetpoint&gt;(
+      trajectory_setpoint_topic_, 10);
+    vehicle_command_pub_ = this-&gt;create_publisher&lt;px4_msgs::msg::VehicleCommand&gt;(
+      vehicle_command_topic_, 10);
+    restart_trajectory_pub_ = this-&gt;create_publisher&lt;Empty&gt;(restart_trajectory_topic_, 10);
+
+    auto_cmd_sub_ = this-&gt;create_subscription&lt;quadrotor_msgs::msg::PositionCommand&gt;(
+      command_topic_, 10,
+      [this](const quadrotor_msgs::msg::PositionCommand::SharedPtr msg)
+      {
+        last_auto_cmd_ = *msg;
+        has_auto_cmd_ = true;
+        if (!is_armed_ || !is_offboard_mode_) {
+          planner_restart_pending_ = true;
+          if (require_planner_takeoff_clearance_ &amp;&amp; !planner_startup_sequence_pending_ &amp;&amp;
+          !planner_takeoff_initialized_)
+          {
+            planner_startup_sequence_pending_ = true;
+          }
@@ -147,9 +191,38 @@
-
-        const bool ok = gz_node_.Subscribe(gz_clock_topic_, &amp;OffboardBridgeNode::onGzClock, this);
-        if (!ok)
-        {
-          RCLCPP_FATAL(
-              this-&gt;get_logger(),
-              "failed to subscribe Gazebo clock topic: %s",
-              gz_clock_topic_.c_str());
-          throw std::runtime_error("Gazebo clock subscribe failed");
+      });
+
+    manual_pose_sub_ = this-&gt;create_subscription&lt;geometry_msgs::msg::PoseStamped&gt;(
+      manual_pose_topic_, 10,
+      [this](const geometry_msgs::msg::PoseStamped::SharedPtr msg)
+      {
+        handleManualPoseCommand(*msg);
+      });
+
+    nudge_sub_ = this-&gt;create_subscription&lt;geometry_msgs::msg::Twist&gt;(
+      nudge_topic_, 10,
+      [this](const geometry_msgs::msg::Twist::SharedPtr msg)
+      {
+        handleNudgeCommand(*msg);
+      });
+
+    velocity_sub_ = this-&gt;create_subscription&lt;geometry_msgs::msg::Twist&gt;(
+      velocity_topic_, 10,
+      [this](const geometry_msgs::msg::Twist::SharedPtr msg)
+      {
+        handleVelocityCommand(*msg);
+      });
+
+    const auto sensor_qos = rclcpp::SensorDataQoS();
+
+    planner_odom_sub_ = this-&gt;create_subscription&lt;nav_msgs::msg::Odometry&gt;(
+      planner_odom_topic_, sensor_qos,
+      [this](const nav_msgs::msg::Odometry::SharedPtr msg)
+      {
+        planner_odom_enu_ = {
+          static_cast&lt;float&gt;(msg-&gt;pose.pose.position.x),
+          static_cast&lt;float&gt;(msg-&gt;pose.pose.position.y),
+          static_cast&lt;float&gt;(msg-&gt;pose.pose.position.z)};
+        planner_yaw_enu_ = quaternionToYaw(msg-&gt;pose.pose.orientation);
+        has_planner_yaw_ = true;
+        has_planner_odom_ = true;
+        if (enable_frame_alignment_) {
+          frame_aligner_.updatePlannerPose(planner_odom_enu_, planner_yaw_enu_);
@@ -157,161 +230,93 @@
-      }
-
-      frame_aligner_ = FrameAligner(
-        FrameAligner::Config{lock_alignment_on_first_valid_, 0.02f, relock_on_local_position_reset_},
-        this-&gt;get_logger());
-
-      offboard_mode_pub_ = this-&gt;create_publisher&lt;px4_msgs::msg::OffboardControlMode&gt;(
-          offboard_mode_topic_, 10);
-      trajectory_setpoint_pub_ = this-&gt;create_publisher&lt;px4_msgs::msg::TrajectorySetpoint&gt;(
-          trajectory_setpoint_topic_, 10);
-      vehicle_command_pub_ = this-&gt;create_publisher&lt;px4_msgs::msg::VehicleCommand&gt;(
-          vehicle_command_topic_, 10);
-      restart_trajectory_pub_ = this-&gt;create_publisher&lt;Empty&gt;(restart_trajectory_topic_, 10);
-
-      auto_cmd_sub_ = this-&gt;create_subscription&lt;quadrotor_msgs::msg::PositionCommand&gt;(
-          command_topic_, 10,
-          [this](const quadrotor_msgs::msg::PositionCommand::SharedPtr msg)
-          {
-            last_auto_cmd_ = *msg;
-            has_auto_cmd_ = true;
-            if (!is_armed_ || !is_offboard_mode_)
-            {
-              planner_restart_pending_ = true;
-              if (require_planner_takeoff_clearance_ &amp;&amp; !planner_startup_sequence_pending_ &amp;&amp; !planner_takeoff_initialized_)
-              {
-                planner_startup_sequence_pending_ = true;
-              }
-            }
-          });
-
-      manual_pose_sub_ = this-&gt;create_subscription&lt;geometry_msgs::msg::PoseStamped&gt;(
-          manual_pose_topic_, 10,
-          [this](const geometry_msgs::msg::PoseStamped::SharedPtr msg)
-          {
-            handleManualPoseCommand(*msg);
-          });
-
-      nudge_sub_ = this-&gt;create_subscription&lt;geometry_msgs::msg::Twist&gt;(
-          nudge_topic_, 10,
-          [this](const geometry_msgs::msg::Twist::SharedPtr msg)
-          {
-            handleNudgeCommand(*msg);
-          });
-
-      velocity_sub_ = this-&gt;create_subscription&lt;geometry_msgs::msg::Twist&gt;(
-          velocity_topic_, 10,
-          [this](const geometry_msgs::msg::Twist::SharedPtr msg)
-          {
-            handleVelocityCommand(*msg);
-          });
-
-      const auto sensor_qos = rclcpp::SensorDataQoS();
-
-      planner_odom_sub_ = this-&gt;create_subscription&lt;nav_msgs::msg::Odometry&gt;(
-          planner_odom_topic_, sensor_qos,
-          [this](const nav_msgs::msg::Odometry::SharedPtr msg)
-          {
-            planner_odom_enu_ = {
-                static_cast&lt;float&gt;(msg-&gt;pose.pose.position.x),
-                static_cast&lt;float&gt;(msg-&gt;pose.pose.position.y),
-                static_cast&lt;float&gt;(msg-&gt;pose.pose.position.z)};
-            planner_yaw_enu_ = quaternionToYaw(msg-&gt;pose.pose.orientation);
-            has_planner_yaw_ = true;
-            has_planner_odom_ = true;
-            if (enable_frame_alignment_) {
-              frame_aligner_.updatePlannerPose(planner_odom_enu_, planner_yaw_enu_);
-            }
-          });
-
-      px4_local_pos_sub_ = this-&gt;create_subscription&lt;px4_msgs::msg::VehicleLocalPosition&gt;(
-          px4_local_position_topic_, sensor_qos,
-          [this](const px4_msgs::msg::VehicleLocalPosition::SharedPtr msg)
-          {
-            if (!msg-&gt;xy_valid || !msg-&gt;z_valid)
-            {
-              return;
-            }
-            frame_aligner_.updatePx4Pose(
-              {msg-&gt;x, msg-&gt;y, msg-&gt;z},
-              msg-&gt;xy_reset_counter,
-              msg-&gt;z_reset_counter,
-              msg-&gt;delta_xy[0],
-              msg-&gt;delta_xy[1],
-              msg-&gt;delta_z,
-              msg-&gt;heading);
-          });
-
-      vehicle_status_sub_ = this-&gt;create_subscription&lt;px4_msgs::msg::VehicleStatus&gt;(
-          vehicle_status_topic_, sensor_qos,
-          [this](const px4_msgs::msg::VehicleStatus::SharedPtr msg)
-          {
-            is_armed_ = msg-&gt;arming_state == px4_msgs::msg::VehicleStatus::ARMING_STATE_ARMED;
-            is_offboard_mode_ = msg-&gt;nav_state == px4_msgs::msg::VehicleStatus::NAVIGATION_STATE_OFFBOARD;
-            is_auto_land_mode_ = msg-&gt;nav_state == px4_msgs::msg::VehicleStatus::NAVIGATION_STATE_AUTO_LAND;
-          });
-
-      takeoff_srv_ = this-&gt;create_service&lt;Trigger&gt;(
-          takeoff_service_,
-          [this](const std::shared_ptr&lt;Trigger::Request&gt; request,
-                 std::shared_ptr&lt;Trigger::Response&gt; response)
-          {
-            (void)request;
-            response-&gt;success = handleTakeoffRequest(response-&gt;message);
-          });
-
-      hover_srv_ = this-&gt;create_service&lt;Trigger&gt;(
-          hover_service_,
-          [this](const std::shared_ptr&lt;Trigger::Request&gt; request,
-                 std::shared_ptr&lt;Trigger::Response&gt; response)
-          {
-            (void)request;
-            response-&gt;success = handleHoverRequest(response-&gt;message);
-          });
-
-      land_srv_ = this-&gt;create_service&lt;Trigger&gt;(
-          land_service_,
-          [this](const std::shared_ptr&lt;Trigger::Request&gt; request,
-                 std::shared_ptr&lt;Trigger::Response&gt; response)
-          {
-            (void)request;
-            response-&gt;success = handleLandRequest(response-&gt;message);
-          });
-
-      resume_auto_srv_ = this-&gt;create_service&lt;Trigger&gt;(
-          resume_auto_service_,
-          [this](const std::shared_ptr&lt;Trigger::Request&gt; request,
-                 std::shared_ptr&lt;Trigger::Response&gt; response)
-          {
-            (void)request;
-            response-&gt;success = handleResumeAutoRequest(response-&gt;message);
-          });
-
-      const auto timer_period = std::chrono::duration_cast&lt;std::chrono::nanoseconds&gt;(
-          std::chrono::duration&lt;double&gt;(1.0 / publish_rate_hz_));
-
-      timer_ = this-&gt;create_wall_timer(
-          timer_period,
-          std::bind(&amp;OffboardBridgeNode::timerCallback, this));
-
-      RCLCPP_INFO(
-          this-&gt;get_logger(),
-          "offboard bridge: auto_cmd=%s manual_pose=%s nudge=%s offboard=%s setpoint=%s vehicle_cmd=%s command_frame=%s rate=%.1f warmup=%d timestamp_source=%s%s%s",
-          command_topic_.c_str(),
-          manual_pose_topic_.c_str(),
-          nudge_topic_.c_str(),
-          offboard_mode_topic_.c_str(),
-          trajectory_setpoint_topic_.c_str(),
-          vehicle_command_topic_.c_str(),
-          command_frame_id_.c_str(),
-          publish_rate_hz_,
-          warmup_cycles_,
-          px4TimestampSourceName(px4_timestamp_source_),
-          px4_timestamp_source_ == Px4TimestampSource::GazeboSim ? " gz_clock=" : "",
-          px4_timestamp_source_ == Px4TimestampSource::GazeboSim ? gz_clock_topic_.c_str() : "");
-    }
-
-  private:
-    static const char *px4TimestampSourceName(Px4TimestampSource source)
-    {
-      switch (source)
-      {
+      });
+
+    px4_local_pos_sub_ = this-&gt;create_subscription&lt;px4_msgs::msg::VehicleLocalPosition&gt;(
+      px4_local_position_topic_, sensor_qos,
+      [this](const px4_msgs::msg::VehicleLocalPosition::SharedPtr msg)
+      {
+        if (!msg-&gt;xy_valid || !msg-&gt;z_valid) {
+          return;
+        }
+        frame_aligner_.updatePx4Pose(
+          {msg-&gt;x, msg-&gt;y, msg-&gt;z},
+          msg-&gt;xy_reset_counter,
+          msg-&gt;z_reset_counter,
+          msg-&gt;delta_xy[0],
+          msg-&gt;delta_xy[1],
+          msg-&gt;delta_z,
+          msg-&gt;heading);
+      });
+
+    vehicle_status_sub_ = this-&gt;create_subscription&lt;px4_msgs::msg::VehicleStatus&gt;(
+      vehicle_status_topic_, sensor_qos,
+      [this](
+        const px4_msgs::msg::VehicleStatus::SharedPtr msg)
+      {
+        is_armed_ = msg-&gt;arming_state == px4_msgs::msg::VehicleStatus::ARMING_STATE_ARMED;
+        is_offboard_mode_ = msg-&gt;nav_state == px4_msgs::msg::VehicleStatus::NAVIGATION_STATE_OFFBOARD;
+        is_auto_land_mode_ = msg-&gt;nav_state == px4_msgs::msg::VehicleStatus::NAVIGATION_STATE_AUTO_LAND;
+      });
+
+    takeoff_srv_ = this-&gt;create_service&lt;Trigger&gt;(
+      takeoff_service_,
+      [this](const std::shared_ptr&lt;Trigger::Request&gt; request,
+      std::shared_ptr&lt;Trigger::Response&gt; response)
+      {
+        (void)request;
+        response-&gt;success = handleTakeoffRequest(response-&gt;message);
+      });
+
+    hover_srv_ = this-&gt;create_service&lt;Trigger&gt;(
+      hover_service_,
+      [this](const std::shared_ptr&lt;Trigger::Request&gt; request,
+      std::shared_ptr&lt;Trigger::Response&gt; response)
+      {
+        (void)request;
+        response-&gt;success = handleHoverRequest(response-&gt;message);
+      });
+
+    land_srv_ = this-&gt;create_service&lt;Trigger&gt;(
+      land_service_,
+      [this](const std::shared_ptr&lt;Trigger::Request&gt; request,
+      std::shared_ptr&lt;Trigger::Response&gt; response)
+      {
+        (void)request;
+        response-&gt;success = handleLandRequest(response-&gt;message);
+      });
+
+    resume_auto_srv_ = this-&gt;create_service&lt;Trigger&gt;(
+      resume_auto_service_,
+      [this](const std::shared_ptr&lt;Trigger::Request&gt; request,
+      std::shared_ptr&lt;Trigger::Response&gt; response)
+      {
+        (void)request;
+        response-&gt;success = handleResumeAutoRequest(response-&gt;message);
+      });
+
+    const auto timer_period = std::chrono::duration_cast&lt;std::chrono::nanoseconds&gt;(
+      std::chrono::duration&lt;double&gt;(1.0 / publish_rate_hz_));
+
+    timer_ = this-&gt;create_wall_timer(
+      timer_period,
+      std::bind(&amp;OffboardBridgeNode::timerCallback, this));
+
+    RCLCPP_INFO(
+      this-&gt;get_logger(),
+      "offboard bridge: auto_cmd=%s manual_pose=%s nudge=%s offboard=%s setpoint=%s vehicle_cmd=%s command_frame=%s rate=%.1f warmup=%d timestamp_source=%s%s%s",
+      command_topic_.c_str(),
+      manual_pose_topic_.c_str(),
+      nudge_topic_.c_str(),
+      offboard_mode_topic_.c_str(),
+      trajectory_setpoint_topic_.c_str(),
+      vehicle_command_topic_.c_str(),
+      command_frame_id_.c_str(),
+      publish_rate_hz_,
+      warmup_cycles_,
+      px4TimestampSourceName(px4_timestamp_source_),
+      px4_timestamp_source_ == Px4TimestampSource::GazeboSim ? " gz_clock=" : "",
+      px4_timestamp_source_ == Px4TimestampSource::GazeboSim ? gz_clock_topic_.c_str() : "");
+  }
+
+private:
+  static const char * px4TimestampSourceName(Px4TimestampSource source)
+  {
+    switch (source) {
@@ -322,43 +327,12 @@
-      }
-      return "unknown";
-    }
-
-    void onGzClock(const gz::msgs::Clock &amp;clock)
-    {
-      const uint64_t now_us =
-          (static_cast&lt;uint64_t&gt;(clock.sim().sec()) * 1000000ULL) +
-          (static_cast&lt;uint64_t&gt;(clock.sim().nsec()) / 1000ULL);
-
-      const uint64_t previous_us = latest_gz_clock_us_.load();
-      if (previous_us != 0 &amp;&amp; now_us &lt; previous_us)
-      {
-        RCLCPP_WARN_THROTTLE(
-            this-&gt;get_logger(),
-            steady_clock_,
-            2000,
-            "ignored backward Gazebo clock jump: %.6f s -&gt; %.6f s",
-            static_cast&lt;double&gt;(previous_us) / 1e6,
-            static_cast&lt;double&gt;(now_us) / 1e6);
-        return;
-      }
-
-      latest_gz_clock_us_.store(now_us);
-    }
-
-    uint64_t nowMicros()
-    {
-      if (px4_timestamp_source_ == Px4TimestampSource::GazeboSim)
-      {
-        return latest_gz_clock_us_.load();
-      }
-
-      return static_cast&lt;uint64_t&gt;(px4_timestamp_system_clock_.now().nanoseconds() / 1000);
-    }
-
-    bool ensureTimestampReady(const char *context, uint64_t stamp)
-    {
-      if (stamp != 0)
-      {
-        return true;
-      }
-
+    }
+    return "unknown";
+  }
+
+  void onGzClock(const gz::msgs::Clock &amp; clock)
+  {
+    const uint64_t now_us =
+      (static_cast&lt;uint64_t&gt;(clock.sim().sec()) * 1000000ULL) +
+      (static_cast&lt;uint64_t&gt;(clock.sim().nsec()) / 1000ULL);
+
+    const uint64_t previous_us = latest_gz_clock_us_.load();
+    if (previous_us != 0 &amp;&amp; now_us &lt; previous_us) {
@@ -366,6 +340,41 @@
-          this-&gt;get_logger(),
-          steady_clock_,
-          2000,
-          "waiting for valid %s timestamp before sending %s to PX4",
-          px4TimestampSourceName(px4_timestamp_source_),
-          context);
+        this-&gt;get_logger(),
+        steady_clock_,
+        2000,
+        "ignored backward Gazebo clock jump: %.6f s -&gt; %.6f s",
+        static_cast&lt;double&gt;(previous_us) / 1e6,
+        static_cast&lt;double&gt;(now_us) / 1e6);
+      return;
+    }
+
+    latest_gz_clock_us_.store(now_us);
+  }
+
+  uint64_t nowMicros()
+  {
+    if (px4_timestamp_source_ == Px4TimestampSource::GazeboSim) {
+      return latest_gz_clock_us_.load();
+    }
+
+    return static_cast&lt;uint64_t&gt;(px4_timestamp_system_clock_.now().nanoseconds() / 1000);
+  }
+
+  bool ensureTimestampReady(const char * context, uint64_t stamp)
+  {
+    if (stamp != 0) {
+      return true;
+    }
+
+    RCLCPP_WARN_THROTTLE(
+      this-&gt;get_logger(),
+      steady_clock_,
+      2000,
+      "waiting for valid %s timestamp before sending %s to PX4",
+      px4TimestampSourceName(px4_timestamp_source_),
+      context);
+    return false;
+  }
+
+  bool captureCurrentPose(std::string &amp; error_message)
+  {
+    if (!has_planner_odom_ || !isFiniteVector(planner_odom_enu_)) {
+      error_message = "planner odometry is not available yet";
@@ -375,63 +384,45 @@
-    bool captureCurrentPose(std::string &amp;error_message)
-    {
-      if (!has_planner_odom_ || !isFiniteVector(planner_odom_enu_))
-      {
-        error_message = "planner odometry is not available yet";
-        return false;
-      }
-
-      manual_target_position_enu_ = planner_odom_enu_;
-      if (has_planner_yaw_)
-      {
-        manual_target_yaw_enu_ = planner_yaw_enu_;
-      }
-      else if (manual_target_valid_)
-      {
-        manual_target_yaw_enu_ = manual_target_yaw_enu_;
-      }
-      else if (has_auto_cmd_)
-      {
-        manual_target_yaw_enu_ = static_cast&lt;float&gt;(last_auto_cmd_.yaw);
-      }
-      else
-      {
-        manual_target_yaw_enu_ = 0.0f;
-      }
-
[...]
+        ros_msg.header.stamp, last_points_stamp_ns_,
+        "stereo points"))
+    {
@@ -275,2 +312,2 @@
-    const std::string &amp;src_data = gz_msg.data();
-    uint8_t *dst = ros_msg.data.data();
+    const std::string &amp; src_data = gz_msg.data();
+    uint8_t * dst = ros_msg.data.data();
@@ -285 +322 @@
-            src_row_offset + static_cast&lt;size_t&gt;(src_u) * point_step;
+          src_row_offset + static_cast&lt;size_t&gt;(src_u) * point_step;
@@ -287 +324 @@
-            dst_row_offset + static_cast&lt;size_t&gt;(u) * point_step;
+          dst_row_offset + static_cast&lt;size_t&gt;(u) * point_step;
@@ -297,2 +334,2 @@
-      const auto &amp;gz_field = gz_msg.field(i);
-      auto &amp;ros_field = ros_msg.fields[static_cast&lt;size_t&gt;(i)];
+      const auto &amp; gz_field = gz_msg.field(i);
+      auto &amp; ros_field = ros_msg.fields[static_cast&lt;size_t&gt;(i)];
@@ -312 +349,2 @@
-int main(int argc, char **argv) {
+int main(int argc, char ** argv)
+{

Code style divergence in file 'src/tf_bridge_node.cpp':

--- src/tf_bridge_node.cpp
+++ src/tf_bridge_node.cpp.uncrustify
@@ -20 +20,2 @@
-namespace uav_bridge {
+namespace uav_bridge
+{
@@ -23 +24,2 @@
-class TfBridgeNode : public rclcpp::Node {
+class TfBridgeNode : public rclcpp::Node
+{
@@ -25 +27,3 @@
-  TfBridgeNode() : Node("tf_bridge_node") {
+  TfBridgeNode()
+  : Node("tf_bridge_node")
+  {
@@ -45 +49 @@
-        this-&gt;get_parameter("use_initial_pose_as_map_origin").as_bool();
+      this-&gt;get_parameter("use_initial_pose_as_map_origin").as_bool();
@@ -52 +56 @@
-        std::make_unique&lt;tf2_ros::TransformBroadcaster&gt;(this);
+      std::make_unique&lt;tf2_ros::TransformBroadcaster&gt;(this);
@@ -54 +58 @@
-        std::make_unique&lt;tf2_ros::StaticTransformBroadcaster&gt;(this);
+      std::make_unique&lt;tf2_ros::StaticTransformBroadcaster&gt;(this);
@@ -58,4 +62,4 @@
-          this-&gt;get_logger(),
-          "[pose-&gt;tf] use_initial_pose_as_map_origin=true is ignored by the "
-          "uav_map-&gt;uav_odom-&gt;uav_base_link contract; keeping static %s-&gt;%s.",
-          this-&gt;map_frame_.c_str(), this-&gt;odom_frame_.c_str());
+        this-&gt;get_logger(),
+        "[pose-&gt;tf] use_initial_pose_as_map_origin=true is ignored by the "
+        "uav_map-&gt;uav_odom-&gt;uav_base_link contract; keeping static %s-&gt;%s.",
+        this-&gt;map_frame_.c_str(), this-&gt;odom_frame_.c_str());
@@ -67,5 +71,6 @@
-          this-&gt;odom_topic_, 10);
-    }
-
-    bool ok = this-&gt;gz_node_.Subscribe(this-&gt;gz_pose_topic_,
-                                       &amp;TfBridgeNode::OnPoseInfo, this);
+        this-&gt;odom_topic_, 10);
+    }
+
+    bool ok = this-&gt;gz_node_.Subscribe(
+      this-&gt;gz_pose_topic_,
+      &amp;TfBridgeNode::OnPoseInfo, this);
@@ -74,3 +79,4 @@
-      RCLCPP_FATAL(this-&gt;get_logger(),
-                   "Failed to subscribe Gazebo pose topic (for tf publish): %s",
-                   this-&gt;gz_pose_topic_.c_str());
+      RCLCPP_FATAL(
+        this-&gt;get_logger(),
+        "Failed to subscribe Gazebo pose topic (for tf publish): %s",
+        this-&gt;gz_pose_topic_.c_str());
@@ -78 +84 @@
-          "Gazebo pose/info subscribe failed(for tf publish)");
+              "Gazebo pose/info subscribe failed(for tf publish)");
@@ -82,7 +88,7 @@
-        this-&gt;get_logger(),
-        "[pose-&gt;tf] Gazebo topic: %s, model_name: %s, static tf: %s -&gt; %s, "
-        "dynamic tf: %s -&gt; %s, odom: %s",
-        this-&gt;gz_pose_topic_.c_str(), this-&gt;model_name_.c_str(),
-        this-&gt;map_frame_.c_str(), this-&gt;odom_frame_.c_str(),
-        this-&gt;odom_frame_.c_str(), this-&gt;base_frame_.c_str(),
-        this-&gt;publish_odometry_ ? this-&gt;odom_topic_.c_str() : "&lt;disabled&gt;");
+      this-&gt;get_logger(),
+      "[pose-&gt;tf] Gazebo topic: %s, model_name: %s, static tf: %s -&gt; %s, "
+      "dynamic tf: %s -&gt; %s, odom: %s",
+      this-&gt;gz_pose_topic_.c_str(), this-&gt;model_name_.c_str(),
+      this-&gt;map_frame_.c_str(), this-&gt;odom_frame_.c_str(),
+      this-&gt;odom_frame_.c_str(), this-&gt;base_frame_.c_str(),
+      this-&gt;publish_odometry_ ? this-&gt;odom_topic_.c_str() : "&lt;disabled&gt;");
@@ -108 +114,2 @@
-  struct PoseState {
+  struct PoseState
+  {
@@ -122,2 +129,4 @@
-  std::optional&lt;gz::msgs::Pose&gt; FindPoseByName(const gz::msgs::Pose_V &amp;msg,
-                                               const std::string &amp;name) const {
+  std::optional&lt;gz::msgs::Pose&gt; FindPoseByName(
+    const gz::msgs::Pose_V &amp; msg,
+    const std::string &amp; name) const
+  {
@@ -125 +134 @@
-      const auto &amp;pose = msg.pose(i);
+      const auto &amp; pose = msg.pose(i);
@@ -133 +142,2 @@
-  std::optional&lt;gz::msgs::Pose&gt; FindModelPose(const gz::msgs::Pose_V &amp;msg) const {
+  std::optional&lt;gz::msgs::Pose&gt; FindModelPose(const gz::msgs::Pose_V &amp; msg) const
+  {
@@ -137 +147 @@
-      const auto &amp;pose = msg.pose(i);
+      const auto &amp; pose = msg.pose(i);
@@ -141,2 +151,3 @@
-          (pose_name.rfind(model_instance_prefix, 0) == 0 &amp;&amp;
-           pose_name.find("::") == std::string::npos)) {
+        (pose_name.rfind(model_instance_prefix, 0) == 0 &amp;&amp;
+        pose_name.find("::") == std::string::npos))
+      {
@@ -149 +160,2 @@
-  std::optional&lt;gz::msgs::Pose&gt; FindRelativeBasePose(const gz::msgs::Pose_V &amp;msg) const {
+  std::optional&lt;gz::msgs::Pose&gt; FindRelativeBasePose(const gz::msgs::Pose_V &amp; msg) const
+  {
@@ -156,2 +168,4 @@
-  PoseState PoseMsgToState(const gz::msgs::Pose &amp;pose,
-                           const rclcpp::Time &amp;stamp) const {
+  PoseState PoseMsgToState(
+    const gz::msgs::Pose &amp; pose,
+    const rclcpp::Time &amp; stamp) const
+  {
@@ -170,2 +184,4 @@
-  PoseState ComposePoseStates(const PoseState &amp;parent,
-                              const PoseState &amp;child_relative) const {
+  PoseState ComposePoseStates(
+    const PoseState &amp; parent,
+    const PoseState &amp; child_relative) const
+  {
@@ -174 +190 @@
-                            child_relative.qz, child_relative.qw);
+      child_relative.qz, child_relative.qw);
@@ -179 +195 @@
-                                   child_relative.z);
+      child_relative.z);
@@ -181 +197 @@
-        tf2::quatRotate(q_parent, child_translation);
+      tf2::quatRotate(q_parent, child_translation);
@@ -195 +211,2 @@
-  void LogResolvedEntity(const std::string &amp;entity_name) {
+  void LogResolvedEntity(const std::string &amp; entity_name)
+  {
@@ -198,6 +215,8 @@
-      RCLCPP_INFO(this-&gt;get_logger(), "[pose-&gt;tf] resolved entity: %s",
-                  entity_name.c_str());
-    }
-  }
-
-  void PublishMapToOdomStaticTf() {
+      RCLCPP_INFO(
+        this-&gt;get_logger(), "[pose-&gt;tf] resolved entity: %s",
+        entity_name.c_str());
+    }
+  }
+
+  void PublishMapToOdomStaticTf()
+  {
@@ -218 +237,2 @@
-  void PublishDynamicTf(const PoseState &amp;state) {
+  void PublishDynamicTf(const PoseState &amp; state)
+  {
@@ -233 +253,2 @@
-  void PublishOdometry(const PoseState &amp;state) {
+  void PublishOdometry(const PoseState &amp; state)
+  {
@@ -273 +294 @@
-                               this-&gt;prev_state_-&gt;qz, this-&gt;prev_state_-&gt;qw);
+          this-&gt;prev_state_-&gt;qz, this-&gt;prev_state_-&gt;qw);
@@ -284 +305,2 @@
-            !std::isfinite(axis.z())) {
+          !std::isfinite(axis.z()))
+        {
@@ -301 +323,2 @@
-  rclcpp::Time ResolveStamp(const gz::msgs::Pose_V &amp;msg) const {
+  rclcpp::Time ResolveStamp(const gz::msgs::Pose_V &amp; msg) const
+  {
@@ -303,2 +326,3 @@
-      return rclcpp::Time(msg.header().stamp().sec(),
-                          msg.header().stamp().nsec(), RCL_ROS_TIME);
+      return rclcpp::Time(
+        msg.header().stamp().sec(),
+        msg.header().stamp().nsec(), RCL_ROS_TIME);
@@ -309 +333,2 @@
-  bool AcceptPoseStamp(const rclcpp::Time &amp;stamp) {
+  bool AcceptPoseStamp(const rclcpp::Time &amp; stamp)
+  {
@@ -312 +337,2 @@
-        stamp_ns &gt; *this-&gt;last_pose_stamp_ns_) {
+      stamp_ns &gt; *this-&gt;last_pose_stamp_ns_)
+    {
@@ -318,4 +344,4 @@
-        this-&gt;get_logger(), *this-&gt;get_clock(), 2000,
-        "Dropping out-of-order pose/info frame: current=%ld last=%ld",
-        static_cast&lt;long&gt;(stamp_ns),
-        static_cast&lt;long&gt;(*this-&gt;last_pose_stamp_ns_));
+      this-&gt;get_logger(), *this-&gt;get_clock(), 2000,
+      "Dropping out-of-order pose/info frame: current=%ld last=%ld",
+      static_cast&lt;long&gt;(stamp_ns),
+      static_cast&lt;long&gt;(*this-&gt;last_pose_stamp_ns_));
@@ -325 +351,2 @@
-  void OnPoseInfo(const gz::msgs::Pose_V &amp;msg) {
+  void OnPoseInfo(const gz::msgs::Pose_V &amp; msg)
+  {
@@ -329,3 +356,3 @@
-          this-&gt;get_logger(), *this-&gt;get_clock(), 5000,
-          "Target entity not found in /pose/info (model_name=%s)",
-          this-&gt;model_name_.c_str());
+        this-&gt;get_logger(), *this-&gt;get_clock(), 5000,
+        "Target entity not found in /pose/info (model_name=%s)",
+        this-&gt;model_name_.c_str());
@@ -343 +370 @@
-          odom_state, this-&gt;PoseMsgToState(relative_base_pose.value(), stamp));
+        odom_state, this-&gt;PoseMsgToState(relative_base_pose.value(), stamp));
@@ -356 +383,2 @@
-int main(int argc, char **argv) {
+int main(int argc, char ** argv)
+{

Code style divergence in file 'src/uav_control_node.cpp':

--- src/uav_control_node.cpp
+++ src/uav_control_node.cpp.uncrustify
@@ -51 +51,3 @@
-    this-&gt;declare_parameter&lt;std::string&gt;("velocity_body_topic", "/uav/control/setpoint/velocity_body");
+    this-&gt;declare_parameter&lt;std::string&gt;(
+      "velocity_body_topic",
+      "/uav/control/setpoint/velocity_body");
@@ -53,2 +55,6 @@
-    this-&gt;declare_parameter&lt;std::string&gt;("offboard_mode_topic", "/uav/fmu/in/offboard_control_mode");
-    this-&gt;declare_parameter&lt;std::string&gt;("trajectory_setpoint_topic", "/uav/fmu/in/trajectory_setpoint");
+    this-&gt;declare_parameter&lt;std::string&gt;(
+      "offboard_mode_topic",
+      "/uav/fmu/in/offboard_control_mode");
+    this-&gt;declare_parameter&lt;std::string&gt;(
+      "trajectory_setpoint_topic",
+      "/uav/fmu/in/trajectory_setpoint");
@@ -57 +63,3 @@
-    this-&gt;declare_parameter&lt;std::string&gt;("px4_local_position_topic", "/uav/fmu/out/vehicle_local_position");
+    this-&gt;declare_parameter&lt;std::string&gt;(
+      "px4_local_position_topic",
+      "/uav/fmu/out/vehicle_local_position");
@@ -100 +108,2 @@
-    takeoff_height_tolerance_m_ = static_cast&lt;float&gt;(this-&gt;get_parameter("takeoff_height_tolerance_m").as_double());
+    takeoff_height_tolerance_m_ =
+      static_cast&lt;float&gt;(this-&gt;get_parameter("takeoff_height_tolerance_m").as_double());
@@ -102,2 +111,4 @@
-    max_velocity_setpoint_mps_ = static_cast&lt;float&gt;(this-&gt;get_parameter("max_velocity_setpoint_mps").as_double());
-    max_acceleration_setpoint_mps2_ = static_cast&lt;float&gt;(this-&gt;get_parameter("max_acceleration_setpoint_mps2").as_double());
+    max_velocity_setpoint_mps_ =
+      static_cast&lt;float&gt;(this-&gt;get_parameter("max_velocity_setpoint_mps").as_double());
+    max_acceleration_setpoint_mps2_ =
+      static_cast&lt;float&gt;(this-&gt;get_parameter("max_acceleration_setpoint_mps2").as_double());
@@ -127,3 +138,6 @@
-    offboard_mode_pub_ = this-&gt;create_publisher&lt;px4_msgs::msg::OffboardControlMode&gt;(offboard_mode_topic_, 10);
-    trajectory_setpoint_pub_ = this-&gt;create_publisher&lt;px4_msgs::msg::TrajectorySetpoint&gt;(trajectory_setpoint_topic_, 10);
-    vehicle_command_pub_ = this-&gt;create_publisher&lt;px4_msgs::msg::VehicleCommand&gt;(vehicle_command_topic_, 10);
+    offboard_mode_pub_ = this-&gt;create_publisher&lt;px4_msgs::msg::OffboardControlMode&gt;(
+      offboard_mode_topic_, 10);
+    trajectory_setpoint_pub_ = this-&gt;create_publisher&lt;px4_msgs::msg::TrajectorySetpoint&gt;(
+      trajectory_setpoint_topic_, 10);
+    vehicle_command_pub_ = this-&gt;create_publisher&lt;px4_msgs::msg::VehicleCommand&gt;(
+      vehicle_command_topic_, 10);
@@ -180 +194,2 @@
-      [this](const px4_msgs::msg::VehicleStatus::SharedPtr msg)
+      [this](
+        const px4_msgs::msg::VehicleStatus::SharedPtr msg)
@@ -226,2 +241,4 @@
-      trajectory_topic_.c_str(), pose_topic_.c_str(), velocity_body_topic_.c_str(), state_topic_.c_str(),
-      takeoff_service_.c_str(), hold_service_.c_str(), land_service_.c_str(), auto_enable_service_.c_str());
+      trajectory_topic_.c_str(), pose_topic_.c_str(),
+      velocity_body_topic_.c_str(), state_topic_.c_str(),
+      takeoff_service_.c_str(), hold_service_.c_str(),
+      land_service_.c_str(), auto_enable_service_.c_str());
@@ -256 +273,3 @@
-      RCLCPP_INFO(this-&gt;get_logger(), "control mode -&gt; %s (%s)", modeName(mode_tracker_.mode()), reason);
+      RCLCPP_INFO(
+        this-&gt;get_logger(), "control mode -&gt; %s (%s)", modeName(
+          mode_tracker_.mode()), reason);
@@ -282 +301,3 @@
-    RCLCPP_WARN_THROTTLE(this-&gt;get_logger(), *this-&gt;get_clock(), 2000, "waiting for valid timestamp before %s", context);
+    RCLCPP_WARN_THROTTLE(
+      this-&gt;get_logger(),
+      *this-&gt;get_clock(), 2000, "waiting for valid timestamp before %s", context);
@@ -326 +347,3 @@
-      publishVehicleCommand(px4_msgs::msg::VehicleCommand::VEHICLE_CMD_COMPONENT_ARM_DISARM, 1.0f, 0.0f);
+      publishVehicleCommand(
+        px4_msgs::msg::VehicleCommand::VEHICLE_CMD_COMPONENT_ARM_DISARM, 1.0f,
+        0.0f);
@@ -351 +374,2 @@
-    std::array&lt;float, 3&gt; acceleration_ned = {acceleration_enu[1], acceleration_enu[0], -acceleration_enu[2]};
+    std::array&lt;float,
+      3&gt; acceleration_ned = {acceleration_enu[1], acceleration_enu[0], -acceleration_enu[2]};
@@ -503 +527,3 @@
-      message = mode_tracker_.mode() == UavControlMode::Landing ? "cannot enable auto while landing" : "no trajectory command available";
+      message = mode_tracker_.mode() ==
+        UavControlMode::Landing ? "cannot enable auto while landing" :
+        "no trajectory command available";
@@ -537 +563,3 @@
-    publishPositionSetpoint(hold_target_position_enu_, hold_target_yaw_enu_, {0.0f, 0.0f, 0.0f}, {0.0f, 0.0f, 0.0f});
+    publishPositionSetpoint(
+      hold_target_position_enu_, hold_target_yaw_enu_, {0.0f, 0.0f, 0.0f},
+      {0.0f, 0.0f, 0.0f});

Code style divergence in file 'src/uav_state_bridge_logic.cpp':

--- src/uav_state_bridge_logic.cpp
+++ src/uav_state_bridge_logic.cpp.uncrustify
@@ -210 +210,3 @@
-  if (!resolved.position_valid &amp;&amp; local_position.has_value() &amp;&amp; hasValidLocalPosition(*local_position)) {
+  if (!resolved.position_valid &amp;&amp; local_position.has_value() &amp;&amp;
+    hasValidLocalPosition(*local_position))
+  {
@@ -219 +221 @@
-      std::isfinite(static_cast&lt;double&gt;(local_position-&gt;heading)))
+    std::isfinite(static_cast&lt;double&gt;(local_position-&gt;heading)))
@@ -233,5 +235,9 @@
-      resolved.linear_velocity_body_flu_mps = velocityNedToBodyFlu(vehicle_odometry-&gt;velocity, orientation_q_ned_frd);
-    }
-  }
-
-  if (!resolved.linear_velocity_valid &amp;&amp; local_position.has_value() &amp;&amp; hasValidLocalVelocity(*local_position) &amp;&amp; has_orientation_q) {
+      resolved.linear_velocity_body_flu_mps = velocityNedToBodyFlu(
+        vehicle_odometry-&gt;velocity,
+        orientation_q_ned_frd);
+    }
+  }
+
+  if (!resolved.linear_velocity_valid &amp;&amp; local_position.has_value() &amp;&amp;
+    hasValidLocalVelocity(*local_position) &amp;&amp; has_orientation_q)
+  {

Code style divergence in file 'src/uav_state_bridge_node.cpp':

--- src/uav_state_bridge_node.cpp
+++ src/uav_state_bridge_node.cpp.uncrustify
@@ -28 +28,3 @@
-    this-&gt;declare_parameter&lt;std::string&gt;("vehicle_local_position_topic", "/uav/fmu/out/vehicle_local_position");
+    this-&gt;declare_parameter&lt;std::string&gt;(
+      "vehicle_local_position_topic",
+      "/uav/fmu/out/vehicle_local_position");

20 files with code style divergence
No code style divergence in file 'include/uav_bridge/px4_commander.hpp'

No code style divergence in file 'include/uav_bridge/px4_odom_adapter_logic.hpp'

No code style divergence in file 'include/uav_bridge/uav_control_logic.hpp'

No code style divergence in file 'include/uav_bridge/uav_state_bridge_logic.hpp'

No code style divergence in file 'src/px4_commander.cpp'

No code style divergence in file 'test/test_px4_odom_adapter_logic.cpp'

No code style divergence in file 'test/test_uav_control_logic.cpp'

No code style divergence in file 'test/test_uav_state_bridge_logic.cpp'

-- run_test.py: return code 1
-- run_test.py: verify result file '/home/th1rt3en/DOCO/ws/build_rework/uav_bridge/test_results/uav_bridge/uncrustify.xunit.xml'
</Value>
				</Measurement>
			</Results>
			<Labels>
				<Label>linter</Label>
				<Label>uncrustify</Label>
			</Labels>
		</Test>
		<Test Status="failed">
			<Name>xmllint</Name>
			<Path>.</Path>
			<FullName>./xmllint</FullName>
			<FullCommandLine>/usr/bin/python3 "-u" "/opt/ros/humble/share/ament_cmake_test/cmake/run_test.py" "/home/th1rt3en/DOCO/ws/build_rework/uav_bridge/test_results/uav_bridge/xmllint.xunit.xml" "--package-name" "uav_bridge" "--output-file" "/home/th1rt3en/DOCO/ws/build_rework/uav_bridge/ament_xmllint/xmllint.txt" "--command" "/opt/ros/humble/bin/ament_xmllint" "--xunit-file" "/home/th1rt3en/DOCO/ws/build_rework/uav_bridge/test_results/uav_bridge/xmllint.xunit.xml"</FullCommandLine>
			<Results>
				<NamedMeasurement type="text/string" name="Exit Code">
					<Value>Failed</Value>
				</NamedMeasurement>
				<NamedMeasurement type="text/string" name="Exit Value">
					<Value>1</Value>
				</NamedMeasurement>
				<NamedMeasurement type="numeric/double" name="Execution Time">
					<Value>5.47721</Value>
				</NamedMeasurement>
				<NamedMeasurement type="numeric/double" name="Processors">
					<Value>1</Value>
				</NamedMeasurement>
				<NamedMeasurement type="text/string" name="Completion Status">
					<Value>Completed</Value>
				</NamedMeasurement>
				<NamedMeasurement type="text/string" name="Command Line">
					<Value>/usr/bin/python3 "-u" "/opt/ros/humble/share/ament_cmake_test/cmake/run_test.py" "/home/th1rt3en/DOCO/ws/build_rework/uav_bridge/test_results/uav_bridge/xmllint.xunit.xml" "--package-name" "uav_bridge" "--output-file" "/home/th1rt3en/DOCO/ws/build_rework/uav_bridge/ament_xmllint/xmllint.txt" "--command" "/opt/ros/humble/bin/ament_xmllint" "--xunit-file" "/home/th1rt3en/DOCO/ws/build_rework/uav_bridge/test_results/uav_bridge/xmllint.xunit.xml"</Value>
				</NamedMeasurement>
				<NamedMeasurement type="text/string" name="Environment">
					<Value>#CTEST_RESOURCE_GROUP_COUNT=</Value>
				</NamedMeasurement>
				<Measurement>
					<Value>-- run_test.py: invoking following command in '/home/th1rt3en/DOCO/ws/src/uav_bridge':
 - /opt/ros/humble/bin/ament_xmllint --xunit-file /home/th1rt3en/DOCO/ws/build_rework/uav_bridge/test_results/uav_bridge/xmllint.xunit.xml
File 'package.xml' is invalid:
warning: failed to load external entity "http://download.ros.org/schema/package_format3.xsd"
Schemas parser error : Failed to locate the main schema resource at 'http://download.ros.org/schema/package_format3.xsd'.
WXS schema http://download.ros.org/schema/package_format3.xsd failed to compile

1 files are invalid
-- run_test.py: return code 1
-- run_test.py: verify result file '/home/th1rt3en/DOCO/ws/build_rework/uav_bridge/test_results/uav_bridge/xmllint.xunit.xml'
</Value>
				</Measurement>
			</Results>
			<Labels>
				<Label>linter</Label>
				<Label>xmllint</Label>
			</Labels>
		</Test>
		<EndDateTime>Mar 12 15:33 CST</EndDateTime>
		<EndTestTime>1773300812</EndTestTime>
		<ElapsedMinutes>0</ElapsedMinutes>
	</Testing>
</Site>
